16:37:23 start logging
16:37:26 Velocity models: cp; (10, 384, 384)
16:37:26 start end to end training data generation, amount of data to generate: 10
16:37:26 sample: 0
16:38:17 sample: 1
16:38:24 start logging
16:38:24 Velocity models: hf; (10, 384, 384)
16:38:24 start end to end training data generation, amount of data to generate: 10
16:38:24 sample: 0
16:39:10 sample: 1
16:39:26 start logging
16:39:26 Velocity models: hf; (10, 384, 384)
16:39:26 start end to end training data generation, amount of data to generate: 10
16:39:26 sample: 0
16:40:12 sample: 1
16:40:59 sample: 2
16:41:35 start logging
16:41:38 Velocity models: bp_m; (10, 384, 384)
16:41:38 start end to end training data generation, amount of data to generate: 10
16:41:38 sample: 0
16:42:24 sample: 1
16:42:49 start logging
16:42:51 Velocity models: bp_m; (10, 384, 384)
16:42:51 start end to end training data generation, amount of data to generate: 10
16:42:51 sample: 0
16:43:40 sample: 1
16:43:58 start logging
16:44:00 Velocity models: bp_m; (10, 384, 384)
16:44:00 start end to end training data generation, amount of data to generate: 10
16:44:00 sample: 0
16:44:12 start logging
16:44:14 Velocity models: bp_m; (10, 384, 384)
16:44:14 start end to end training data generation, amount of data to generate: 10
16:44:14 sample: 0
16:44:38 start logging
16:44:40 Velocity models: bp_m; (10, 384, 384)
16:44:40 start end to end training data generation, amount of data to generate: 10
16:44:40 sample: 0
16:44:51 start logging
16:44:52 Velocity models: bp_m; (10, 384, 384)
16:44:52 start end to end training data generation, amount of data to generate: 10
16:44:52 sample: 0
16:45:00 start logging
16:45:01 Velocity models: bp_m; (10, 384, 384)
16:45:01 start end to end training data generation, amount of data to generate: 10
16:45:01 sample: 0
16:45:09 start logging
16:45:10 Velocity models: bp_m; (10, 384, 384)
16:45:10 start end to end training data generation, amount of data to generate: 10
16:45:10 sample: 0
16:45:58 sample: 1
16:46:30 start logging
16:46:32 Velocity models: bp_m; (10, 384, 384)
16:46:32 start end to end training data generation, amount of data to generate: 10
16:46:32 sample: 0
16:47:17 sample: 1
16:48:14 start logging
16:48:16 Velocity models: bp_m; (10, 384, 384)
16:48:16 start end to end training data generation, amount of data to generate: 10
16:48:16 sample: 0
16:48:46 start logging
16:49:01 Velocity models: bp_m; (10, 768, 768)
16:49:01 start end to end training data generation, amount of data to generate: 10
16:49:01 sample: 0
17:08:08 start logging
17:08:34 start logging
17:11:16 start logging
17:11:24 Velocity models: diag__3l__cp__hf__bp_m; (10, 512, 512)
17:11:24 start end to end training data generation, amount of data to generate: 10
17:11:24 sample: 0
17:11:55 start logging
17:11:57 Velocity models: diag__3l__cp__hf__bp_m; (10, 256, 256)
17:11:57 start end to end training data generation, amount of data to generate: 10
17:11:57 sample: 0
17:12:24 sample: 1
17:12:50 sample: 2
17:13:18 sample: 3
17:14:10 sample: 4
17:15:05 sample: 5
17:16:00 sample: 6
17:16:53 sample: 7
17:17:55 sample: 8
17:47:52 sample: 9
