/work/09080/lkaiser/maverick2/run_1/bash_scripts
c228-104.maverick2.tacc.utexas.edu
Mon Oct 24 13:02:32 CDT 2022
start training tiramisu 128
gpu available: True | n of gpus: 2
setting up data
total number of data points: 10000
2022-10-24 13:05:41.680906 epoch 1: loss: 0.02640 | coarse loss: 0.02118
/home1/09080/lkaiser/.local/lib/python3.6/site-packages/torch/nn/functional.py:3635: UserWarning: Default upsampling behavior when mode=bilinear is changed to align_corners=False since 0.4.0. Please specify align_corners=True if the old behavior is desired. See the documentation of nn.Upsample for details.
  "See the documentation of nn.Upsample for details.".format(mode)
/home1/09080/lkaiser/.local/lib/python3.6/site-packages/torch/nn/functional.py:3509: UserWarning: nn.functional.upsample is deprecated. Use nn.functional.interpolate instead.
  warnings.warn("nn.functional.upsample is deprecated. Use nn.functional.interpolate instead.")
2022-10-24 13:08:20.490638 epoch 2: loss: 0.01828 | coarse loss: 0.02118
2022-10-24 13:10:59.770552 epoch 3: loss: 0.01709 | coarse loss: 0.02118
2022-10-24 13:13:38.546112 epoch 4: loss: 0.01569 | coarse loss: 0.02118
2022-10-24 13:16:17.677941 epoch 5: loss: 0.01485 | coarse loss: 0.02118
2022-10-24 13:18:57.045823 epoch 6: loss: 0.01442 | coarse loss: 0.02118
2022-10-24 13:21:36.367572 epoch 7: loss: 0.01404 | coarse loss: 0.02118
2022-10-24 13:24:15.233376 epoch 8: loss: 0.01386 | coarse loss: 0.02118
2022-10-24 13:26:54.480293 epoch 9: loss: 0.01367 | coarse loss: 0.02118
2022-10-24 13:29:33.652902 epoch 10: loss: 0.01352 | coarse loss: 0.02118
2022-10-24 13:32:13.084360 epoch 11: loss: 0.01340 | coarse loss: 0.02118
2022-10-24 13:34:51.847664 epoch 12: loss: 0.01314 | coarse loss: 0.02118
2022-10-24 13:37:30.538346 epoch 13: loss: 0.01273 | coarse loss: 0.02118
2022-10-24 13:40:09.287842 epoch 14: loss: 0.01208 | coarse loss: 0.02118
2022-10-24 13:42:48.839214 epoch 15: loss: 0.01182 | coarse loss: 0.02118
2022-10-24 13:45:27.650831 epoch 16: loss: 0.01148 | coarse loss: 0.02118
2022-10-24 13:48:06.497337 epoch 17: loss: 0.01106 | coarse loss: 0.02118
2022-10-24 13:50:45.203854 epoch 18: loss: 0.01079 | coarse loss: 0.02118
2022-10-24 13:53:24.316842 epoch 19: loss: 0.01059 | coarse loss: 0.02118
2022-10-24 13:56:03.123149 epoch 20: loss: 0.01052 | coarse loss: 0.02118
2022-10-24 13:58:41.941100 epoch 21: loss: 0.01036 | coarse loss: 0.02118
2022-10-24 14:01:20.893759 epoch 22: loss: 0.01020 | coarse loss: 0.02118
2022-10-24 14:04:00.273009 epoch 23: loss: 0.01011 | coarse loss: 0.02118
2022-10-24 14:06:39.244040 epoch 24: loss: 0.00989 | coarse loss: 0.02118
2022-10-24 14:09:18.035791 epoch 25: loss: 0.00984 | coarse loss: 0.02118
2022-10-24 14:11:57.620525 epoch 26: loss: 0.00972 | coarse loss: 0.02118
2022-10-24 14:14:36.853221 epoch 27: loss: 0.00976 | coarse loss: 0.02118
2022-10-24 14:17:15.879492 epoch 28: loss: 0.00960 | coarse loss: 0.02118
2022-10-24 14:19:54.635782 epoch 29: loss: 0.00961 | coarse loss: 0.02118
2022-10-24 14:22:33.967704 epoch 30: loss: 0.00949 | coarse loss: 0.02118
2022-10-24 14:25:12.567619 epoch 31: loss: 0.00956 | coarse loss: 0.02118
2022-10-24 14:27:51.950515 epoch 32: loss: 0.00942 | coarse loss: 0.02118
2022-10-24 14:30:30.773713 epoch 33: loss: 0.00931 | coarse loss: 0.02118
2022-10-24 14:33:10.225279 epoch 34: loss: 0.00928 | coarse loss: 0.02118
2022-10-24 14:35:48.904165 epoch 35: loss: 0.00920 | coarse loss: 0.02118
2022-10-24 14:38:27.531528 epoch 36: loss: 0.00921 | coarse loss: 0.02118
2022-10-24 14:41:06.951018 epoch 37: loss: 0.00912 | coarse loss: 0.02118
2022-10-24 14:43:45.978682 epoch 38: loss: 0.00899 | coarse loss: 0.02118
2022-10-24 14:46:25.242866 epoch 39: loss: 0.00908 | coarse loss: 0.02118
2022-10-24 14:49:04.360090 epoch 40: loss: 0.00905 | coarse loss: 0.02118
2022-10-24 14:51:43.358574 epoch 41: loss: 0.00894 | coarse loss: 0.02118
2022-10-24 14:54:22.329693 epoch 42: loss: 0.00898 | coarse loss: 0.02118
2022-10-24 14:57:01.037959 epoch 43: loss: 0.00880 | coarse loss: 0.02118
2022-10-24 14:59:39.654760 epoch 44: loss: 0.00890 | coarse loss: 0.02118
2022-10-24 15:02:18.484292 epoch 45: loss: 0.00885 | coarse loss: 0.02118
2022-10-24 15:04:57.192007 epoch 46: loss: 0.00875 | coarse loss: 0.02118
2022-10-24 15:07:35.858851 epoch 47: loss: 0.00885 | coarse loss: 0.02118
2022-10-24 15:10:15.616611 epoch 48: loss: 0.00867 | coarse loss: 0.02118
2022-10-24 15:12:54.442047 epoch 49: loss: 0.00878 | coarse loss: 0.02118
2022-10-24 15:15:33.155927 epoch 50: loss: 0.00858 | coarse loss: 0.02118
2022-10-24 15:18:11.790872 epoch 51: loss: 0.00874 | coarse loss: 0.02118
2022-10-24 15:20:51.001139 epoch 52: loss: 0.00862 | coarse loss: 0.02118
2022-10-24 15:23:29.670903 epoch 53: loss: 0.00861 | coarse loss: 0.02118
2022-10-24 15:26:09.098661 epoch 54: loss: 0.00861 | coarse loss: 0.02118
2022-10-24 15:28:47.815799 epoch 55: loss: 0.00860 | coarse loss: 0.02118
2022-10-24 15:31:26.472744 epoch 56: loss: 0.00857 | coarse loss: 0.02118
2022-10-24 15:34:05.814195 epoch 57: loss: 0.00845 | coarse loss: 0.02118
2022-10-24 15:36:45.230703 epoch 58: loss: 0.00847 | coarse loss: 0.02118
2022-10-24 15:39:23.948802 epoch 59: loss: 0.00849 | coarse loss: 0.02118
2022-10-24 15:42:02.844047 epoch 60: loss: 0.00856 | coarse loss: 0.02118
2022-10-24 15:44:42.078360 epoch 61: loss: 0.00853 | coarse loss: 0.02118
2022-10-24 15:47:21.345238 epoch 62: loss: 0.00838 | coarse loss: 0.02118
2022-10-24 15:49:59.990805 epoch 63: loss: 0.00843 | coarse loss: 0.02118
2022-10-24 15:52:38.684110 epoch 64: loss: 0.00837 | coarse loss: 0.02118
2022-10-24 15:55:18.020460 epoch 65: loss: 0.00843 | coarse loss: 0.02118
2022-10-24 15:57:56.732614 epoch 66: loss: 0.00833 | coarse loss: 0.02118
2022-10-24 16:00:35.416401 epoch 67: loss: 0.00837 | coarse loss: 0.02118
2022-10-24 16:03:14.067608 epoch 68: loss: 0.00831 | coarse loss: 0.02118
2022-10-24 16:05:52.789812 epoch 69: loss: 0.00834 | coarse loss: 0.02118
2022-10-24 16:08:31.502819 epoch 70: loss: 0.00830 | coarse loss: 0.02118
2022-10-24 16:11:10.236177 epoch 71: loss: 0.00839 | coarse loss: 0.02118
2022-10-24 16:13:48.988265 epoch 72: loss: 0.00829 | coarse loss: 0.02118
2022-10-24 16:16:27.716658 epoch 73: loss: 0.00825 | coarse loss: 0.02118
2022-10-24 16:19:06.357788 epoch 74: loss: 0.00826 | coarse loss: 0.02118
2022-10-24 16:21:45.856249 epoch 75: loss: 0.00838 | coarse loss: 0.02118
2022-10-24 16:24:24.694860 epoch 76: loss: 0.00823 | coarse loss: 0.02118
2022-10-24 16:27:04.049350 epoch 77: loss: 0.00815 | coarse loss: 0.02118
2022-10-24 16:29:43.543131 epoch 78: loss: 0.00827 | coarse loss: 0.02118
2022-10-24 16:32:23.033912 epoch 79: loss: 0.00828 | coarse loss: 0.02118
2022-10-24 16:35:01.927876 epoch 80: loss: 0.00818 | coarse loss: 0.02118
2022-10-24 16:37:41.506641 epoch 81: loss: 0.00821 | coarse loss: 0.02118
2022-10-24 16:40:21.056530 epoch 82: loss: 0.00813 | coarse loss: 0.02118
2022-10-24 16:43:00.726245 epoch 83: loss: 0.00815 | coarse loss: 0.02118
2022-10-24 16:45:39.792194 epoch 84: loss: 0.00813 | coarse loss: 0.02118
2022-10-24 16:48:18.455571 epoch 85: loss: 0.00811 | coarse loss: 0.02118
2022-10-24 16:50:57.905587 epoch 86: loss: 0.00826 | coarse loss: 0.02118
2022-10-24 16:53:37.223979 epoch 87: loss: 0.00806 | coarse loss: 0.02118
2022-10-24 16:56:15.926621 epoch 88: loss: 0.00805 | coarse loss: 0.02118
2022-10-24 16:58:54.609020 epoch 89: loss: 0.00813 | coarse loss: 0.02118
2022-10-24 17:01:34.089284 epoch 90: loss: 0.00808 | coarse loss: 0.02118
2022-10-24 17:04:12.831761 epoch 91: loss: 0.00819 | coarse loss: 0.02118
2022-10-24 17:06:51.518765 epoch 92: loss: 0.00804 | coarse loss: 0.02118
2022-10-24 17:09:30.308718 epoch 93: loss: 0.00800 | coarse loss: 0.02118
2022-10-24 17:12:09.133891 epoch 94: loss: 0.00804 | coarse loss: 0.02118
2022-10-24 17:14:48.064036 epoch 95: loss: 0.00802 | coarse loss: 0.02118
2022-10-24 17:17:26.994994 epoch 96: loss: 0.00805 | coarse loss: 0.02118
2022-10-24 17:20:06.037861 epoch 97: loss: 0.00805 | coarse loss: 0.02118
2022-10-24 17:22:44.637791 epoch 98: loss: 0.00808 | coarse loss: 0.02118
2022-10-24 17:25:23.620880 epoch 99: loss: 0.00795 | coarse loss: 0.02118
2022-10-24 17:28:02.244278 epoch 100: loss: 0.00798 | coarse loss: 0.02118
2022-10-24 17:30:40.887715 epoch 101: loss: 0.00808 | coarse loss: 0.02118
2022-10-24 17:33:19.603929 epoch 102: loss: 0.00804 | coarse loss: 0.02118
2022-10-24 17:35:58.937942 epoch 103: loss: 0.00793 | coarse loss: 0.02118
2022-10-24 17:38:37.722021 epoch 104: loss: 0.00797 | coarse loss: 0.02118
2022-10-24 17:41:16.667599 epoch 105: loss: 0.00810 | coarse loss: 0.02118
2022-10-24 17:43:55.742217 epoch 106: loss: 0.00796 | coarse loss: 0.02118
2022-10-24 17:46:34.743750 epoch 107: loss: 0.00787 | coarse loss: 0.02118
2022-10-24 17:49:13.544099 epoch 108: loss: 0.00817 | coarse loss: 0.02118
2022-10-24 17:51:52.218899 epoch 109: loss: 0.00787 | coarse loss: 0.02118
2022-10-24 17:54:30.855097 epoch 110: loss: 0.00789 | coarse loss: 0.02118
2022-10-24 17:57:09.488313 epoch 111: loss: 0.00789 | coarse loss: 0.02118
2022-10-24 17:59:48.336750 epoch 112: loss: 0.00791 | coarse loss: 0.02118
2022-10-24 18:02:27.005556 epoch 113: loss: 0.00795 | coarse loss: 0.02118
2022-10-24 18:05:05.696669 epoch 114: loss: 0.00790 | coarse loss: 0.02118
2022-10-24 18:07:44.694926 epoch 115: loss: 0.00794 | coarse loss: 0.02118
2022-10-24 18:10:23.940017 epoch 116: loss: 0.00798 | coarse loss: 0.02118
2022-10-24 18:13:02.702411 epoch 117: loss: 0.00792 | coarse loss: 0.02118
2022-10-24 18:15:41.758836 epoch 118: loss: 0.00788 | coarse loss: 0.02118
2022-10-24 18:18:20.524498 epoch 119: loss: 0.00788 | coarse loss: 0.02118
2022-10-24 18:20:59.196184 epoch 120: loss: 0.00790 | coarse loss: 0.02118
2022-10-24 18:23:37.818835 epoch 121: loss: 0.00786 | coarse loss: 0.02118
2022-10-24 18:26:17.115826 epoch 122: loss: 0.00789 | coarse loss: 0.02118
2022-10-24 18:28:56.080799 epoch 123: loss: 0.00796 | coarse loss: 0.02118
2022-10-24 18:31:35.260797 epoch 124: loss: 0.00790 | coarse loss: 0.02118
2022-10-24 18:34:14.504071 epoch 125: loss: 0.00783 | coarse loss: 0.02118
2022-10-24 18:36:53.638519 epoch 126: loss: 0.00780 | coarse loss: 0.02118
2022-10-24 18:39:32.670715 epoch 127: loss: 0.00785 | coarse loss: 0.02118
2022-10-24 18:42:11.563374 epoch 128: loss: 0.00783 | coarse loss: 0.02118
2022-10-24 18:44:50.714657 epoch 129: loss: 0.00786 | coarse loss: 0.02118
2022-10-24 18:47:29.809750 epoch 130: loss: 0.00780 | coarse loss: 0.02118
2022-10-24 18:50:08.592322 epoch 131: loss: 0.00788 | coarse loss: 0.02118
2022-10-24 18:52:47.239201 epoch 132: loss: 0.00789 | coarse loss: 0.02118
2022-10-24 18:55:26.780902 epoch 133: loss: 0.00781 | coarse loss: 0.02118
2022-10-24 18:58:05.632546 epoch 134: loss: 0.00786 | coarse loss: 0.02118
2022-10-24 19:00:44.214899 epoch 135: loss: 0.00783 | coarse loss: 0.02118
2022-10-24 19:03:23.605090 epoch 136: loss: 0.00776 | coarse loss: 0.02118
2022-10-24 19:06:02.884954 epoch 137: loss: 0.00777 | coarse loss: 0.02118
2022-10-24 19:08:41.614084 epoch 138: loss: 0.00776 | coarse loss: 0.02118
2022-10-24 19:11:20.230412 epoch 139: loss: 0.00773 | coarse loss: 0.02118
2022-10-24 19:13:59.413855 epoch 140: loss: 0.00778 | coarse loss: 0.02118
2022-10-24 19:16:38.165614 epoch 141: loss: 0.00779 | coarse loss: 0.02118
2022-10-24 19:19:16.820802 epoch 142: loss: 0.00784 | coarse loss: 0.02118
2022-10-24 19:21:55.653642 epoch 143: loss: 0.00775 | coarse loss: 0.02118
2022-10-24 19:24:34.330993 epoch 144: loss: 0.00784 | coarse loss: 0.02118
2022-10-24 19:27:14.192092 epoch 145: loss: 0.00778 | coarse loss: 0.02118
2022-10-24 19:29:53.549323 epoch 146: loss: 0.00775 | coarse loss: 0.02118
2022-10-24 19:32:32.811973 epoch 147: loss: 0.00772 | coarse loss: 0.02118
2022-10-24 19:35:11.573566 epoch 148: loss: 0.00778 | coarse loss: 0.02118
2022-10-24 19:37:50.724384 epoch 149: loss: 0.00779 | coarse loss: 0.02118
2022-10-24 19:40:29.454008 epoch 150: loss: 0.00778 | coarse loss: 0.02118
2022-10-24 19:43:08.887654 epoch 151: loss: 0.00778 | coarse loss: 0.02118
2022-10-24 19:45:48.541088 epoch 152: loss: 0.00772 | coarse loss: 0.02118
2022-10-24 19:48:28.118659 epoch 153: loss: 0.00771 | coarse loss: 0.02118
2022-10-24 19:51:07.890921 epoch 154: loss: 0.00773 | coarse loss: 0.02118
2022-10-24 19:53:47.250158 epoch 155: loss: 0.00777 | coarse loss: 0.02118
2022-10-24 19:56:26.438268 epoch 156: loss: 0.00773 | coarse loss: 0.02118
2022-10-24 19:59:05.617698 epoch 157: loss: 0.00772 | coarse loss: 0.02118
2022-10-24 20:01:44.572517 epoch 158: loss: 0.00772 | coarse loss: 0.02118
2022-10-24 20:04:23.436352 epoch 159: loss: 0.00774 | coarse loss: 0.02118
2022-10-24 20:07:02.318850 epoch 160: loss: 0.00767 | coarse loss: 0.02118
2022-10-24 20:09:41.360911 epoch 161: loss: 0.00771 | coarse loss: 0.02118
2022-10-24 20:12:20.763329 epoch 162: loss: 0.00778 | coarse loss: 0.02118
2022-10-24 20:14:59.566099 epoch 163: loss: 0.00770 | coarse loss: 0.02118
2022-10-24 20:17:38.567614 epoch 164: loss: 0.00773 | coarse loss: 0.02118
2022-10-24 20:20:18.161539 epoch 165: loss: 0.00769 | coarse loss: 0.02118
2022-10-24 20:22:56.983387 epoch 166: loss: 0.00766 | coarse loss: 0.02118
2022-10-24 20:25:35.654273 epoch 167: loss: 0.00774 | coarse loss: 0.02118
2022-10-24 20:28:15.020550 epoch 168: loss: 0.00768 | coarse loss: 0.02118
2022-10-24 20:30:54.530408 epoch 169: loss: 0.00777 | coarse loss: 0.02118
2022-10-24 20:33:34.139013 epoch 170: loss: 0.00775 | coarse loss: 0.02118
2022-10-24 20:36:12.891971 epoch 171: loss: 0.00761 | coarse loss: 0.02118
2022-10-24 20:38:52.202081 epoch 172: loss: 0.00766 | coarse loss: 0.02118
2022-10-24 20:41:31.602617 epoch 173: loss: 0.00765 | coarse loss: 0.02118
2022-10-24 20:44:10.813098 epoch 174: loss: 0.00765 | coarse loss: 0.02118
2022-10-24 20:46:50.063613 epoch 175: loss: 0.00767 | coarse loss: 0.02118
2022-10-24 20:49:28.946479 epoch 176: loss: 0.00768 | coarse loss: 0.02118
2022-10-24 20:52:08.337981 epoch 177: loss: 0.00770 | coarse loss: 0.02118
2022-10-24 20:54:47.204477 epoch 178: loss: 0.00764 | coarse loss: 0.02118
2022-10-24 20:57:26.556181 epoch 179: loss: 0.00772 | coarse loss: 0.02118
2022-10-24 21:00:06.181024 epoch 180: loss: 0.00773 | coarse loss: 0.02118
2022-10-24 21:02:45.326938 epoch 181: loss: 0.00764 | coarse loss: 0.02118
2022-10-24 21:05:24.980356 epoch 182: loss: 0.00760 | coarse loss: 0.02118
2022-10-24 21:08:04.008627 epoch 183: loss: 0.00774 | coarse loss: 0.02118
2022-10-24 21:10:42.726280 epoch 184: loss: 0.00766 | coarse loss: 0.02118
2022-10-24 21:13:21.455704 epoch 185: loss: 0.00769 | coarse loss: 0.02118
2022-10-24 21:16:00.133570 epoch 186: loss: 0.00774 | coarse loss: 0.02118
2022-10-24 21:18:38.889930 epoch 187: loss: 0.00759 | coarse loss: 0.02118
2022-10-24 21:21:18.239385 epoch 188: loss: 0.00762 | coarse loss: 0.02118
2022-10-24 21:23:57.426586 epoch 189: loss: 0.00764 | coarse loss: 0.02118
2022-10-24 21:26:36.726959 epoch 190: loss: 0.00763 | coarse loss: 0.02118
2022-10-24 21:29:16.022525 epoch 191: loss: 0.00763 | coarse loss: 0.02118
2022-10-24 21:31:55.382000 epoch 192: loss: 0.00763 | coarse loss: 0.02118
2022-10-24 21:34:34.221827 epoch 193: loss: 0.00763 | coarse loss: 0.02118
2022-10-24 21:37:13.527376 epoch 194: loss: 0.00761 | coarse loss: 0.02118
2022-10-24 21:39:52.880212 epoch 195: loss: 0.00760 | coarse loss: 0.02118
2022-10-24 21:42:31.735482 epoch 196: loss: 0.00769 | coarse loss: 0.02118
2022-10-24 21:45:10.428747 epoch 197: loss: 0.00764 | coarse loss: 0.02118
2022-10-24 21:48:25.361399 epoch 198: loss: 0.00759 | coarse loss: 0.02118
2022-10-24 21:51:04.813293 epoch 199: loss: 0.00760 | coarse loss: 0.02118
2022-10-24 21:53:44.077388 epoch 200: loss: 0.00760 | coarse loss: 0.02118
2022-10-24 21:56:23.628302 epoch 201: loss: 0.00759 | coarse loss: 0.02118
2022-10-24 21:59:02.948388 epoch 202: loss: 0.00757 | coarse loss: 0.02118
2022-10-24 22:01:41.984052 epoch 203: loss: 0.00763 | coarse loss: 0.02118
2022-10-24 22:04:20.762518 epoch 204: loss: 0.00767 | coarse loss: 0.02118
2022-10-24 22:06:59.476451 epoch 205: loss: 0.00754 | coarse loss: 0.02118
2022-10-24 22:09:38.100777 epoch 206: loss: 0.00758 | coarse loss: 0.02118
2022-10-24 22:12:16.877460 epoch 207: loss: 0.00755 | coarse loss: 0.02118
2022-10-24 22:14:55.686957 epoch 208: loss: 0.00759 | coarse loss: 0.02118
2022-10-24 22:17:34.437910 epoch 209: loss: 0.00765 | coarse loss: 0.02118
2022-10-24 22:20:13.092339 epoch 210: loss: 0.00760 | coarse loss: 0.02118
2022-10-24 22:22:51.826462 epoch 211: loss: 0.00755 | coarse loss: 0.02118
2022-10-24 22:25:31.069887 epoch 212: loss: 0.00766 | coarse loss: 0.02118
2022-10-24 22:28:09.741066 epoch 213: loss: 0.00758 | coarse loss: 0.02118
2022-10-24 22:30:48.471003 epoch 214: loss: 0.00756 | coarse loss: 0.02118
2022-10-24 22:33:27.661945 epoch 215: loss: 0.00756 | coarse loss: 0.02118
2022-10-24 22:36:06.397866 epoch 216: loss: 0.00766 | coarse loss: 0.02118
2022-10-24 22:38:45.027452 epoch 217: loss: 0.00756 | coarse loss: 0.02118
2022-10-24 22:41:23.865472 epoch 218: loss: 0.00758 | coarse loss: 0.02118
2022-10-24 22:44:02.692994 epoch 219: loss: 0.00761 | coarse loss: 0.02118
2022-10-24 22:46:41.482553 epoch 220: loss: 0.00753 | coarse loss: 0.02118
2022-10-24 22:49:20.198519 epoch 221: loss: 0.00754 | coarse loss: 0.02118
2022-10-24 22:51:59.775635 epoch 222: loss: 0.00763 | coarse loss: 0.02118
2022-10-24 22:54:38.643366 epoch 223: loss: 0.00754 | coarse loss: 0.02118
2022-10-24 22:57:17.332689 epoch 224: loss: 0.00756 | coarse loss: 0.02118
2022-10-24 22:59:56.706009 epoch 225: loss: 0.00753 | coarse loss: 0.02118
2022-10-24 23:02:35.546336 epoch 226: loss: 0.00758 | coarse loss: 0.02118
2022-10-24 23:05:14.540166 epoch 227: loss: 0.00755 | coarse loss: 0.02118
2022-10-24 23:07:53.233889 epoch 228: loss: 0.00759 | coarse loss: 0.02118
2022-10-24 23:10:32.606924 epoch 229: loss: 0.00753 | coarse loss: 0.02118
2022-10-24 23:13:11.393812 epoch 230: loss: 0.00758 | coarse loss: 0.02118
2022-10-24 23:15:50.154866 epoch 231: loss: 0.00756 | coarse loss: 0.02118
2022-10-24 23:18:28.826574 epoch 232: loss: 0.00754 | coarse loss: 0.02118
2022-10-24 23:21:08.152805 epoch 233: loss: 0.00755 | coarse loss: 0.02118
2022-10-24 23:23:47.313959 epoch 234: loss: 0.00759 | coarse loss: 0.02118
2022-10-24 23:26:26.571220 epoch 235: loss: 0.00757 | coarse loss: 0.02118
2022-10-24 23:29:05.500073 epoch 236: loss: 0.00749 | coarse loss: 0.02118
2022-10-24 23:31:44.317075 epoch 237: loss: 0.00751 | coarse loss: 0.02118
2022-10-24 23:34:23.384602 epoch 238: loss: 0.00753 | coarse loss: 0.02118
2022-10-24 23:37:02.107876 epoch 239: loss: 0.00753 | coarse loss: 0.02118
2022-10-24 23:39:40.879554 epoch 240: loss: 0.00750 | coarse loss: 0.02118
2022-10-24 23:42:19.808028 epoch 241: loss: 0.00757 | coarse loss: 0.02118
2022-10-24 23:44:58.520266 epoch 242: loss: 0.00757 | coarse loss: 0.02118
2022-10-24 23:47:37.111736 epoch 243: loss: 0.00751 | coarse loss: 0.02118
2022-10-24 23:50:16.008291 epoch 244: loss: 0.00748 | coarse loss: 0.02118
2022-10-24 23:52:54.739665 epoch 245: loss: 0.00756 | coarse loss: 0.02118
2022-10-24 23:55:33.404057 epoch 246: loss: 0.00760 | coarse loss: 0.02118
2022-10-24 23:58:12.094162 epoch 247: loss: 0.00753 | coarse loss: 0.02118
2022-10-25 00:00:50.730339 epoch 248: loss: 0.00752 | coarse loss: 0.02118
2022-10-25 00:03:29.727709 epoch 249: loss: 0.00753 | coarse loss: 0.02118
2022-10-25 00:06:08.549202 epoch 250: loss: 0.00751 | coarse loss: 0.02118
2022-10-25 00:08:47.585243 epoch 251: loss: 0.00748 | coarse loss: 0.02118
2022-10-25 00:11:26.607891 epoch 252: loss: 0.00758 | coarse loss: 0.02118
2022-10-25 00:14:05.612942 epoch 253: loss: 0.00752 | coarse loss: 0.02118
2022-10-25 00:16:45.053539 epoch 254: loss: 0.00756 | coarse loss: 0.02118
2022-10-25 00:19:24.441473 epoch 255: loss: 0.00750 | coarse loss: 0.02118
2022-10-25 00:22:03.745401 epoch 256: loss: 0.00756 | coarse loss: 0.02118
2022-10-25 00:24:42.816478 epoch 257: loss: 0.00746 | coarse loss: 0.02118
2022-10-25 00:27:21.651743 epoch 258: loss: 0.00754 | coarse loss: 0.02118
2022-10-25 00:30:00.382148 epoch 259: loss: 0.00748 | coarse loss: 0.02118
2022-10-25 00:32:39.106640 epoch 260: loss: 0.00750 | coarse loss: 0.02118
2022-10-25 00:35:18.136271 epoch 261: loss: 0.00749 | coarse loss: 0.02118
2022-10-25 00:37:56.892151 epoch 262: loss: 0.00753 | coarse loss: 0.02118
2022-10-25 00:40:35.538887 epoch 263: loss: 0.00747 | coarse loss: 0.02118
2022-10-25 00:43:14.378712 epoch 264: loss: 0.00760 | coarse loss: 0.02118
2022-10-25 00:45:53.438568 epoch 265: loss: 0.00743 | coarse loss: 0.02118
2022-10-25 00:48:32.113196 epoch 266: loss: 0.00749 | coarse loss: 0.02118
2022-10-25 00:51:10.782213 epoch 267: loss: 0.00745 | coarse loss: 0.02118
2022-10-25 00:53:49.518558 epoch 268: loss: 0.00750 | coarse loss: 0.02118
2022-10-25 00:56:28.820581 epoch 269: loss: 0.00749 | coarse loss: 0.02118
2022-10-25 00:59:07.885301 epoch 270: loss: 0.00749 | coarse loss: 0.02118
2022-10-25 01:01:47.324031 epoch 271: loss: 0.00748 | coarse loss: 0.02118
2022-10-25 01:04:26.753744 epoch 272: loss: 0.00756 | coarse loss: 0.02118
2022-10-25 01:07:06.092504 epoch 273: loss: 0.00749 | coarse loss: 0.02118
2022-10-25 01:09:45.043409 epoch 274: loss: 0.00748 | coarse loss: 0.02118
2022-10-25 01:12:24.491516 epoch 275: loss: 0.00747 | coarse loss: 0.02118
2022-10-25 01:15:03.894815 epoch 276: loss: 0.00747 | coarse loss: 0.02118
2022-10-25 01:17:43.140728 epoch 277: loss: 0.00748 | coarse loss: 0.02118
2022-10-25 01:20:22.204334 epoch 278: loss: 0.00749 | coarse loss: 0.02118
2022-10-25 01:23:01.402278 epoch 279: loss: 0.00750 | coarse loss: 0.02118
2022-10-25 01:25:40.433903 epoch 280: loss: 0.00746 | coarse loss: 0.02118
2022-10-25 01:28:19.169067 epoch 281: loss: 0.00747 | coarse loss: 0.02118
2022-10-25 01:30:58.372633 epoch 282: loss: 0.00753 | coarse loss: 0.02118
2022-10-25 01:33:37.402546 epoch 283: loss: 0.00745 | coarse loss: 0.02118
2022-10-25 01:36:16.779683 epoch 284: loss: 0.00744 | coarse loss: 0.02118
2022-10-25 01:38:56.058003 epoch 285: loss: 0.00750 | coarse loss: 0.02118
2022-10-25 01:41:34.838113 epoch 286: loss: 0.00746 | coarse loss: 0.02118
2022-10-25 01:44:13.860977 epoch 287: loss: 0.00747 | coarse loss: 0.02118
2022-10-25 01:46:53.498692 epoch 288: loss: 0.00747 | coarse loss: 0.02118
2022-10-25 01:49:32.234714 epoch 289: loss: 0.00753 | coarse loss: 0.02118
2022-10-25 01:52:11.645360 epoch 290: loss: 0.00746 | coarse loss: 0.02118
2022-10-25 01:54:51.133604 epoch 291: loss: 0.00746 | coarse loss: 0.02118
2022-10-25 01:57:30.826878 epoch 292: loss: 0.00747 | coarse loss: 0.02118
2022-10-25 02:00:10.084986 epoch 293: loss: 0.00750 | coarse loss: 0.02118
2022-10-25 02:02:49.427870 epoch 294: loss: 0.00743 | coarse loss: 0.02118
2022-10-25 02:05:28.772289 epoch 295: loss: 0.00749 | coarse loss: 0.02118
2022-10-25 02:08:08.096606 epoch 296: loss: 0.00743 | coarse loss: 0.02118
2022-10-25 02:10:47.410990 epoch 297: loss: 0.00741 | coarse loss: 0.02118
2022-10-25 02:13:26.768048 epoch 298: loss: 0.00750 | coarse loss: 0.02118
2022-10-25 02:16:06.296981 epoch 299: loss: 0.00747 | coarse loss: 0.02118
2022-10-25 02:18:45.730600 epoch 300: loss: 0.00747 | coarse loss: 0.02118
2022-10-25 02:21:24.488807 epoch 301: loss: 0.00746 | coarse loss: 0.02118
2022-10-25 02:24:03.365955 epoch 302: loss: 0.00747 | coarse loss: 0.02118
2022-10-25 02:26:42.841151 epoch 303: loss: 0.00744 | coarse loss: 0.02118
2022-10-25 02:29:21.664134 epoch 304: loss: 0.00746 | coarse loss: 0.02118
2022-10-25 02:32:00.403585 epoch 305: loss: 0.00746 | coarse loss: 0.02118
2022-10-25 02:34:39.084170 epoch 306: loss: 0.00747 | coarse loss: 0.02118
2022-10-25 02:37:17.683056 epoch 307: loss: 0.00754 | coarse loss: 0.02118
2022-10-25 02:39:56.416345 epoch 308: loss: 0.00739 | coarse loss: 0.02118
2022-10-25 02:42:35.287968 epoch 309: loss: 0.00745 | coarse loss: 0.02118
2022-10-25 02:45:14.241178 epoch 310: loss: 0.00757 | coarse loss: 0.02118
2022-10-25 02:47:52.858014 epoch 311: loss: 0.00741 | coarse loss: 0.02118
2022-10-25 02:50:32.355358 epoch 312: loss: 0.00744 | coarse loss: 0.02118
2022-10-25 02:53:11.084560 epoch 313: loss: 0.00749 | coarse loss: 0.02118
2022-10-25 02:55:50.457647 epoch 314: loss: 0.00749 | coarse loss: 0.02118
2022-10-25 02:58:29.209989 epoch 315: loss: 0.00745 | coarse loss: 0.02118
2022-10-25 03:01:07.902145 epoch 316: loss: 0.00741 | coarse loss: 0.02118
2022-10-25 03:03:46.514649 epoch 317: loss: 0.00739 | coarse loss: 0.02118
2022-10-25 03:06:25.965499 epoch 318: loss: 0.00748 | coarse loss: 0.02118
2022-10-25 03:09:04.910134 epoch 319: loss: 0.00743 | coarse loss: 0.02118
2022-10-25 03:11:43.735444 epoch 320: loss: 0.00752 | coarse loss: 0.02118
2022-10-25 03:14:22.655865 epoch 321: loss: 0.00738 | coarse loss: 0.02118
2022-10-25 03:17:01.584120 epoch 322: loss: 0.00743 | coarse loss: 0.02118
2022-10-25 03:19:40.849725 epoch 323: loss: 0.00742 | coarse loss: 0.02118
2022-10-25 03:22:19.826201 epoch 324: loss: 0.00743 | coarse loss: 0.02118
2022-10-25 03:24:59.225875 epoch 325: loss: 0.00745 | coarse loss: 0.02118
2022-10-25 03:27:38.637351 epoch 326: loss: 0.00749 | coarse loss: 0.02118
2022-10-25 03:30:18.319477 epoch 327: loss: 0.00738 | coarse loss: 0.02118
2022-10-25 03:32:57.424123 epoch 328: loss: 0.00744 | coarse loss: 0.02118
2022-10-25 03:35:36.539324 epoch 329: loss: 0.00743 | coarse loss: 0.02118
2022-10-25 03:38:16.044411 epoch 330: loss: 0.00743 | coarse loss: 0.02118
2022-10-25 03:40:55.338866 epoch 331: loss: 0.00736 | coarse loss: 0.02118
2022-10-25 03:43:34.620734 epoch 332: loss: 0.00747 | coarse loss: 0.02118
2022-10-25 03:46:13.455266 epoch 333: loss: 0.00739 | coarse loss: 0.02118
2022-10-25 03:48:52.881162 epoch 334: loss: 0.00738 | coarse loss: 0.02118
2022-10-25 03:51:32.166961 epoch 335: loss: 0.00742 | coarse loss: 0.02118
2022-10-25 03:54:11.356922 epoch 336: loss: 0.00747 | coarse loss: 0.02118
2022-10-25 03:56:50.641900 epoch 337: loss: 0.00743 | coarse loss: 0.02118
2022-10-25 03:59:29.459295 epoch 338: loss: 0.00739 | coarse loss: 0.02118
2022-10-25 04:02:09.286944 epoch 339: loss: 0.00741 | coarse loss: 0.02118
2022-10-25 04:04:48.643810 epoch 340: loss: 0.00738 | coarse loss: 0.02118
2022-10-25 04:07:28.136325 epoch 341: loss: 0.00744 | coarse loss: 0.02118
2022-10-25 04:10:06.865672 epoch 342: loss: 0.00743 | coarse loss: 0.02118
2022-10-25 04:12:45.518251 epoch 343: loss: 0.00739 | coarse loss: 0.02118
2022-10-25 04:15:24.318407 epoch 344: loss: 0.00743 | coarse loss: 0.02118
2022-10-25 04:18:03.627259 epoch 345: loss: 0.00742 | coarse loss: 0.02118
2022-10-25 04:20:42.982476 epoch 346: loss: 0.00738 | coarse loss: 0.02118
2022-10-25 04:23:22.289023 epoch 347: loss: 0.00739 | coarse loss: 0.02118
2022-10-25 04:26:01.600832 epoch 348: loss: 0.00747 | coarse loss: 0.02118
2022-10-25 04:28:40.386371 epoch 349: loss: 0.00738 | coarse loss: 0.02118
2022-10-25 04:31:19.658756 epoch 350: loss: 0.00747 | coarse loss: 0.02118
2022-10-25 04:33:59.210786 epoch 351: loss: 0.00740 | coarse loss: 0.02118
2022-10-25 04:36:38.515414 epoch 352: loss: 0.00742 | coarse loss: 0.02118
2022-10-25 04:39:17.759697 epoch 353: loss: 0.00736 | coarse loss: 0.02118
2022-10-25 04:41:57.317243 epoch 354: loss: 0.00736 | coarse loss: 0.02118
2022-10-25 04:44:36.416514 epoch 355: loss: 0.00740 | coarse loss: 0.02118
2022-10-25 04:47:15.131403 epoch 356: loss: 0.00739 | coarse loss: 0.02118
2022-10-25 04:49:54.748107 epoch 357: loss: 0.00744 | coarse loss: 0.02118
2022-10-25 04:52:34.186384 epoch 358: loss: 0.00741 | coarse loss: 0.02118
2022-10-25 04:55:13.550365 epoch 359: loss: 0.00738 | coarse loss: 0.02118
2022-10-25 04:57:52.742300 epoch 360: loss: 0.00743 | coarse loss: 0.02118
2022-10-25 05:00:31.995181 epoch 361: loss: 0.00739 | coarse loss: 0.02118
2022-10-25 05:03:11.289235 epoch 362: loss: 0.00743 | coarse loss: 0.02118
2022-10-25 05:05:50.672335 epoch 363: loss: 0.00739 | coarse loss: 0.02118
2022-10-25 05:08:29.384752 epoch 364: loss: 0.00733 | coarse loss: 0.02118
2022-10-25 05:11:08.825526 epoch 365: loss: 0.00737 | coarse loss: 0.02118
2022-10-25 05:13:48.115918 epoch 366: loss: 0.00741 | coarse loss: 0.02118
2022-10-25 05:16:27.447196 epoch 367: loss: 0.00742 | coarse loss: 0.02118
2022-10-25 05:19:06.518661 epoch 368: loss: 0.00740 | coarse loss: 0.02118
2022-10-25 05:21:45.255354 epoch 369: loss: 0.00737 | coarse loss: 0.02118
2022-10-25 05:24:23.964702 epoch 370: loss: 0.00734 | coarse loss: 0.02118
2022-10-25 05:27:03.277178 epoch 371: loss: 0.00736 | coarse loss: 0.02118
2022-10-25 05:29:41.987603 epoch 372: loss: 0.00738 | coarse loss: 0.02118
2022-10-25 05:32:21.531131 epoch 373: loss: 0.00749 | coarse loss: 0.02118
2022-10-25 05:35:00.313812 epoch 374: loss: 0.00744 | coarse loss: 0.02118
2022-10-25 05:37:39.575036 epoch 375: loss: 0.00734 | coarse loss: 0.02118
2022-10-25 05:40:18.656610 epoch 376: loss: 0.00736 | coarse loss: 0.02118
2022-10-25 05:42:58.167558 epoch 377: loss: 0.00750 | coarse loss: 0.02118
2022-10-25 05:45:36.863624 epoch 378: loss: 0.00737 | coarse loss: 0.02118
2022-10-25 05:48:16.396114 epoch 379: loss: 0.00738 | coarse loss: 0.02118
2022-10-25 05:50:55.471935 epoch 380: loss: 0.00735 | coarse loss: 0.02118
2022-10-25 05:53:34.531216 epoch 381: loss: 0.00738 | coarse loss: 0.02118
2022-10-25 05:56:13.558882 epoch 382: loss: 0.00738 | coarse loss: 0.02118
2022-10-25 05:58:52.481787 epoch 383: loss: 0.00734 | coarse loss: 0.02118
2022-10-25 06:01:32.003861 epoch 384: loss: 0.00735 | coarse loss: 0.02118
2022-10-25 06:04:11.273554 epoch 385: loss: 0.00735 | coarse loss: 0.02118
2022-10-25 06:06:50.142645 epoch 386: loss: 0.00744 | coarse loss: 0.02118
2022-10-25 06:09:28.933525 epoch 387: loss: 0.00738 | coarse loss: 0.02118
2022-10-25 06:12:08.040970 epoch 388: loss: 0.00740 | coarse loss: 0.02118
2022-10-25 06:14:47.320100 epoch 389: loss: 0.00736 | coarse loss: 0.02118
2022-10-25 06:17:26.575506 epoch 390: loss: 0.00738 | coarse loss: 0.02118
2022-10-25 06:20:05.340499 epoch 391: loss: 0.00737 | coarse loss: 0.02118
2022-10-25 06:22:44.649411 epoch 392: loss: 0.00739 | coarse loss: 0.02118
2022-10-25 06:25:23.309030 epoch 393: loss: 0.00735 | coarse loss: 0.02118
2022-10-25 06:28:02.015000 epoch 394: loss: 0.00736 | coarse loss: 0.02118
2022-10-25 06:30:41.469382 epoch 395: loss: 0.00735 | coarse loss: 0.02118
2022-10-25 06:33:20.667994 epoch 396: loss: 0.00735 | coarse loss: 0.02118
2022-10-25 06:36:00.203614 epoch 397: loss: 0.00738 | coarse loss: 0.02118
2022-10-25 06:38:40.038880 epoch 398: loss: 0.00738 | coarse loss: 0.02118
2022-10-25 06:41:19.411269 epoch 399: loss: 0.00737 | coarse loss: 0.02118
2022-10-25 06:43:59.049677 epoch 400: loss: 0.00735 | coarse loss: 0.02118
2022-10-25 06:46:38.451754 epoch 401: loss: 0.00735 | coarse loss: 0.02118
2022-10-25 06:49:17.265848 epoch 402: loss: 0.00737 | coarse loss: 0.02118
2022-10-25 06:51:56.631548 epoch 403: loss: 0.00739 | coarse loss: 0.02118
2022-10-25 06:54:35.977710 epoch 404: loss: 0.00734 | coarse loss: 0.02118
2022-10-25 06:57:15.295797 epoch 405: loss: 0.00735 | coarse loss: 0.02118
2022-10-25 06:59:54.831149 epoch 406: loss: 0.00733 | coarse loss: 0.02118
2022-10-25 07:02:34.054685 epoch 407: loss: 0.00737 | coarse loss: 0.02118
2022-10-25 07:05:12.899238 epoch 408: loss: 0.00734 | coarse loss: 0.02118
2022-10-25 07:07:51.650738 epoch 409: loss: 0.00749 | coarse loss: 0.02118
2022-10-25 07:10:30.750099 epoch 410: loss: 0.00734 | coarse loss: 0.02118
2022-10-25 07:13:09.448324 epoch 411: loss: 0.00734 | coarse loss: 0.02118
2022-10-25 07:15:48.251571 epoch 412: loss: 0.00731 | coarse loss: 0.02118
2022-10-25 07:18:26.973431 epoch 413: loss: 0.00738 | coarse loss: 0.02118
2022-10-25 07:21:05.955921 epoch 414: loss: 0.00733 | coarse loss: 0.02118
2022-10-25 07:23:45.256213 epoch 415: loss: 0.00740 | coarse loss: 0.02118
2022-10-25 07:26:24.016733 epoch 416: loss: 0.00737 | coarse loss: 0.02118
2022-10-25 07:29:03.286916 epoch 417: loss: 0.00733 | coarse loss: 0.02118
2022-10-25 07:31:42.261903 epoch 418: loss: 0.00735 | coarse loss: 0.02118
2022-10-25 07:34:21.081799 epoch 419: loss: 0.00736 | coarse loss: 0.02118
2022-10-25 07:36:59.852582 epoch 420: loss: 0.00740 | coarse loss: 0.02118
2022-10-25 07:39:38.493085 epoch 421: loss: 0.00735 | coarse loss: 0.02118
2022-10-25 07:42:17.164655 epoch 422: loss: 0.00731 | coarse loss: 0.02118
2022-10-25 07:44:56.630889 epoch 423: loss: 0.00734 | coarse loss: 0.02118
2022-10-25 07:47:35.848664 epoch 424: loss: 0.00737 | coarse loss: 0.02118
2022-10-25 07:50:14.953145 epoch 425: loss: 0.00734 | coarse loss: 0.02118
2022-10-25 07:52:54.387042 epoch 426: loss: 0.00732 | coarse loss: 0.02118
2022-10-25 07:55:33.750476 epoch 427: loss: 0.00735 | coarse loss: 0.02118
2022-10-25 07:58:12.911456 epoch 428: loss: 0.00733 | coarse loss: 0.02118
2022-10-25 08:00:52.079860 epoch 429: loss: 0.00735 | coarse loss: 0.02118
2022-10-25 08:03:31.246614 epoch 430: loss: 0.00745 | coarse loss: 0.02118
2022-10-25 08:06:10.586234 epoch 431: loss: 0.00730 | coarse loss: 0.02118
2022-10-25 08:08:49.596752 epoch 432: loss: 0.00734 | coarse loss: 0.02118
2022-10-25 08:11:28.938183 epoch 433: loss: 0.00737 | coarse loss: 0.02118
2022-10-25 08:14:08.516549 epoch 434: loss: 0.00735 | coarse loss: 0.02118
2022-10-25 08:16:47.967764 epoch 435: loss: 0.00733 | coarse loss: 0.02118
2022-10-25 08:19:27.433199 epoch 436: loss: 0.00734 | coarse loss: 0.02118
2022-10-25 08:22:06.753745 epoch 437: loss: 0.00732 | coarse loss: 0.02118
2022-10-25 08:24:46.131857 epoch 438: loss: 0.00736 | coarse loss: 0.02118
2022-10-25 08:27:25.495815 epoch 439: loss: 0.00739 | coarse loss: 0.02118
2022-10-25 08:30:04.851100 epoch 440: loss: 0.00739 | coarse loss: 0.02118
2022-10-25 08:32:44.218998 epoch 441: loss: 0.00733 | coarse loss: 0.02118
2022-10-25 08:35:23.503876 epoch 442: loss: 0.00730 | coarse loss: 0.02118
2022-10-25 08:38:02.816045 epoch 443: loss: 0.00738 | coarse loss: 0.02118
2022-10-25 08:40:42.166499 epoch 444: loss: 0.00736 | coarse loss: 0.02118
2022-10-25 08:43:21.540251 epoch 445: loss: 0.00734 | coarse loss: 0.02118
2022-10-25 08:46:01.059563 epoch 446: loss: 0.00733 | coarse loss: 0.02118
2022-10-25 08:48:40.170660 epoch 447: loss: 0.00740 | coarse loss: 0.02118
2022-10-25 08:51:19.471228 epoch 448: loss: 0.00737 | coarse loss: 0.02118
2022-10-25 08:53:58.669582 epoch 449: loss: 0.00732 | coarse loss: 0.02118
2022-10-25 08:56:37.851480 epoch 450: loss: 0.00735 | coarse loss: 0.02118
2022-10-25 08:59:17.098741 epoch 451: loss: 0.00735 | coarse loss: 0.02118
2022-10-25 09:01:56.522592 epoch 452: loss: 0.00745 | coarse loss: 0.02118
2022-10-25 09:04:35.825091 epoch 453: loss: 0.00738 | coarse loss: 0.02118
2022-10-25 09:07:15.086453 epoch 454: loss: 0.00728 | coarse loss: 0.02118
2022-10-25 09:09:54.300026 epoch 455: loss: 0.00731 | coarse loss: 0.02118
2022-10-25 09:12:33.642076 epoch 456: loss: 0.00734 | coarse loss: 0.02118
2022-10-25 09:15:12.964937 epoch 457: loss: 0.00732 | coarse loss: 0.02118
2022-10-25 09:17:52.299642 epoch 458: loss: 0.00732 | coarse loss: 0.02118
2022-10-25 09:20:31.677855 epoch 459: loss: 0.00744 | coarse loss: 0.02118
2022-10-25 09:23:11.164071 epoch 460: loss: 0.00728 | coarse loss: 0.02118
2022-10-25 09:25:50.224241 epoch 461: loss: 0.00734 | coarse loss: 0.02118
2022-10-25 09:28:29.201227 epoch 462: loss: 0.00734 | coarse loss: 0.02118
2022-10-25 09:31:08.183634 epoch 463: loss: 0.00726 | coarse loss: 0.02118
2022-10-25 09:33:47.267503 epoch 464: loss: 0.00731 | coarse loss: 0.02118
2022-10-25 09:36:26.837511 epoch 465: loss: 0.00734 | coarse loss: 0.02118
2022-10-25 09:39:06.074073 epoch 466: loss: 0.00732 | coarse loss: 0.02118
2022-10-25 09:41:45.210128 epoch 467: loss: 0.00730 | coarse loss: 0.02118
2022-10-25 09:44:24.581160 epoch 468: loss: 0.00731 | coarse loss: 0.02118
2022-10-25 09:47:03.909351 epoch 469: loss: 0.00735 | coarse loss: 0.02118
2022-10-25 09:49:43.187333 epoch 470: loss: 0.00729 | coarse loss: 0.02118
2022-10-25 09:52:22.508696 epoch 471: loss: 0.00736 | coarse loss: 0.02118
2022-10-25 09:55:01.837782 epoch 472: loss: 0.00729 | coarse loss: 0.02118
2022-10-25 09:57:41.103942 epoch 473: loss: 0.00733 | coarse loss: 0.02118
2022-10-25 10:00:20.592870 epoch 474: loss: 0.00732 | coarse loss: 0.02118
2022-10-25 10:02:59.925554 epoch 475: loss: 0.00733 | coarse loss: 0.02118
2022-10-25 10:05:39.256010 epoch 476: loss: 0.00738 | coarse loss: 0.02118
2022-10-25 10:08:18.544205 epoch 477: loss: 0.00727 | coarse loss: 0.02118
2022-10-25 10:10:57.714522 epoch 478: loss: 0.00736 | coarse loss: 0.02118
2022-10-25 10:13:36.945811 epoch 479: loss: 0.00730 | coarse loss: 0.02118
2022-10-25 10:16:15.818608 epoch 480: loss: 0.00739 | coarse loss: 0.02118
2022-10-25 10:18:54.569004 epoch 481: loss: 0.00734 | coarse loss: 0.02118
2022-10-25 10:21:33.951967 epoch 482: loss: 0.00733 | coarse loss: 0.02118
2022-10-25 10:24:12.731051 epoch 483: loss: 0.00730 | coarse loss: 0.02118
2022-10-25 10:26:51.574297 epoch 484: loss: 0.00731 | coarse loss: 0.02118
2022-10-25 10:29:30.544995 epoch 485: loss: 0.00728 | coarse loss: 0.02118
2022-10-25 10:32:09.217921 epoch 486: loss: 0.00731 | coarse loss: 0.02118
2022-10-25 10:34:47.906141 epoch 487: loss: 0.00735 | coarse loss: 0.02118
2022-10-25 10:37:27.298523 epoch 488: loss: 0.00730 | coarse loss: 0.02118
2022-10-25 10:40:05.983605 epoch 489: loss: 0.00736 | coarse loss: 0.02118
2022-10-25 10:42:45.355002 epoch 490: loss: 0.00732 | coarse loss: 0.02118
2022-10-25 10:45:24.059541 epoch 491: loss: 0.00733 | coarse loss: 0.02118
2022-10-25 10:48:02.782754 epoch 492: loss: 0.00740 | coarse loss: 0.02118
2022-10-25 10:50:41.627735 epoch 493: loss: 0.00728 | coarse loss: 0.02118
2022-10-25 10:53:21.369143 epoch 494: loss: 0.00734 | coarse loss: 0.02118
2022-10-25 10:56:00.089129 epoch 495: loss: 0.00729 | coarse loss: 0.02118
2022-10-25 10:58:39.709724 epoch 496: loss: 0.00732 | coarse loss: 0.02118
2022-10-25 11:01:19.355680 epoch 497: loss: 0.00731 | coarse loss: 0.02118
2022-10-25 11:03:58.997874 epoch 498: loss: 0.00731 | coarse loss: 0.02118
2022-10-25 11:06:38.763823 epoch 499: loss: 0.00727 | coarse loss: 0.02118
2022-10-25 11:09:18.340909 epoch 500: loss: 0.00727 | coarse loss: 0.02118
training done: 79601.87188911438
