/work/09080/lkaiser/maverick2/run_1/bash_scripts
c228-107.maverick2.tacc.utexas.edu
Wed Sep 14 16:27:24 CDT 2022
start training tiramisu
gpu available: True
epoch 1: loss: 0.05775 | coarse loss: 0.02802 
epoch 2: loss: 0.03612 | coarse loss: 0.02786 
epoch 3: loss: 0.03096 | coarse loss: 0.02796 
epoch 4: loss: 0.02878 | coarse loss: 0.02812 
epoch 5: loss: 0.02661 | coarse loss: 0.02783 
epoch 6: loss: 0.02541 | coarse loss: 0.02784 
epoch 7: loss: 0.02455 | coarse loss: 0.02789 
epoch 8: loss: 0.02393 | coarse loss: 0.02783 
epoch 9: loss: 0.02358 | coarse loss: 0.02791 
epoch 10: loss: 0.02319 | coarse loss: 0.02803 
epoch 11: loss: 0.02268 | coarse loss: 0.02798 
epoch 12: loss: 0.02237 | coarse loss: 0.02794 
epoch 13: loss: 0.02193 | coarse loss: 0.02783 
epoch 14: loss: 0.02185 | coarse loss: 0.02794 
epoch 15: loss: 0.02165 | coarse loss: 0.02795 
epoch 16: loss: 0.02142 | coarse loss: 0.02794 
epoch 17: loss: 0.02115 | coarse loss: 0.02798 
epoch 18: loss: 0.02104 | coarse loss: 0.02802 
epoch 19: loss: 0.02116 | coarse loss: 0.02825 
epoch 20: loss: 0.02077 | coarse loss: 0.02797 
epoch 21: loss: 0.02045 | coarse loss: 0.02783 
epoch 22: loss: 0.02046 | coarse loss: 0.02792 
epoch 23: loss: 0.02033 | coarse loss: 0.02783 
epoch 24: loss: 0.02031 | coarse loss: 0.02797 
epoch 25: loss: 0.02020 | coarse loss: 0.02798 
epoch 26: loss: 0.02017 | coarse loss: 0.02811 
epoch 27: loss: 0.02003 | coarse loss: 0.02805 
epoch 28: loss: 0.02002 | coarse loss: 0.02811 
epoch 29: loss: 0.01978 | coarse loss: 0.02787 
epoch 30: loss: 0.01971 | coarse loss: 0.02783 
epoch 31: loss: 0.01975 | coarse loss: 0.02805 
epoch 32: loss: 0.01972 | coarse loss: 0.02802 
epoch 33: loss: 0.01973 | coarse loss: 0.02812 
epoch 34: loss: 0.01966 | coarse loss: 0.02820 
epoch 35: loss: 0.01957 | coarse loss: 0.02808 
epoch 36: loss: 0.01933 | coarse loss: 0.02783 
epoch 37: loss: 0.01932 | coarse loss: 0.02796 
epoch 38: loss: 0.01930 | coarse loss: 0.02794 
epoch 39: loss: 0.01928 | coarse loss: 0.02797 
epoch 40: loss: 0.01916 | coarse loss: 0.02783 
epoch 41: loss: 0.01914 | coarse loss: 0.02787 
epoch 42: loss: 0.01921 | coarse loss: 0.02803 
epoch 43: loss: 0.01916 | coarse loss: 0.02801 
epoch 44: loss: 0.01902 | coarse loss: 0.02787 
epoch 45: loss: 0.01896 | coarse loss: 0.02796 
epoch 46: loss: 0.01891 | coarse loss: 0.02783 
epoch 47: loss: 0.01897 | coarse loss: 0.02799 
epoch 48: loss: 0.01890 | coarse loss: 0.02783 
epoch 49: loss: 0.01887 | coarse loss: 0.02798 
epoch 50: loss: 0.01880 | coarse loss: 0.02789 
epoch 51: loss: 0.01891 | coarse loss: 0.02812 
epoch 52: loss: 0.01868 | coarse loss: 0.02783 
epoch 53: loss: 0.01874 | coarse loss: 0.02801 
epoch 54: loss: 0.01886 | coarse loss: 0.02820 
epoch 55: loss: 0.01860 | coarse loss: 0.02792 
epoch 56: loss: 0.01870 | coarse loss: 0.02806 
epoch 57: loss: 0.01866 | coarse loss: 0.02809 
epoch 58: loss: 0.01852 | coarse loss: 0.02791 
epoch 59: loss: 0.01848 | coarse loss: 0.02788 
epoch 60: loss: 0.01857 | coarse loss: 0.02802 
epoch 61: loss: 0.01845 | coarse loss: 0.02795 
epoch 62: loss: 0.01842 | coarse loss: 0.02788 
epoch 63: loss: 0.01834 | coarse loss: 0.02788 
epoch 64: loss: 0.01833 | coarse loss: 0.02787 
epoch 65: loss: 0.01831 | coarse loss: 0.02791 
epoch 66: loss: 0.01832 | coarse loss: 0.02793 
epoch 67: loss: 0.01836 | coarse loss: 0.02796 
epoch 68: loss: 0.01824 | coarse loss: 0.02786 
epoch 69: loss: 0.01826 | coarse loss: 0.02797 
epoch 70: loss: 0.01815 | coarse loss: 0.02783 
epoch 71: loss: 0.01827 | coarse loss: 0.02795 
epoch 72: loss: 0.01819 | coarse loss: 0.02801 
epoch 73: loss: 0.01826 | coarse loss: 0.02805 
epoch 74: loss: 0.01809 | coarse loss: 0.02783 
epoch 75: loss: 0.01815 | coarse loss: 0.02798 
epoch 76: loss: 0.01804 | coarse loss: 0.02783 
epoch 77: loss: 0.01803 | coarse loss: 0.02783 
epoch 78: loss: 0.01806 | coarse loss: 0.02791 
epoch 79: loss: 0.01804 | coarse loss: 0.02792 
epoch 80: loss: 0.01797 | coarse loss: 0.02783 
epoch 81: loss: 0.01798 | coarse loss: 0.02791 
epoch 82: loss: 0.01792 | coarse loss: 0.02783 
epoch 83: loss: 0.01800 | coarse loss: 0.02797 
epoch 84: loss: 0.01816 | coarse loss: 0.02817 
epoch 85: loss: 0.01794 | coarse loss: 0.02796 
epoch 86: loss: 0.01807 | coarse loss: 0.02819 
epoch 87: loss: 0.01785 | coarse loss: 0.02783 
epoch 88: loss: 0.01787 | coarse loss: 0.02788 
epoch 89: loss: 0.01785 | coarse loss: 0.02790 
epoch 90: loss: 0.01785 | coarse loss: 0.02797 
epoch 91: loss: 0.01794 | coarse loss: 0.02797 
epoch 92: loss: 0.01776 | coarse loss: 0.02783 
epoch 93: loss: 0.01784 | coarse loss: 0.02797 
epoch 94: loss: 0.01784 | coarse loss: 0.02798 
epoch 95: loss: 0.01779 | coarse loss: 0.02794 
epoch 96: loss: 0.01778 | coarse loss: 0.02788 
epoch 97: loss: 0.01779 | coarse loss: 0.02806 
epoch 98: loss: 0.01768 | coarse loss: 0.02783 
epoch 99: loss: 0.01780 | coarse loss: 0.02799 
epoch 100: loss: 0.01788 | coarse loss: 0.02820 
epoch 101: loss: 0.01768 | coarse loss: 0.02783 
epoch 102: loss: 0.01781 | coarse loss: 0.02812 
epoch 103: loss: 0.01769 | coarse loss: 0.02790 
epoch 104: loss: 0.01763 | coarse loss: 0.02783 
epoch 105: loss: 0.01786 | coarse loss: 0.02818 
epoch 106: loss: 0.01772 | coarse loss: 0.02803 
epoch 107: loss: 0.01772 | coarse loss: 0.02804 
epoch 108: loss: 0.01769 | coarse loss: 0.02803 
epoch 109: loss: 0.01757 | coarse loss: 0.02783 
epoch 110: loss: 0.01763 | coarse loss: 0.02795 
epoch 111: loss: 0.01786 | coarse loss: 0.02830 
epoch 112: loss: 0.01759 | coarse loss: 0.02794 
epoch 113: loss: 0.01764 | coarse loss: 0.02797 
epoch 114: loss: 0.01758 | coarse loss: 0.02791 
epoch 115: loss: 0.01757 | coarse loss: 0.02794 
epoch 116: loss: 0.01766 | coarse loss: 0.02811 
epoch 117: loss: 0.01761 | coarse loss: 0.02798 
epoch 118: loss: 0.01757 | coarse loss: 0.02799 
epoch 119: loss: 0.01748 | coarse loss: 0.02783 
epoch 120: loss: 0.01766 | coarse loss: 0.02814 
epoch 121: loss: 0.01746 | coarse loss: 0.02783 
epoch 122: loss: 0.01759 | coarse loss: 0.02803 
epoch 123: loss: 0.01753 | coarse loss: 0.02797 
epoch 124: loss: 0.01755 | coarse loss: 0.02804 
epoch 125: loss: 0.01740 | coarse loss: 0.02783 
epoch 126: loss: 0.01747 | coarse loss: 0.02794 
epoch 127: loss: 0.01750 | coarse loss: 0.02798 
epoch 128: loss: 0.01740 | coarse loss: 0.02783 
epoch 129: loss: 0.01744 | coarse loss: 0.02795 
epoch 130: loss: 0.01749 | coarse loss: 0.02808 
epoch 131: loss: 0.01749 | coarse loss: 0.02803 
epoch 132: loss: 0.01737 | coarse loss: 0.02787 
epoch 133: loss: 0.01734 | coarse loss: 0.02783 
epoch 134: loss: 0.01734 | coarse loss: 0.02783 
epoch 135: loss: 0.01743 | coarse loss: 0.02800 
epoch 136: loss: 0.01735 | coarse loss: 0.02787 
epoch 137: loss: 0.01731 | coarse loss: 0.02787 
epoch 138: loss: 0.01752 | coarse loss: 0.02814 
epoch 139: loss: 0.01743 | coarse loss: 0.02806 
epoch 140: loss: 0.01742 | coarse loss: 0.02806 
epoch 141: loss: 0.01734 | coarse loss: 0.02792 
epoch 142: loss: 0.01731 | coarse loss: 0.02783 
epoch 143: loss: 0.01731 | coarse loss: 0.02787 
epoch 144: loss: 0.01736 | coarse loss: 0.02793 
epoch 145: loss: 0.01747 | coarse loss: 0.02815 
epoch 146: loss: 0.01730 | coarse loss: 0.02791 
epoch 147: loss: 0.01723 | coarse loss: 0.02783 
epoch 148: loss: 0.01725 | coarse loss: 0.02783 
epoch 149: loss: 0.01731 | coarse loss: 0.02798 
epoch 150: loss: 0.01729 | coarse loss: 0.02795 
epoch 151: loss: 0.01737 | coarse loss: 0.02809 
epoch 152: loss: 0.01728 | coarse loss: 0.02794 
epoch 153: loss: 0.01731 | coarse loss: 0.02802 
epoch 154: loss: 0.01724 | coarse loss: 0.02790 
epoch 155: loss: 0.01718 | coarse loss: 0.02783 
epoch 156: loss: 0.01729 | coarse loss: 0.02794 
epoch 157: loss: 0.01716 | coarse loss: 0.02783 
epoch 158: loss: 0.01724 | coarse loss: 0.02796 
epoch 159: loss: 0.01727 | coarse loss: 0.02797 
epoch 160: loss: 0.01716 | coarse loss: 0.02786 
epoch 161: loss: 0.01724 | coarse loss: 0.02791 
epoch 162: loss: 0.01729 | coarse loss: 0.02795 
epoch 163: loss: 0.01714 | coarse loss: 0.02783 
epoch 164: loss: 0.01723 | coarse loss: 0.02795 
epoch 165: loss: 0.01732 | coarse loss: 0.02809 
epoch 166: loss: 0.01721 | coarse loss: 0.02793 
epoch 167: loss: 0.01724 | coarse loss: 0.02803 
epoch 168: loss: 0.01721 | coarse loss: 0.02802 
epoch 169: loss: 0.01714 | coarse loss: 0.02783 
epoch 170: loss: 0.01711 | coarse loss: 0.02783 
epoch 171: loss: 0.01713 | coarse loss: 0.02788 
epoch 172: loss: 0.01710 | coarse loss: 0.02783 
epoch 173: loss: 0.01708 | coarse loss: 0.02783 
epoch 174: loss: 0.01747 | coarse loss: 0.02845 
epoch 175: loss: 0.01719 | coarse loss: 0.02796 
epoch 176: loss: 0.01716 | coarse loss: 0.02800 
epoch 177: loss: 0.01722 | coarse loss: 0.02803 
epoch 178: loss: 0.01708 | coarse loss: 0.02783 
epoch 179: loss: 0.01711 | coarse loss: 0.02794 
epoch 180: loss: 0.01716 | coarse loss: 0.02802 
epoch 181: loss: 0.01707 | coarse loss: 0.02788 
epoch 182: loss: 0.01713 | coarse loss: 0.02799 
epoch 183: loss: 0.01715 | coarse loss: 0.02802 
epoch 184: loss: 0.01724 | coarse loss: 0.02813 
epoch 185: loss: 0.01714 | coarse loss: 0.02802 
epoch 186: loss: 0.01719 | coarse loss: 0.02803 
epoch 187: loss: 0.01710 | coarse loss: 0.02796 
epoch 188: loss: 0.01715 | coarse loss: 0.02804 
epoch 189: loss: 0.01710 | coarse loss: 0.02796 
epoch 190: loss: 0.01714 | coarse loss: 0.02805 
epoch 191: loss: 0.01719 | coarse loss: 0.02808 
epoch 192: loss: 0.01699 | coarse loss: 0.02783 
epoch 193: loss: 0.01700 | coarse loss: 0.02783 
epoch 194: loss: 0.01703 | coarse loss: 0.02783 
epoch 195: loss: 0.01710 | coarse loss: 0.02791 
epoch 196: loss: 0.01709 | coarse loss: 0.02801 
epoch 197: loss: 0.01700 | coarse loss: 0.02783 
epoch 198: loss: 0.01704 | coarse loss: 0.02795 
epoch 199: loss: 0.01711 | coarse loss: 0.02802 
epoch 200: loss: 0.01710 | coarse loss: 0.02803 
epoch 201: loss: 0.01705 | coarse loss: 0.02796 
epoch 202: loss: 0.01699 | coarse loss: 0.02783 
epoch 203: loss: 0.01696 | coarse loss: 0.02783 
epoch 204: loss: 0.01702 | coarse loss: 0.02796 
epoch 205: loss: 0.01699 | coarse loss: 0.02790 
epoch 206: loss: 0.01698 | coarse loss: 0.02790 
epoch 207: loss: 0.01699 | coarse loss: 0.02787 
epoch 208: loss: 0.01705 | coarse loss: 0.02800 
epoch 209: loss: 0.01701 | coarse loss: 0.02791 
epoch 210: loss: 0.01700 | coarse loss: 0.02792 
epoch 211: loss: 0.01709 | coarse loss: 0.02812 
epoch 212: loss: 0.01703 | coarse loss: 0.02800 
epoch 213: loss: 0.01693 | coarse loss: 0.02783 
epoch 214: loss: 0.01699 | coarse loss: 0.02790 
epoch 215: loss: 0.01696 | coarse loss: 0.02792 
epoch 216: loss: 0.01704 | coarse loss: 0.02801 
epoch 217: loss: 0.01707 | coarse loss: 0.02811 
epoch 218: loss: 0.01698 | coarse loss: 0.02791 
epoch 219: loss: 0.01700 | coarse loss: 0.02797 
epoch 220: loss: 0.01696 | coarse loss: 0.02790 
epoch 221: loss: 0.01709 | coarse loss: 0.02810 
epoch 222: loss: 0.01699 | coarse loss: 0.02801 
epoch 223: loss: 0.01707 | coarse loss: 0.02811 
epoch 224: loss: 0.01699 | coarse loss: 0.02806 
epoch 225: loss: 0.01690 | coarse loss: 0.02786 
epoch 226: loss: 0.01703 | coarse loss: 0.02801 
epoch 227: loss: 0.01696 | coarse loss: 0.02795 
epoch 228: loss: 0.01691 | coarse loss: 0.02788 
epoch 229: loss: 0.01695 | coarse loss: 0.02795 
epoch 230: loss: 0.01694 | coarse loss: 0.02795 
epoch 231: loss: 0.01695 | coarse loss: 0.02797 
epoch 232: loss: 0.01696 | coarse loss: 0.02796 
epoch 233: loss: 0.01707 | coarse loss: 0.02814 
epoch 234: loss: 0.01702 | coarse loss: 0.02806 
epoch 235: loss: 0.01689 | coarse loss: 0.02787 
epoch 236: loss: 0.01707 | coarse loss: 0.02817 
epoch 237: loss: 0.01703 | coarse loss: 0.02809 
epoch 238: loss: 0.01696 | coarse loss: 0.02806 
epoch 239: loss: 0.01685 | coarse loss: 0.02783 
epoch 240: loss: 0.01691 | coarse loss: 0.02796 
epoch 241: loss: 0.01687 | coarse loss: 0.02787 
epoch 242: loss: 0.01701 | coarse loss: 0.02820 
epoch 243: loss: 0.01682 | coarse loss: 0.02783 
epoch 244: loss: 0.01688 | coarse loss: 0.02790 
epoch 245: loss: 0.01683 | coarse loss: 0.02783 
epoch 246: loss: 0.01690 | coarse loss: 0.02795 
epoch 247: loss: 0.01682 | coarse loss: 0.02783 
epoch 248: loss: 0.01686 | coarse loss: 0.02792 
epoch 249: loss: 0.01692 | coarse loss: 0.02799 
epoch 250: loss: 0.01688 | coarse loss: 0.02796 
epoch 251: loss: 0.01683 | coarse loss: 0.02783 
epoch 252: loss: 0.01677 | coarse loss: 0.02783 
epoch 253: loss: 0.01680 | coarse loss: 0.02783 
epoch 254: loss: 0.01688 | coarse loss: 0.02798 
epoch 255: loss: 0.01681 | coarse loss: 0.02789 
epoch 256: loss: 0.01683 | coarse loss: 0.02789 
epoch 257: loss: 0.01679 | coarse loss: 0.02783 
epoch 258: loss: 0.01680 | coarse loss: 0.02783 
epoch 259: loss: 0.01684 | coarse loss: 0.02786 
epoch 260: loss: 0.01689 | coarse loss: 0.02799 
epoch 261: loss: 0.01690 | coarse loss: 0.02804 
epoch 262: loss: 0.01688 | coarse loss: 0.02801 
epoch 263: loss: 0.01676 | coarse loss: 0.02783 
epoch 264: loss: 0.01701 | coarse loss: 0.02817 
epoch 265: loss: 0.01684 | coarse loss: 0.02792 
epoch 266: loss: 0.01696 | coarse loss: 0.02806 
epoch 267: loss: 0.01692 | coarse loss: 0.02810 
epoch 268: loss: 0.01692 | coarse loss: 0.02804 
epoch 269: loss: 0.01676 | coarse loss: 0.02783 
epoch 270: loss: 0.01687 | coarse loss: 0.02801 
epoch 271: loss: 0.01683 | coarse loss: 0.02793 
epoch 272: loss: 0.01676 | coarse loss: 0.02783 
epoch 273: loss: 0.01675 | coarse loss: 0.02783 
epoch 274: loss: 0.01681 | coarse loss: 0.02795 
epoch 275: loss: 0.01683 | coarse loss: 0.02795 
epoch 276: loss: 0.01678 | coarse loss: 0.02786 
epoch 277: loss: 0.01673 | coarse loss: 0.02783 
epoch 278: loss: 0.01682 | coarse loss: 0.02797 
epoch 279: loss: 0.01671 | coarse loss: 0.02783 
epoch 280: loss: 0.01678 | coarse loss: 0.02794 
epoch 281: loss: 0.01681 | coarse loss: 0.02799 
epoch 282: loss: 0.01676 | coarse loss: 0.02788 
epoch 283: loss: 0.01677 | coarse loss: 0.02790 
epoch 284: loss: 0.01686 | coarse loss: 0.02801 
epoch 285: loss: 0.01674 | coarse loss: 0.02783 
epoch 286: loss: 0.01699 | coarse loss: 0.02822 
epoch 287: loss: 0.01685 | coarse loss: 0.02798 
epoch 288: loss: 0.01689 | coarse loss: 0.02809 
epoch 289: loss: 0.01678 | coarse loss: 0.02791 
epoch 290: loss: 0.01678 | coarse loss: 0.02791 
epoch 291: loss: 0.01680 | coarse loss: 0.02792 
epoch 292: loss: 0.01670 | coarse loss: 0.02783 
epoch 293: loss: 0.01670 | coarse loss: 0.02783 
epoch 294: loss: 0.01677 | coarse loss: 0.02794 
epoch 295: loss: 0.01669 | coarse loss: 0.02783 
epoch 296: loss: 0.01676 | coarse loss: 0.02792 
epoch 297: loss: 0.01675 | coarse loss: 0.02795 
epoch 298: loss: 0.01682 | coarse loss: 0.02798 
epoch 299: loss: 0.01679 | coarse loss: 0.02795 
epoch 300: loss: 0.01679 | coarse loss: 0.02790 
epoch 301: loss: 0.01680 | coarse loss: 0.02804 
epoch 302: loss: 0.01681 | coarse loss: 0.02804 
epoch 303: loss: 0.01675 | coarse loss: 0.02794 
epoch 304: loss: 0.01677 | coarse loss: 0.02803 
epoch 305: loss: 0.01675 | coarse loss: 0.02797 
epoch 306: loss: 0.01668 | coarse loss: 0.02783 
epoch 307: loss: 0.01669 | coarse loss: 0.02783 
epoch 308: loss: 0.01678 | coarse loss: 0.02803 
epoch 309: loss: 0.01679 | coarse loss: 0.02802 
epoch 310: loss: 0.01676 | coarse loss: 0.02798 
epoch 311: loss: 0.01680 | coarse loss: 0.02804 
epoch 312: loss: 0.01669 | coarse loss: 0.02784 
epoch 313: loss: 0.01672 | coarse loss: 0.02795 
epoch 314: loss: 0.01677 | coarse loss: 0.02801 
epoch 315: loss: 0.01673 | coarse loss: 0.02792 
epoch 316: loss: 0.01675 | coarse loss: 0.02797 
epoch 317: loss: 0.01675 | coarse loss: 0.02796 
epoch 318: loss: 0.01671 | coarse loss: 0.02795 
epoch 319: loss: 0.01674 | coarse loss: 0.02794 
epoch 320: loss: 0.01668 | coarse loss: 0.02787 
epoch 321: loss: 0.01672 | coarse loss: 0.02789 
epoch 322: loss: 0.01672 | coarse loss: 0.02789 
epoch 323: loss: 0.01675 | coarse loss: 0.02800 
epoch 324: loss: 0.01675 | coarse loss: 0.02802 
epoch 325: loss: 0.01662 | coarse loss: 0.02783 
epoch 326: loss: 0.01681 | coarse loss: 0.02810 
epoch 327: loss: 0.01670 | coarse loss: 0.02789 
epoch 328: loss: 0.01675 | coarse loss: 0.02797 
epoch 329: loss: 0.01667 | coarse loss: 0.02783 
epoch 330: loss: 0.01670 | coarse loss: 0.02789 
epoch 331: loss: 0.01668 | coarse loss: 0.02790 
epoch 332: loss: 0.01662 | coarse loss: 0.02783 
epoch 333: loss: 0.01676 | coarse loss: 0.02806 
epoch 334: loss: 0.01674 | coarse loss: 0.02804 
epoch 335: loss: 0.01673 | coarse loss: 0.02795 
epoch 336: loss: 0.01664 | coarse loss: 0.02783 
epoch 337: loss: 0.01670 | coarse loss: 0.02794 
epoch 338: loss: 0.01663 | coarse loss: 0.02783 
epoch 339: loss: 0.01665 | coarse loss: 0.02789 
epoch 340: loss: 0.01662 | coarse loss: 0.02783 
epoch 341: loss: 0.01668 | coarse loss: 0.02791 
epoch 342: loss: 0.01677 | coarse loss: 0.02812 
epoch 343: loss: 0.01663 | coarse loss: 0.02783 
epoch 344: loss: 0.01672 | coarse loss: 0.02800 
epoch 345: loss: 0.01666 | coarse loss: 0.02794 
epoch 346: loss: 0.01676 | coarse loss: 0.02805 
epoch 347: loss: 0.01674 | coarse loss: 0.02800 
epoch 348: loss: 0.01678 | coarse loss: 0.02811 
epoch 349: loss: 0.01668 | coarse loss: 0.02794 
epoch 350: loss: 0.01674 | coarse loss: 0.02799 
epoch 351: loss: 0.01661 | coarse loss: 0.02783 
epoch 352: loss: 0.01660 | coarse loss: 0.02783 
epoch 353: loss: 0.01664 | coarse loss: 0.02786 
epoch 354: loss: 0.01661 | coarse loss: 0.02783 
epoch 355: loss: 0.01668 | coarse loss: 0.02794 
epoch 356: loss: 0.01671 | coarse loss: 0.02797 
epoch 357: loss: 0.01671 | coarse loss: 0.02804 
epoch 358: loss: 0.01668 | coarse loss: 0.02794 
epoch 359: loss: 0.01659 | coarse loss: 0.02783 
epoch 360: loss: 0.01675 | coarse loss: 0.02809 
epoch 361: loss: 0.01663 | coarse loss: 0.02784 
epoch 362: loss: 0.01673 | coarse loss: 0.02805 
epoch 363: loss: 0.01670 | coarse loss: 0.02796 
epoch 364: loss: 0.01659 | coarse loss: 0.02783 
epoch 365: loss: 0.01669 | coarse loss: 0.02803 
epoch 366: loss: 0.01668 | coarse loss: 0.02794 
epoch 367: loss: 0.01662 | coarse loss: 0.02788 
epoch 368: loss: 0.01670 | coarse loss: 0.02803 
epoch 369: loss: 0.01661 | coarse loss: 0.02783 
epoch 370: loss: 0.01667 | coarse loss: 0.02791 
epoch 371: loss: 0.01671 | coarse loss: 0.02805 
epoch 372: loss: 0.01670 | coarse loss: 0.02805 
epoch 373: loss: 0.01680 | coarse loss: 0.02820 
epoch 374: loss: 0.01674 | coarse loss: 0.02810 
epoch 375: loss: 0.01660 | coarse loss: 0.02789 
epoch 376: loss: 0.01666 | coarse loss: 0.02796 
epoch 377: loss: 0.01660 | coarse loss: 0.02783 
epoch 378: loss: 0.01683 | coarse loss: 0.02822 
epoch 379: loss: 0.01667 | coarse loss: 0.02801 
epoch 380: loss: 0.01673 | coarse loss: 0.02804 
epoch 381: loss: 0.01666 | coarse loss: 0.02797 
epoch 382: loss: 0.01656 | coarse loss: 0.02783 
epoch 383: loss: 0.01661 | coarse loss: 0.02787 
epoch 384: loss: 0.01656 | coarse loss: 0.02783 
epoch 385: loss: 0.01691 | coarse loss: 0.02836 
epoch 386: loss: 0.01659 | coarse loss: 0.02789 
epoch 387: loss: 0.01669 | coarse loss: 0.02808 
epoch 388: loss: 0.01664 | coarse loss: 0.02793 
epoch 389: loss: 0.01662 | coarse loss: 0.02796 
epoch 390: loss: 0.01659 | coarse loss: 0.02792 
epoch 391: loss: 0.01658 | coarse loss: 0.02785 
epoch 392: loss: 0.01663 | coarse loss: 0.02795 
epoch 393: loss: 0.01660 | coarse loss: 0.02786 
epoch 394: loss: 0.01658 | coarse loss: 0.02787 
epoch 395: loss: 0.01674 | coarse loss: 0.02812 
epoch 396: loss: 0.01665 | coarse loss: 0.02799 
epoch 397: loss: 0.01670 | coarse loss: 0.02807 
epoch 398: loss: 0.01665 | coarse loss: 0.02796 
epoch 399: loss: 0.01666 | coarse loss: 0.02806 
epoch 400: loss: 0.01660 | coarse loss: 0.02796 
epoch 401: loss: 0.01661 | coarse loss: 0.02793 
epoch 402: loss: 0.01657 | coarse loss: 0.02789 
epoch 403: loss: 0.01661 | coarse loss: 0.02796 
epoch 404: loss: 0.01658 | coarse loss: 0.02791 
epoch 405: loss: 0.01657 | coarse loss: 0.02788 
epoch 406: loss: 0.01652 | coarse loss: 0.02783 
epoch 407: loss: 0.01653 | coarse loss: 0.02783 
epoch 408: loss: 0.01663 | coarse loss: 0.02803 
epoch 409: loss: 0.01657 | coarse loss: 0.02794 
epoch 410: loss: 0.01669 | coarse loss: 0.02812 
epoch 411: loss: 0.01653 | coarse loss: 0.02783 
epoch 412: loss: 0.01669 | coarse loss: 0.02804 
epoch 413: loss: 0.01651 | coarse loss: 0.02783 
epoch 414: loss: 0.01663 | coarse loss: 0.02802 
epoch 415: loss: 0.01668 | coarse loss: 0.02812 
epoch 416: loss: 0.01663 | coarse loss: 0.02800 
epoch 417: loss: 0.01660 | coarse loss: 0.02795 
epoch 418: loss: 0.01659 | coarse loss: 0.02795 
epoch 419: loss: 0.01660 | coarse loss: 0.02797 
epoch 420: loss: 0.01670 | coarse loss: 0.02811 
epoch 421: loss: 0.01656 | coarse loss: 0.02786 
epoch 422: loss: 0.01653 | coarse loss: 0.02783 
epoch 423: loss: 0.01666 | coarse loss: 0.02804 
epoch 424: loss: 0.01663 | coarse loss: 0.02801 
epoch 425: loss: 0.01660 | coarse loss: 0.02802 
epoch 426: loss: 0.01650 | coarse loss: 0.02783 
epoch 427: loss: 0.01662 | coarse loss: 0.02798 
epoch 428: loss: 0.01666 | coarse loss: 0.02813 
epoch 429: loss: 0.01656 | coarse loss: 0.02794 
epoch 430: loss: 0.01651 | coarse loss: 0.02783 
epoch 431: loss: 0.01663 | coarse loss: 0.02807 
epoch 432: loss: 0.01663 | coarse loss: 0.02806 
epoch 433: loss: 0.01662 | coarse loss: 0.02802 
epoch 434: loss: 0.01664 | coarse loss: 0.02804 
epoch 435: loss: 0.01662 | coarse loss: 0.02804 
epoch 436: loss: 0.01652 | coarse loss: 0.02786 
epoch 437: loss: 0.01654 | coarse loss: 0.02794 
epoch 438: loss: 0.01650 | coarse loss: 0.02783 
epoch 439: loss: 0.01656 | coarse loss: 0.02796 
epoch 440: loss: 0.01660 | coarse loss: 0.02800 
epoch 441: loss: 0.01653 | coarse loss: 0.02788 
epoch 442: loss: 0.01649 | coarse loss: 0.02783 
epoch 443: loss: 0.01652 | coarse loss: 0.02790 
epoch 444: loss: 0.01654 | coarse loss: 0.02795 
epoch 445: loss: 0.01651 | coarse loss: 0.02783 
epoch 446: loss: 0.01674 | coarse loss: 0.02825 
epoch 447: loss: 0.01666 | coarse loss: 0.02805 
epoch 448: loss: 0.01650 | coarse loss: 0.02783 
epoch 449: loss: 0.01649 | coarse loss: 0.02783 
epoch 450: loss: 0.01659 | coarse loss: 0.02797 
epoch 451: loss: 0.01667 | coarse loss: 0.02819 
epoch 452: loss: 0.01652 | coarse loss: 0.02789 
epoch 453: loss: 0.01656 | coarse loss: 0.02797 
epoch 454: loss: 0.01646 | coarse loss: 0.02783 
epoch 455: loss: 0.01657 | coarse loss: 0.02799 
epoch 456: loss: 0.01654 | coarse loss: 0.02795 
epoch 457: loss: 0.01654 | coarse loss: 0.02794 
epoch 458: loss: 0.01652 | coarse loss: 0.02793 
epoch 459: loss: 0.01662 | coarse loss: 0.02804 
epoch 460: loss: 0.01665 | coarse loss: 0.02809 
epoch 461: loss: 0.01647 | coarse loss: 0.02783 
epoch 462: loss: 0.01659 | coarse loss: 0.02799 
epoch 463: loss: 0.01664 | coarse loss: 0.02813 
epoch 464: loss: 0.01656 | coarse loss: 0.02800 
epoch 465: loss: 0.01656 | coarse loss: 0.02798 
epoch 466: loss: 0.01660 | coarse loss: 0.02802 
epoch 467: loss: 0.01656 | coarse loss: 0.02792 
epoch 468: loss: 0.01659 | coarse loss: 0.02800 
epoch 469: loss: 0.01659 | coarse loss: 0.02800 
epoch 470: loss: 0.01663 | coarse loss: 0.02809 
epoch 471: loss: 0.01664 | coarse loss: 0.02811 
epoch 472: loss: 0.01662 | coarse loss: 0.02805 
epoch 473: loss: 0.01660 | coarse loss: 0.02801 
epoch 474: loss: 0.01650 | coarse loss: 0.02792 
epoch 475: loss: 0.01646 | coarse loss: 0.02783 
epoch 476: loss: 0.01649 | coarse loss: 0.02788 
epoch 477: loss: 0.01649 | coarse loss: 0.02789 
epoch 478: loss: 0.01656 | coarse loss: 0.02794 
epoch 479: loss: 0.01658 | coarse loss: 0.02805 
epoch 480: loss: 0.01653 | coarse loss: 0.02794 
epoch 481: loss: 0.01655 | coarse loss: 0.02797 
epoch 482: loss: 0.01646 | coarse loss: 0.02783 
epoch 483: loss: 0.01650 | coarse loss: 0.02792 
epoch 484: loss: 0.01652 | coarse loss: 0.02796 
epoch 485: loss: 0.01657 | coarse loss: 0.02803 
epoch 486: loss: 0.01656 | coarse loss: 0.02802 
epoch 487: loss: 0.01653 | coarse loss: 0.02793 
epoch 488: loss: 0.01652 | coarse loss: 0.02789 
epoch 489: loss: 0.01652 | coarse loss: 0.02791 
epoch 490: loss: 0.01653 | coarse loss: 0.02802 
epoch 491: loss: 0.01656 | coarse loss: 0.02803 
epoch 492: loss: 0.01652 | coarse loss: 0.02787 
epoch 493: loss: 0.01652 | coarse loss: 0.02796 
epoch 494: loss: 0.01656 | coarse loss: 0.02800 
epoch 495: loss: 0.01647 | coarse loss: 0.02786 
epoch 496: loss: 0.01662 | coarse loss: 0.02810 
epoch 497: loss: 0.01649 | coarse loss: 0.02792 
epoch 498: loss: 0.01654 | coarse loss: 0.02796 
epoch 499: loss: 0.01653 | coarse loss: 0.02797 
epoch 500: loss: 0.01652 | coarse loss: 0.02796 
epoch 501: loss: 0.01647 | coarse loss: 0.02790 
epoch 502: loss: 0.01660 | coarse loss: 0.02806 
epoch 503: loss: 0.01652 | coarse loss: 0.02796 
epoch 504: loss: 0.01644 | coarse loss: 0.02783 
epoch 505: loss: 0.01650 | coarse loss: 0.02794 
epoch 506: loss: 0.01650 | coarse loss: 0.02794 
epoch 507: loss: 0.01650 | coarse loss: 0.02787 
epoch 508: loss: 0.01647 | coarse loss: 0.02787 
epoch 509: loss: 0.01647 | coarse loss: 0.02788 
epoch 510: loss: 0.01647 | coarse loss: 0.02788 
epoch 511: loss: 0.01656 | coarse loss: 0.02804 
epoch 512: loss: 0.01648 | coarse loss: 0.02797 
epoch 513: loss: 0.01649 | coarse loss: 0.02795 
epoch 514: loss: 0.01655 | coarse loss: 0.02801 
epoch 515: loss: 0.01650 | coarse loss: 0.02795 
epoch 516: loss: 0.01649 | coarse loss: 0.02787 
epoch 517: loss: 0.01657 | coarse loss: 0.02814 
epoch 518: loss: 0.01655 | coarse loss: 0.02810 
epoch 519: loss: 0.01642 | coarse loss: 0.02784 
epoch 520: loss: 0.01640 | coarse loss: 0.02783 
epoch 521: loss: 0.01644 | coarse loss: 0.02788 
epoch 522: loss: 0.01647 | coarse loss: 0.02791 
epoch 523: loss: 0.01645 | coarse loss: 0.02783 
epoch 524: loss: 0.01654 | coarse loss: 0.02800 
epoch 525: loss: 0.01650 | coarse loss: 0.02795 
epoch 526: loss: 0.01653 | coarse loss: 0.02801 
epoch 527: loss: 0.01651 | coarse loss: 0.02785 
epoch 528: loss: 0.01648 | coarse loss: 0.02790 
epoch 529: loss: 0.01650 | coarse loss: 0.02795 
epoch 530: loss: 0.01655 | coarse loss: 0.02805 
epoch 531: loss: 0.01654 | coarse loss: 0.02804 
epoch 532: loss: 0.01647 | coarse loss: 0.02794 
epoch 533: loss: 0.01646 | coarse loss: 0.02793 
epoch 534: loss: 0.01654 | coarse loss: 0.02807 
epoch 535: loss: 0.01659 | coarse loss: 0.02810 
epoch 536: loss: 0.01640 | coarse loss: 0.02783 
epoch 537: loss: 0.01646 | coarse loss: 0.02787 
epoch 538: loss: 0.01646 | coarse loss: 0.02788 
epoch 539: loss: 0.01654 | coarse loss: 0.02800 
epoch 540: loss: 0.01655 | coarse loss: 0.02810 
epoch 541: loss: 0.01651 | coarse loss: 0.02800 
epoch 542: loss: 0.01648 | coarse loss: 0.02795 
epoch 543: loss: 0.01649 | coarse loss: 0.02796 
epoch 544: loss: 0.01640 | coarse loss: 0.02783 
epoch 545: loss: 0.01650 | coarse loss: 0.02798 
epoch 546: loss: 0.01657 | coarse loss: 0.02817 
epoch 547: loss: 0.01640 | coarse loss: 0.02783 
epoch 548: loss: 0.01648 | coarse loss: 0.02796 
epoch 549: loss: 0.01645 | coarse loss: 0.02794 
epoch 550: loss: 0.01652 | coarse loss: 0.02806 
epoch 551: loss: 0.01650 | coarse loss: 0.02802 
epoch 552: loss: 0.01648 | coarse loss: 0.02797 
epoch 553: loss: 0.01658 | coarse loss: 0.02808 
epoch 554: loss: 0.01639 | coarse loss: 0.02783 
epoch 555: loss: 0.01649 | coarse loss: 0.02799 
epoch 556: loss: 0.01645 | coarse loss: 0.02789 
epoch 557: loss: 0.01654 | coarse loss: 0.02810 
epoch 558: loss: 0.01647 | coarse loss: 0.02794 
epoch 559: loss: 0.01649 | coarse loss: 0.02801 
epoch 560: loss: 0.01642 | coarse loss: 0.02786 
epoch 561: loss: 0.01647 | coarse loss: 0.02799 
epoch 562: loss: 0.01643 | coarse loss: 0.02790 
epoch 563: loss: 0.01648 | coarse loss: 0.02801 
epoch 564: loss: 0.01639 | coarse loss: 0.02783 
epoch 565: loss: 0.01640 | coarse loss: 0.02783 
epoch 566: loss: 0.01639 | coarse loss: 0.02783 
epoch 567: loss: 0.01648 | coarse loss: 0.02796 
epoch 568: loss: 0.01650 | coarse loss: 0.02802 
epoch 569: loss: 0.01640 | coarse loss: 0.02783 
epoch 570: loss: 0.01652 | coarse loss: 0.02805 
epoch 571: loss: 0.01650 | coarse loss: 0.02800 
epoch 572: loss: 0.01645 | coarse loss: 0.02795 
epoch 573: loss: 0.01646 | coarse loss: 0.02797 
epoch 574: loss: 0.01645 | coarse loss: 0.02797 
epoch 575: loss: 0.01650 | coarse loss: 0.02804 
epoch 576: loss: 0.01649 | coarse loss: 0.02799 
epoch 577: loss: 0.01654 | coarse loss: 0.02813 
epoch 578: loss: 0.01644 | coarse loss: 0.02794 
epoch 579: loss: 0.01646 | coarse loss: 0.02797 
epoch 580: loss: 0.01644 | coarse loss: 0.02796 
epoch 581: loss: 0.01643 | coarse loss: 0.02794 
epoch 582: loss: 0.01637 | coarse loss: 0.02783 
epoch 583: loss: 0.01653 | coarse loss: 0.02808 
epoch 584: loss: 0.01642 | coarse loss: 0.02788 
epoch 585: loss: 0.01649 | coarse loss: 0.02803 
epoch 586: loss: 0.01636 | coarse loss: 0.02783 
epoch 587: loss: 0.01639 | coarse loss: 0.02791 
epoch 588: loss: 0.01648 | coarse loss: 0.02802 
epoch 589: loss: 0.01652 | coarse loss: 0.02808 
epoch 590: loss: 0.01642 | coarse loss: 0.02787 
epoch 591: loss: 0.01650 | coarse loss: 0.02807 
epoch 592: loss: 0.01641 | coarse loss: 0.02789 
epoch 593: loss: 0.01650 | coarse loss: 0.02802 
epoch 594: loss: 0.01637 | coarse loss: 0.02783 
epoch 595: loss: 0.01648 | coarse loss: 0.02800 
epoch 596: loss: 0.01648 | coarse loss: 0.02801 
epoch 597: loss: 0.01646 | coarse loss: 0.02799 
epoch 598: loss: 0.01640 | coarse loss: 0.02787 
epoch 599: loss: 0.01640 | coarse loss: 0.02794 
epoch 600: loss: 0.01646 | coarse loss: 0.02802 
epoch 601: loss: 0.01642 | coarse loss: 0.02792 
epoch 602: loss: 0.01640 | coarse loss: 0.02787 
epoch 603: loss: 0.01642 | coarse loss: 0.02793 
epoch 604: loss: 0.01640 | coarse loss: 0.02789 
epoch 605: loss: 0.01650 | coarse loss: 0.02803 
epoch 606: loss: 0.01644 | coarse loss: 0.02796 
epoch 607: loss: 0.01634 | coarse loss: 0.02783 
epoch 608: loss: 0.01649 | coarse loss: 0.02803 
epoch 609: loss: 0.01636 | coarse loss: 0.02783 
epoch 610: loss: 0.01648 | coarse loss: 0.02810 
epoch 611: loss: 0.01650 | coarse loss: 0.02802 
epoch 612: loss: 0.01660 | coarse loss: 0.02818 
epoch 613: loss: 0.01645 | coarse loss: 0.02802 
epoch 614: loss: 0.01640 | coarse loss: 0.02793 
epoch 615: loss: 0.01645 | coarse loss: 0.02800 
epoch 616: loss: 0.01647 | coarse loss: 0.02804 
epoch 617: loss: 0.01648 | coarse loss: 0.02808 
epoch 618: loss: 0.01650 | coarse loss: 0.02801 
epoch 619: loss: 0.01645 | coarse loss: 0.02796 
epoch 620: loss: 0.01642 | coarse loss: 0.02794 
epoch 621: loss: 0.01634 | coarse loss: 0.02783 
epoch 622: loss: 0.01643 | coarse loss: 0.02797 
epoch 623: loss: 0.01655 | coarse loss: 0.02817 
epoch 624: loss: 0.01634 | coarse loss: 0.02783 
epoch 625: loss: 0.01635 | coarse loss: 0.02783 
epoch 626: loss: 0.01650 | coarse loss: 0.02810 
epoch 627: loss: 0.01634 | coarse loss: 0.02783 
epoch 628: loss: 0.01641 | coarse loss: 0.02792 
epoch 629: loss: 0.01650 | coarse loss: 0.02805 
epoch 630: loss: 0.01640 | coarse loss: 0.02794 
epoch 631: loss: 0.01634 | coarse loss: 0.02783 
epoch 632: loss: 0.01643 | coarse loss: 0.02799 
epoch 633: loss: 0.01645 | coarse loss: 0.02798 
epoch 634: loss: 0.01637 | coarse loss: 0.02786 
epoch 635: loss: 0.01635 | coarse loss: 0.02783 
epoch 636: loss: 0.01645 | coarse loss: 0.02796 
epoch 637: loss: 0.01645 | coarse loss: 0.02800 
epoch 638: loss: 0.01650 | coarse loss: 0.02806 
epoch 639: loss: 0.01633 | coarse loss: 0.02783 
epoch 640: loss: 0.01638 | coarse loss: 0.02790 
epoch 641: loss: 0.01640 | coarse loss: 0.02796 
epoch 642: loss: 0.01642 | coarse loss: 0.02798 
epoch 643: loss: 0.01645 | coarse loss: 0.02796 
epoch 644: loss: 0.01637 | coarse loss: 0.02788 
epoch 645: loss: 0.01643 | coarse loss: 0.02801 
epoch 646: loss: 0.01646 | coarse loss: 0.02800 
epoch 647: loss: 0.01655 | coarse loss: 0.02817 
epoch 648: loss: 0.01648 | coarse loss: 0.02807 
epoch 649: loss: 0.01634 | coarse loss: 0.02783 
epoch 650: loss: 0.01641 | coarse loss: 0.02798 
epoch 651: loss: 0.01647 | coarse loss: 0.02811 
epoch 652: loss: 0.01645 | coarse loss: 0.02806 
epoch 653: loss: 0.01644 | coarse loss: 0.02807 
epoch 654: loss: 0.01635 | coarse loss: 0.02783 
epoch 655: loss: 0.01650 | coarse loss: 0.02816 
epoch 656: loss: 0.01633 | coarse loss: 0.02783 
epoch 657: loss: 0.01646 | coarse loss: 0.02803 
epoch 658: loss: 0.01641 | coarse loss: 0.02796 
epoch 659: loss: 0.01642 | coarse loss: 0.02801 
epoch 660: loss: 0.01646 | coarse loss: 0.02810 
epoch 661: loss: 0.01641 | coarse loss: 0.02798 
epoch 662: loss: 0.01638 | coarse loss: 0.02793 
epoch 663: loss: 0.01649 | coarse loss: 0.02816 
epoch 664: loss: 0.01652 | coarse loss: 0.02817 
epoch 665: loss: 0.01632 | coarse loss: 0.02783 
epoch 666: loss: 0.01632 | coarse loss: 0.02783 
epoch 667: loss: 0.01630 | coarse loss: 0.02783 
epoch 668: loss: 0.01636 | coarse loss: 0.02787 
epoch 669: loss: 0.01632 | coarse loss: 0.02783 
epoch 670: loss: 0.01636 | coarse loss: 0.02792 
epoch 671: loss: 0.01632 | coarse loss: 0.02783 
epoch 672: loss: 0.01642 | coarse loss: 0.02797 
epoch 673: loss: 0.01647 | coarse loss: 0.02803 
epoch 674: loss: 0.01638 | coarse loss: 0.02791 
epoch 675: loss: 0.01642 | coarse loss: 0.02798 
epoch 676: loss: 0.01638 | coarse loss: 0.02792 
epoch 677: loss: 0.01637 | coarse loss: 0.02794 
epoch 678: loss: 0.01636 | coarse loss: 0.02783 
epoch 679: loss: 0.01637 | coarse loss: 0.02792 
epoch 680: loss: 0.01633 | coarse loss: 0.02789 
epoch 681: loss: 0.01637 | coarse loss: 0.02792 
epoch 682: loss: 0.01654 | coarse loss: 0.02823 
epoch 683: loss: 0.01638 | coarse loss: 0.02794 
epoch 684: loss: 0.01635 | coarse loss: 0.02783 
epoch 685: loss: 0.01635 | coarse loss: 0.02790 
epoch 686: loss: 0.01631 | coarse loss: 0.02783 
epoch 687: loss: 0.01641 | coarse loss: 0.02801 
epoch 688: loss: 0.01637 | coarse loss: 0.02797 
epoch 689: loss: 0.01637 | coarse loss: 0.02793 
epoch 690: loss: 0.01639 | coarse loss: 0.02796 
epoch 691: loss: 0.01645 | coarse loss: 0.02807 
epoch 692: loss: 0.01631 | coarse loss: 0.02783 
epoch 693: loss: 0.01631 | coarse loss: 0.02783 
epoch 694: loss: 0.01648 | coarse loss: 0.02808 
epoch 695: loss: 0.01630 | coarse loss: 0.02783 
epoch 696: loss: 0.01629 | coarse loss: 0.02783 
epoch 697: loss: 0.01633 | coarse loss: 0.02788 
epoch 698: loss: 0.01630 | coarse loss: 0.02783 
epoch 699: loss: 0.01642 | coarse loss: 0.02804 
epoch 700: loss: 0.01637 | coarse loss: 0.02796 
epoch 701: loss: 0.01648 | coarse loss: 0.02808 
epoch 702: loss: 0.01650 | coarse loss: 0.02811 
epoch 703: loss: 0.01637 | coarse loss: 0.02789 
epoch 704: loss: 0.01642 | coarse loss: 0.02802 
epoch 705: loss: 0.01643 | coarse loss: 0.02808 
epoch 706: loss: 0.01629 | coarse loss: 0.02783 
epoch 707: loss: 0.01634 | coarse loss: 0.02792 
epoch 708: loss: 0.01654 | coarse loss: 0.02825 
epoch 709: loss: 0.01635 | coarse loss: 0.02786 
epoch 710: loss: 0.01636 | coarse loss: 0.02793 
epoch 711: loss: 0.01629 | coarse loss: 0.02783 
epoch 712: loss: 0.01629 | coarse loss: 0.02783 
epoch 713: loss: 0.01629 | coarse loss: 0.02783 
epoch 714: loss: 0.01636 | coarse loss: 0.02795 
epoch 715: loss: 0.01642 | coarse loss: 0.02804 
epoch 716: loss: 0.01643 | coarse loss: 0.02805 
epoch 717: loss: 0.01643 | coarse loss: 0.02799 
epoch 718: loss: 0.01630 | coarse loss: 0.02783 
epoch 719: loss: 0.01641 | coarse loss: 0.02802 
epoch 720: loss: 0.01643 | coarse loss: 0.02805 
epoch 721: loss: 0.01644 | coarse loss: 0.02807 
epoch 722: loss: 0.01646 | coarse loss: 0.02815 
epoch 723: loss: 0.01644 | coarse loss: 0.02809 
epoch 724: loss: 0.01651 | coarse loss: 0.02822 
epoch 725: loss: 0.01634 | coarse loss: 0.02791 
epoch 726: loss: 0.01635 | coarse loss: 0.02792 
epoch 727: loss: 0.01630 | coarse loss: 0.02783 
epoch 728: loss: 0.01631 | coarse loss: 0.02790 
epoch 729: loss: 0.01635 | coarse loss: 0.02795 
epoch 730: loss: 0.01630 | coarse loss: 0.02783 
epoch 731: loss: 0.01641 | coarse loss: 0.02804 
epoch 732: loss: 0.01628 | coarse loss: 0.02783 
epoch 733: loss: 0.01641 | coarse loss: 0.02805 
epoch 734: loss: 0.01629 | coarse loss: 0.02783 
epoch 735: loss: 0.01644 | coarse loss: 0.02814 
epoch 736: loss: 0.01641 | coarse loss: 0.02802 
epoch 737: loss: 0.01636 | coarse loss: 0.02797 
epoch 738: loss: 0.01647 | coarse loss: 0.02819 
epoch 739: loss: 0.01627 | coarse loss: 0.02783 
epoch 740: loss: 0.01627 | coarse loss: 0.02783 
epoch 741: loss: 0.01631 | coarse loss: 0.02786 
epoch 742: loss: 0.01641 | coarse loss: 0.02804 
epoch 743: loss: 0.01638 | coarse loss: 0.02803 
epoch 744: loss: 0.01634 | coarse loss: 0.02787 
epoch 745: loss: 0.01650 | coarse loss: 0.02820 
epoch 746: loss: 0.01652 | coarse loss: 0.02831 
epoch 747: loss: 0.01635 | coarse loss: 0.02796 
epoch 748: loss: 0.01632 | coarse loss: 0.02792 
epoch 749: loss: 0.01641 | coarse loss: 0.02804 
epoch 750: loss: 0.01642 | coarse loss: 0.02804 
epoch 751: loss: 0.01630 | coarse loss: 0.02789 
epoch 752: loss: 0.01627 | coarse loss: 0.02783 
epoch 753: loss: 0.01632 | coarse loss: 0.02788 
epoch 754: loss: 0.01640 | coarse loss: 0.02805 
epoch 755: loss: 0.01650 | coarse loss: 0.02821 
epoch 756: loss: 0.01638 | coarse loss: 0.02797 
epoch 757: loss: 0.01631 | coarse loss: 0.02787 
epoch 758: loss: 0.01627 | coarse loss: 0.02783 
epoch 759: loss: 0.01648 | coarse loss: 0.02820 
epoch 760: loss: 0.01628 | coarse loss: 0.02783 
epoch 761: loss: 0.01629 | coarse loss: 0.02783 
epoch 762: loss: 0.01630 | coarse loss: 0.02788 
epoch 763: loss: 0.01627 | coarse loss: 0.02783 
epoch 764: loss: 0.01637 | coarse loss: 0.02798 
epoch 765: loss: 0.01628 | coarse loss: 0.02783 
epoch 766: loss: 0.01625 | coarse loss: 0.02783 
epoch 767: loss: 0.01642 | coarse loss: 0.02808 
epoch 768: loss: 0.01647 | coarse loss: 0.02814 
epoch 769: loss: 0.01629 | coarse loss: 0.02783 
epoch 770: loss: 0.01632 | coarse loss: 0.02790 
epoch 771: loss: 0.01639 | coarse loss: 0.02800 
epoch 772: loss: 0.01630 | coarse loss: 0.02789 
epoch 773: loss: 0.01627 | coarse loss: 0.02788 
epoch 774: loss: 0.01631 | coarse loss: 0.02792 
epoch 775: loss: 0.01640 | coarse loss: 0.02806 
epoch 776: loss: 0.01633 | coarse loss: 0.02793 
epoch 777: loss: 0.01634 | coarse loss: 0.02799 
epoch 778: loss: 0.01626 | coarse loss: 0.02783 
epoch 779: loss: 0.01637 | coarse loss: 0.02800 
epoch 780: loss: 0.01633 | coarse loss: 0.02794 
epoch 781: loss: 0.01627 | coarse loss: 0.02783 
epoch 782: loss: 0.01641 | coarse loss: 0.02808 
epoch 783: loss: 0.01632 | coarse loss: 0.02794 
epoch 784: loss: 0.01629 | coarse loss: 0.02789 
epoch 785: loss: 0.01638 | coarse loss: 0.02799 
epoch 786: loss: 0.01627 | coarse loss: 0.02783 
epoch 787: loss: 0.01628 | coarse loss: 0.02783 
epoch 788: loss: 0.01635 | coarse loss: 0.02801 
epoch 789: loss: 0.01636 | coarse loss: 0.02801 
epoch 790: loss: 0.01644 | coarse loss: 0.02816 
epoch 791: loss: 0.01634 | coarse loss: 0.02797 
epoch 792: loss: 0.01629 | coarse loss: 0.02788 
epoch 793: loss: 0.01634 | coarse loss: 0.02800 
epoch 794: loss: 0.01630 | coarse loss: 0.02788 
epoch 795: loss: 0.01633 | coarse loss: 0.02794 
epoch 796: loss: 0.01634 | coarse loss: 0.02797 
epoch 797: loss: 0.01639 | coarse loss: 0.02808 
epoch 798: loss: 0.01630 | coarse loss: 0.02791 
epoch 799: loss: 0.01637 | coarse loss: 0.02802 
epoch 800: loss: 0.01634 | coarse loss: 0.02796 
epoch 801: loss: 0.01630 | coarse loss: 0.02791 
epoch 802: loss: 0.01638 | coarse loss: 0.02805 
epoch 803: loss: 0.01627 | coarse loss: 0.02783 
epoch 804: loss: 0.01640 | coarse loss: 0.02804 
epoch 805: loss: 0.01631 | coarse loss: 0.02792 
epoch 806: loss: 0.01632 | coarse loss: 0.02796 
epoch 807: loss: 0.01636 | coarse loss: 0.02803 
epoch 808: loss: 0.01628 | coarse loss: 0.02787 
epoch 809: loss: 0.01638 | coarse loss: 0.02810 
epoch 810: loss: 0.01646 | coarse loss: 0.02817 
epoch 811: loss: 0.01636 | coarse loss: 0.02806 
epoch 812: loss: 0.01625 | coarse loss: 0.02783 
epoch 813: loss: 0.01628 | coarse loss: 0.02790 
epoch 814: loss: 0.01629 | coarse loss: 0.02789 
epoch 815: loss: 0.01642 | coarse loss: 0.02807 
epoch 816: loss: 0.01627 | coarse loss: 0.02787 
epoch 817: loss: 0.01642 | coarse loss: 0.02812 
epoch 818: loss: 0.01639 | coarse loss: 0.02804 
epoch 819: loss: 0.01635 | coarse loss: 0.02796 
epoch 820: loss: 0.01631 | coarse loss: 0.02794 
epoch 821: loss: 0.01630 | coarse loss: 0.02793 
epoch 822: loss: 0.01624 | coarse loss: 0.02783 
epoch 823: loss: 0.01632 | coarse loss: 0.02793 
epoch 824: loss: 0.01626 | coarse loss: 0.02783 
epoch 825: loss: 0.01624 | coarse loss: 0.02783 
epoch 826: loss: 0.01625 | coarse loss: 0.02783 
epoch 827: loss: 0.01630 | coarse loss: 0.02790 
epoch 828: loss: 0.01631 | coarse loss: 0.02795 
epoch 829: loss: 0.01634 | coarse loss: 0.02797 
epoch 830: loss: 0.01639 | coarse loss: 0.02803 
epoch 831: loss: 0.01634 | coarse loss: 0.02804 
epoch 832: loss: 0.01640 | coarse loss: 0.02813 
epoch 833: loss: 0.01626 | coarse loss: 0.02787 
epoch 834: loss: 0.01624 | coarse loss: 0.02783 
epoch 835: loss: 0.01643 | coarse loss: 0.02815 
epoch 836: loss: 0.01625 | coarse loss: 0.02783 
epoch 837: loss: 0.01628 | coarse loss: 0.02790 
epoch 838: loss: 0.01631 | coarse loss: 0.02794 
epoch 839: loss: 0.01640 | coarse loss: 0.02814 
epoch 840: loss: 0.01630 | coarse loss: 0.02792 
epoch 841: loss: 0.01624 | coarse loss: 0.02783 
epoch 842: loss: 0.01633 | coarse loss: 0.02796 
epoch 843: loss: 0.01631 | coarse loss: 0.02797 
epoch 844: loss: 0.01637 | coarse loss: 0.02803 
epoch 845: loss: 0.01629 | coarse loss: 0.02791 
epoch 846: loss: 0.01632 | coarse loss: 0.02792 
epoch 847: loss: 0.01632 | coarse loss: 0.02797 
epoch 848: loss: 0.01632 | coarse loss: 0.02797 
epoch 849: loss: 0.01632 | coarse loss: 0.02798 
epoch 850: loss: 0.01634 | coarse loss: 0.02803 
Training done: 60726.19831228256
