/work/09080/lkaiser/maverick2/run_1/bash_scripts
c228-107.maverick2.tacc.utexas.edu
Fri Sep 16 00:02:39 CDT 2022
start training tiramisu
gpu available: True
setting up data
2022-09-16 00:10:01.773926 epoch 1: loss: 0.04139 | coarse loss: 0.02796 
2022-09-16 00:16:53.605505 epoch 2: loss: 0.02339 | coarse loss: 0.02796 
2022-09-16 00:23:45.472827 epoch 3: loss: 0.01960 | coarse loss: 0.02796 
2022-09-16 00:30:37.571746 epoch 4: loss: 0.01741 | coarse loss: 0.02796 
2022-09-16 00:37:29.101022 epoch 5: loss: 0.01592 | coarse loss: 0.02796 
2022-09-16 00:44:20.662499 epoch 6: loss: 0.01490 | coarse loss: 0.02796 
2022-09-16 00:51:12.663128 epoch 7: loss: 0.01404 | coarse loss: 0.02796 
2022-09-16 00:58:04.231632 epoch 8: loss: 0.01346 | coarse loss: 0.02796 
2022-09-16 01:04:56.180158 epoch 9: loss: 0.01302 | coarse loss: 0.02796 
2022-09-16 01:11:48.261308 epoch 10: loss: 0.01253 | coarse loss: 0.02796 
2022-09-16 01:18:40.259316 epoch 11: loss: 0.01218 | coarse loss: 0.02796 
2022-09-16 01:25:31.791843 epoch 12: loss: 0.01192 | coarse loss: 0.02796 
2022-09-16 01:32:23.726141 epoch 13: loss: 0.01167 | coarse loss: 0.02796 
2022-09-16 01:39:15.484178 epoch 14: loss: 0.01141 | coarse loss: 0.02796 
2022-09-16 01:46:07.245137 epoch 15: loss: 0.01123 | coarse loss: 0.02796 
2022-09-16 01:52:58.971830 epoch 16: loss: 0.01100 | coarse loss: 0.02796 
2022-09-16 01:59:50.985685 epoch 17: loss: 0.01086 | coarse loss: 0.02796 
2022-09-16 02:06:42.437743 epoch 18: loss: 0.01059 | coarse loss: 0.02796 
2022-09-16 02:13:33.848690 epoch 19: loss: 0.01046 | coarse loss: 0.02796 
2022-09-16 02:20:25.321434 epoch 20: loss: 0.01030 | coarse loss: 0.02796 
2022-09-16 02:27:16.999585 epoch 21: loss: 0.01013 | coarse loss: 0.02796 
2022-09-16 02:34:08.434675 epoch 22: loss: 0.01008 | coarse loss: 0.02796 
2022-09-16 02:40:59.937730 epoch 23: loss: 0.00997 | coarse loss: 0.02796 
2022-09-16 02:47:51.347827 epoch 24: loss: 0.00988 | coarse loss: 0.02796 
2022-09-16 02:54:42.731625 epoch 25: loss: 0.00977 | coarse loss: 0.02796 
2022-09-16 03:01:34.326700 epoch 26: loss: 0.00969 | coarse loss: 0.02796 
2022-09-16 03:08:25.926065 epoch 27: loss: 0.00960 | coarse loss: 0.02796 
2022-09-16 03:15:17.407495 epoch 28: loss: 0.00951 | coarse loss: 0.02796 
2022-09-16 03:22:08.862175 epoch 29: loss: 0.00944 | coarse loss: 0.02796 
2022-09-16 03:29:00.518890 epoch 30: loss: 0.00943 | coarse loss: 0.02796 
2022-09-16 03:35:52.261982 epoch 31: loss: 0.00931 | coarse loss: 0.02796 
2022-09-16 03:42:43.866922 epoch 32: loss: 0.00926 | coarse loss: 0.02796 
2022-09-16 03:49:35.496902 epoch 33: loss: 0.00923 | coarse loss: 0.02796 
2022-09-16 03:56:27.013886 epoch 34: loss: 0.00911 | coarse loss: 0.02796 
2022-09-16 04:03:18.624275 epoch 35: loss: 0.00908 | coarse loss: 0.02796 
2022-09-16 04:10:10.288102 epoch 36: loss: 0.00903 | coarse loss: 0.02796 
2022-09-16 04:17:01.699913 epoch 37: loss: 0.00900 | coarse loss: 0.02796 
2022-09-16 04:23:53.588497 epoch 38: loss: 0.00897 | coarse loss: 0.02796 
2022-09-16 04:30:44.960559 epoch 39: loss: 0.00893 | coarse loss: 0.02796 
2022-09-16 04:37:36.595027 epoch 40: loss: 0.00888 | coarse loss: 0.02796 
2022-09-16 04:44:28.252667 epoch 41: loss: 0.00883 | coarse loss: 0.02796 
2022-09-16 04:51:19.644823 epoch 42: loss: 0.00882 | coarse loss: 0.02796 
2022-09-16 04:58:11.019213 epoch 43: loss: 0.00877 | coarse loss: 0.02796 
2022-09-16 05:05:02.589643 epoch 44: loss: 0.00868 | coarse loss: 0.02796 
2022-09-16 05:11:53.979109 epoch 45: loss: 0.00867 | coarse loss: 0.02796 
2022-09-16 05:18:45.773350 epoch 46: loss: 0.00862 | coarse loss: 0.02796 
2022-09-16 05:25:37.425127 epoch 47: loss: 0.00858 | coarse loss: 0.02796 
2022-09-16 05:32:28.760080 epoch 48: loss: 0.00860 | coarse loss: 0.02796 
2022-09-16 05:39:20.333135 epoch 49: loss: 0.00851 | coarse loss: 0.02796 
2022-09-16 05:46:12.205718 epoch 50: loss: 0.00846 | coarse loss: 0.02796 
2022-09-16 05:53:03.854516 epoch 51: loss: 0.00846 | coarse loss: 0.02796 
2022-09-16 05:59:55.674961 epoch 52: loss: 0.00846 | coarse loss: 0.02796 
2022-09-16 06:06:47.250795 epoch 53: loss: 0.00837 | coarse loss: 0.02796 
2022-09-16 06:13:38.874800 epoch 54: loss: 0.00838 | coarse loss: 0.02796 
2022-09-16 06:20:30.367606 epoch 55: loss: 0.00833 | coarse loss: 0.02796 
2022-09-16 06:27:22.213587 epoch 56: loss: 0.00836 | coarse loss: 0.02796 
2022-09-16 06:34:13.554249 epoch 57: loss: 0.00830 | coarse loss: 0.02796 
2022-09-16 06:41:05.045299 epoch 58: loss: 0.00829 | coarse loss: 0.02796 
2022-09-16 06:47:56.422504 epoch 59: loss: 0.00824 | coarse loss: 0.02796 
2022-09-16 06:54:47.774655 epoch 60: loss: 0.00821 | coarse loss: 0.02796 
2022-09-16 07:01:39.466554 epoch 61: loss: 0.00817 | coarse loss: 0.02796 
2022-09-16 07:08:30.951391 epoch 62: loss: 0.00818 | coarse loss: 0.02796 
2022-09-16 07:15:22.521269 epoch 63: loss: 0.00814 | coarse loss: 0.02796 
2022-09-16 07:22:13.992555 epoch 64: loss: 0.00809 | coarse loss: 0.02796 
2022-09-16 07:29:05.461987 epoch 65: loss: 0.00811 | coarse loss: 0.02796 
2022-09-16 07:35:57.392278 epoch 66: loss: 0.00809 | coarse loss: 0.02796 
2022-09-16 07:42:49.274523 epoch 67: loss: 0.00808 | coarse loss: 0.02796 
2022-09-16 07:49:41.081632 epoch 68: loss: 0.00801 | coarse loss: 0.02796 
2022-09-16 07:56:32.777167 epoch 69: loss: 0.00804 | coarse loss: 0.02796 
2022-09-16 08:03:24.410871 epoch 70: loss: 0.00802 | coarse loss: 0.02796 
2022-09-16 08:10:15.897324 epoch 71: loss: 0.00793 | coarse loss: 0.02796 
2022-09-16 08:17:07.852659 epoch 72: loss: 0.00795 | coarse loss: 0.02796 
2022-09-16 08:23:59.530598 epoch 73: loss: 0.00798 | coarse loss: 0.02796 
2022-09-16 08:30:51.173755 epoch 74: loss: 0.00788 | coarse loss: 0.02796 
2022-09-16 08:37:42.712390 epoch 75: loss: 0.00791 | coarse loss: 0.02796 
2022-09-16 08:44:34.442483 epoch 76: loss: 0.00789 | coarse loss: 0.02796 
2022-09-16 08:51:25.998540 epoch 77: loss: 0.00786 | coarse loss: 0.02796 
2022-09-16 08:58:17.856495 epoch 78: loss: 0.00787 | coarse loss: 0.02796 
2022-09-16 09:05:09.515508 epoch 79: loss: 0.00784 | coarse loss: 0.02796 
2022-09-16 09:12:00.882842 epoch 80: loss: 0.00784 | coarse loss: 0.02796 
2022-09-16 09:18:52.301796 epoch 81: loss: 0.00785 | coarse loss: 0.02796 
2022-09-16 09:25:44.076788 epoch 82: loss: 0.00780 | coarse loss: 0.02796 
2022-09-16 09:32:35.380623 epoch 83: loss: 0.00779 | coarse loss: 0.02796 
2022-09-16 09:39:26.788826 epoch 84: loss: 0.00774 | coarse loss: 0.02796 
2022-09-16 09:46:18.183552 epoch 85: loss: 0.00775 | coarse loss: 0.02796 
2022-09-16 09:53:09.583224 epoch 86: loss: 0.00774 | coarse loss: 0.02796 
2022-09-16 10:00:00.934976 epoch 87: loss: 0.00776 | coarse loss: 0.02796 
2022-09-16 10:06:52.707029 epoch 88: loss: 0.00772 | coarse loss: 0.02796 
2022-09-16 10:13:44.318425 epoch 89: loss: 0.00771 | coarse loss: 0.02796 
2022-09-16 10:20:36.028003 epoch 90: loss: 0.00767 | coarse loss: 0.02796 
2022-09-16 10:27:27.533807 epoch 91: loss: 0.00769 | coarse loss: 0.02796 
2022-09-16 10:34:19.352684 epoch 92: loss: 0.00766 | coarse loss: 0.02796 
2022-09-16 10:41:10.742909 epoch 93: loss: 0.00765 | coarse loss: 0.02796 
2022-09-16 10:48:02.370737 epoch 94: loss: 0.00763 | coarse loss: 0.02796 
2022-09-16 10:54:53.833992 epoch 95: loss: 0.00761 | coarse loss: 0.02796 
2022-09-16 11:01:45.391151 epoch 96: loss: 0.00761 | coarse loss: 0.02796 
2022-09-16 11:08:36.813662 epoch 97: loss: 0.00754 | coarse loss: 0.02796 
2022-09-16 11:15:28.659421 epoch 98: loss: 0.00761 | coarse loss: 0.02796 
2022-09-16 11:22:20.514440 epoch 99: loss: 0.00754 | coarse loss: 0.02796 
2022-09-16 11:29:11.855082 epoch 100: loss: 0.00761 | coarse loss: 0.02796 
2022-09-16 11:36:03.461465 epoch 101: loss: 0.00754 | coarse loss: 0.02796 
2022-09-16 11:42:54.902371 epoch 102: loss: 0.00751 | coarse loss: 0.02796 
2022-09-16 11:49:46.581850 epoch 103: loss: 0.00749 | coarse loss: 0.02796 
2022-09-16 11:56:37.968196 epoch 104: loss: 0.00749 | coarse loss: 0.02796 
2022-09-16 12:03:29.797257 epoch 105: loss: 0.00748 | coarse loss: 0.02796 
2022-09-16 12:10:21.174462 epoch 106: loss: 0.00748 | coarse loss: 0.02796 
2022-09-16 12:17:12.610268 epoch 107: loss: 0.00745 | coarse loss: 0.02796 
2022-09-16 12:24:04.012534 epoch 108: loss: 0.00743 | coarse loss: 0.02796 
2022-09-16 12:30:55.793502 epoch 109: loss: 0.00742 | coarse loss: 0.02796 
2022-09-16 12:37:47.205959 epoch 110: loss: 0.00744 | coarse loss: 0.02796 
2022-09-16 12:44:38.839050 epoch 111: loss: 0.00742 | coarse loss: 0.02796 
2022-09-16 12:51:30.261355 epoch 112: loss: 0.00742 | coarse loss: 0.02796 
2022-09-16 12:58:21.911486 epoch 113: loss: 0.00743 | coarse loss: 0.02796 
2022-09-16 13:05:13.563357 epoch 114: loss: 0.00738 | coarse loss: 0.02796 
2022-09-16 13:12:05.057624 epoch 115: loss: 0.00740 | coarse loss: 0.02796 
2022-09-16 13:18:56.521229 epoch 116: loss: 0.00737 | coarse loss: 0.02796 
2022-09-16 13:25:47.963569 epoch 117: loss: 0.00736 | coarse loss: 0.02796 
2022-09-16 13:32:39.388903 epoch 118: loss: 0.00737 | coarse loss: 0.02796 
2022-09-16 13:39:30.807426 epoch 119: loss: 0.00733 | coarse loss: 0.02796 
2022-09-16 13:46:22.533211 epoch 120: loss: 0.00731 | coarse loss: 0.02796 
2022-09-16 13:53:14.006294 epoch 121: loss: 0.00732 | coarse loss: 0.02796 
2022-09-16 14:00:05.352647 epoch 122: loss: 0.00733 | coarse loss: 0.02796 
2022-09-16 14:06:56.952611 epoch 123: loss: 0.00730 | coarse loss: 0.02796 
2022-09-16 14:13:48.373097 epoch 124: loss: 0.00729 | coarse loss: 0.02796 
2022-09-16 14:20:39.859840 epoch 125: loss: 0.00724 | coarse loss: 0.02796 
2022-09-16 14:27:31.265129 epoch 126: loss: 0.00732 | coarse loss: 0.02796 
2022-09-16 14:34:22.623994 epoch 127: loss: 0.00724 | coarse loss: 0.02796 
2022-09-16 14:41:14.355819 epoch 128: loss: 0.00724 | coarse loss: 0.02796 
2022-09-16 14:48:05.714425 epoch 129: loss: 0.00732 | coarse loss: 0.02796 
2022-09-16 14:54:56.948813 epoch 130: loss: 0.00731 | coarse loss: 0.02796 
2022-09-16 15:01:48.250359 epoch 131: loss: 0.00726 | coarse loss: 0.02796 
2022-09-16 15:08:39.637043 epoch 132: loss: 0.00725 | coarse loss: 0.02796 
2022-09-16 15:15:31.097628 epoch 133: loss: 0.00722 | coarse loss: 0.02796 
2022-09-16 15:22:22.397510 epoch 134: loss: 0.00726 | coarse loss: 0.02796 
2022-09-16 15:29:13.929652 epoch 135: loss: 0.00721 | coarse loss: 0.02796 
2022-09-16 15:36:05.249331 epoch 136: loss: 0.00721 | coarse loss: 0.02796 
2022-09-16 15:42:56.687188 epoch 137: loss: 0.00720 | coarse loss: 0.02796 
2022-09-16 15:49:48.036772 epoch 138: loss: 0.00722 | coarse loss: 0.02796 
2022-09-16 15:56:39.318901 epoch 139: loss: 0.00721 | coarse loss: 0.02796 
2022-09-16 16:03:30.773262 epoch 140: loss: 0.00719 | coarse loss: 0.02796 
2022-09-16 16:10:21.989231 epoch 141: loss: 0.00719 | coarse loss: 0.02796 
2022-09-16 16:17:13.598832 epoch 142: loss: 0.00712 | coarse loss: 0.02796 
2022-09-16 16:24:05.152676 epoch 143: loss: 0.00716 | coarse loss: 0.02796 
2022-09-16 16:30:56.413184 epoch 144: loss: 0.00714 | coarse loss: 0.02796 
2022-09-16 16:37:48.091147 epoch 145: loss: 0.00715 | coarse loss: 0.02796 
2022-09-16 16:44:39.323278 epoch 146: loss: 0.00719 | coarse loss: 0.02796 
2022-09-16 16:51:30.678386 epoch 147: loss: 0.00712 | coarse loss: 0.02796 
2022-09-16 16:58:21.936604 epoch 148: loss: 0.00715 | coarse loss: 0.02796 
2022-09-16 17:05:13.146987 epoch 149: loss: 0.00715 | coarse loss: 0.02796 
2022-09-16 17:12:04.373656 epoch 150: loss: 0.00709 | coarse loss: 0.02796 
2022-09-16 17:18:55.950491 epoch 151: loss: 0.00709 | coarse loss: 0.02796 
2022-09-16 17:25:47.541617 epoch 152: loss: 0.00709 | coarse loss: 0.02796 
2022-09-16 17:32:39.182457 epoch 153: loss: 0.00710 | coarse loss: 0.02796 
2022-09-16 17:39:30.443133 epoch 154: loss: 0.00708 | coarse loss: 0.02796 
2022-09-16 17:46:21.967038 epoch 155: loss: 0.00705 | coarse loss: 0.02796 
2022-09-16 17:53:13.466035 epoch 156: loss: 0.00706 | coarse loss: 0.02796 
2022-09-16 18:00:04.739986 epoch 157: loss: 0.00709 | coarse loss: 0.02796 
2022-09-16 18:06:56.318977 epoch 158: loss: 0.00708 | coarse loss: 0.02796 
2022-09-16 18:13:47.849886 epoch 159: loss: 0.00704 | coarse loss: 0.02796 
2022-09-16 18:20:39.677691 epoch 160: loss: 0.00706 | coarse loss: 0.02796 
2022-09-16 18:27:30.987006 epoch 161: loss: 0.00703 | coarse loss: 0.02796 
2022-09-16 18:34:22.641494 epoch 162: loss: 0.00705 | coarse loss: 0.02796 
2022-09-16 18:41:14.176857 epoch 163: loss: 0.00705 | coarse loss: 0.02796 
2022-09-16 18:48:05.546064 epoch 164: loss: 0.00701 | coarse loss: 0.02796 
2022-09-16 18:54:57.272320 epoch 165: loss: 0.00705 | coarse loss: 0.02796 
2022-09-16 19:01:48.534633 epoch 166: loss: 0.00701 | coarse loss: 0.02796 
2022-09-16 19:08:40.057615 epoch 167: loss: 0.00699 | coarse loss: 0.02796 
2022-09-16 19:15:31.707998 epoch 168: loss: 0.00697 | coarse loss: 0.02796 
2022-09-16 19:22:22.959386 epoch 169: loss: 0.00698 | coarse loss: 0.02796 
2022-09-16 19:29:14.205925 epoch 170: loss: 0.00701 | coarse loss: 0.02796 
2022-09-16 19:36:05.720465 epoch 171: loss: 0.00694 | coarse loss: 0.02796 
2022-09-16 19:42:57.156058 epoch 172: loss: 0.00696 | coarse loss: 0.02796 
2022-09-16 19:49:48.580907 epoch 173: loss: 0.00696 | coarse loss: 0.02796 
2022-09-16 19:56:40.148155 epoch 174: loss: 0.00695 | coarse loss: 0.02796 
2022-09-16 20:03:31.434439 epoch 175: loss: 0.00700 | coarse loss: 0.02796 
2022-09-16 20:10:22.650755 epoch 176: loss: 0.00698 | coarse loss: 0.02796 
2022-09-16 20:17:14.158102 epoch 177: loss: 0.00697 | coarse loss: 0.02796 
2022-09-16 20:24:05.647792 epoch 178: loss: 0.00693 | coarse loss: 0.02796 
2022-09-16 20:30:57.115622 epoch 179: loss: 0.00692 | coarse loss: 0.02796 
2022-09-16 20:37:48.668490 epoch 180: loss: 0.00694 | coarse loss: 0.02796 
2022-09-16 20:44:40.199199 epoch 181: loss: 0.00692 | coarse loss: 0.02796 
2022-09-16 20:51:31.452813 epoch 182: loss: 0.00695 | coarse loss: 0.02796 
2022-09-16 20:58:23.114744 epoch 183: loss: 0.00692 | coarse loss: 0.02796 
2022-09-16 21:05:14.538309 epoch 184: loss: 0.00693 | coarse loss: 0.02796 
2022-09-16 21:12:05.697743 epoch 185: loss: 0.00691 | coarse loss: 0.02796 
2022-09-16 21:18:56.789405 epoch 186: loss: 0.00686 | coarse loss: 0.02796 
2022-09-16 21:25:48.349077 epoch 187: loss: 0.00692 | coarse loss: 0.02796 
2022-09-16 21:32:39.472367 epoch 188: loss: 0.00690 | coarse loss: 0.02796 
2022-09-16 21:39:30.567980 epoch 189: loss: 0.00690 | coarse loss: 0.02796 
2022-09-16 21:46:21.695464 epoch 190: loss: 0.00689 | coarse loss: 0.02796 
2022-09-16 21:53:12.836930 epoch 191: loss: 0.00683 | coarse loss: 0.02796 
2022-09-16 22:00:03.992882 epoch 192: loss: 0.00688 | coarse loss: 0.02796 
2022-09-16 22:06:55.191661 epoch 193: loss: 0.00688 | coarse loss: 0.02796 
2022-09-16 22:13:46.255346 epoch 194: loss: 0.00692 | coarse loss: 0.02796 
2022-09-16 22:20:37.347066 epoch 195: loss: 0.00685 | coarse loss: 0.02796 
2022-09-16 22:27:28.575381 epoch 196: loss: 0.00683 | coarse loss: 0.02796 
2022-09-16 22:34:20.094106 epoch 197: loss: 0.00682 | coarse loss: 0.02796 
2022-09-16 22:41:11.529003 epoch 198: loss: 0.00685 | coarse loss: 0.02796 
2022-09-16 22:48:02.954814 epoch 199: loss: 0.00686 | coarse loss: 0.02796 
2022-09-16 22:54:54.046880 epoch 200: loss: 0.00689 | coarse loss: 0.02796 
2022-09-16 23:01:45.213873 epoch 201: loss: 0.00684 | coarse loss: 0.02796 
2022-09-16 23:08:36.395986 epoch 202: loss: 0.00682 | coarse loss: 0.02796 
2022-09-16 23:15:27.463252 epoch 203: loss: 0.00686 | coarse loss: 0.02796 
2022-09-16 23:22:18.526167 epoch 204: loss: 0.00679 | coarse loss: 0.02796 
2022-09-16 23:29:09.991835 epoch 205: loss: 0.00683 | coarse loss: 0.02796 
2022-09-16 23:36:01.070333 epoch 206: loss: 0.00683 | coarse loss: 0.02796 
2022-09-16 23:42:52.373779 epoch 207: loss: 0.00681 | coarse loss: 0.02796 
2022-09-16 23:49:43.918397 epoch 208: loss: 0.00676 | coarse loss: 0.02796 
2022-09-16 23:56:35.285446 epoch 209: loss: 0.00682 | coarse loss: 0.02796 
slurmstepd: error: *** JOB 200107 ON c228-107 CANCELLED AT 2022-09-17T00:02:45 DUE TO TIME LIMIT ***
