/work/09080/lkaiser/maverick2/run_1/bash_scripts
c228-101.maverick2.tacc.utexas.edu
Tue Oct 25 11:35:09 CDT 2022
start training unet 256
gpu available: True | n of gpus: 2
setting up data
total number of data points: 10048
2022-10-25 11:36:59.628483 epoch 1: loss: 0.01214 | coarse loss: 0.00435
/home1/09080/lkaiser/.local/lib/python3.6/site-packages/torch/nn/functional.py:3635: UserWarning: Default upsampling behavior when mode=bilinear is changed to align_corners=False since 0.4.0. Please specify align_corners=True if the old behavior is desired. See the documentation of nn.Upsample for details.
  "See the documentation of nn.Upsample for details.".format(mode)
/home1/09080/lkaiser/.local/lib/python3.6/site-packages/torch/nn/functional.py:3509: UserWarning: nn.functional.upsample is deprecated. Use nn.functional.interpolate instead.
  warnings.warn("nn.functional.upsample is deprecated. Use nn.functional.interpolate instead.")
2022-10-25 11:37:43.698832 epoch 2: loss: 0.00786 | coarse loss: 0.00434
2022-10-25 11:38:27.741709 epoch 3: loss: 0.00718 | coarse loss: 0.00436
2022-10-25 11:39:12.002475 epoch 4: loss: 0.00681 | coarse loss: 0.00436
2022-10-25 11:39:55.949987 epoch 5: loss: 0.00651 | coarse loss: 0.00435
2022-10-25 11:40:40.293648 epoch 6: loss: 0.00609 | coarse loss: 0.00434
2022-10-25 11:41:24.521811 epoch 7: loss: 0.00499 | coarse loss: 0.00435
2022-10-25 11:42:08.823509 epoch 8: loss: 0.00429 | coarse loss: 0.00435
2022-10-25 11:42:53.389340 epoch 9: loss: 0.00393 | coarse loss: 0.00434
2022-10-25 11:43:37.795540 epoch 10: loss: 0.00373 | coarse loss: 0.00435
2022-10-25 11:44:22.183768 epoch 11: loss: 0.00361 | coarse loss: 0.00437
2022-10-25 11:45:06.470588 epoch 12: loss: 0.00347 | coarse loss: 0.00434
2022-10-25 11:45:50.910586 epoch 13: loss: 0.00341 | coarse loss: 0.00434
2022-10-25 11:46:35.628995 epoch 14: loss: 0.00336 | coarse loss: 0.00434
2022-10-25 11:47:19.785046 epoch 15: loss: 0.00332 | coarse loss: 0.00435
2022-10-25 11:48:04.105811 epoch 16: loss: 0.00328 | coarse loss: 0.00435
2022-10-25 11:48:48.498339 epoch 17: loss: 0.00319 | coarse loss: 0.00434
2022-10-25 11:49:33.402546 epoch 18: loss: 0.00317 | coarse loss: 0.00435
2022-10-25 11:50:17.265851 epoch 19: loss: 0.00314 | coarse loss: 0.00436
2022-10-25 11:51:01.444653 epoch 20: loss: 0.00309 | coarse loss: 0.00434
2022-10-25 11:51:45.657534 epoch 21: loss: 0.00308 | coarse loss: 0.00434
2022-10-25 11:52:30.040254 epoch 22: loss: 0.00303 | coarse loss: 0.00434
2022-10-25 11:53:14.588215 epoch 23: loss: 0.00302 | coarse loss: 0.00434
2022-10-25 11:53:59.271344 epoch 24: loss: 0.00301 | coarse loss: 0.00435
2022-10-25 11:54:43.857679 epoch 25: loss: 0.00295 | coarse loss: 0.00434
2022-10-25 11:55:28.001759 epoch 26: loss: 0.00294 | coarse loss: 0.00435
2022-10-25 11:56:12.164754 epoch 27: loss: 0.00293 | coarse loss: 0.00434
2022-10-25 11:56:56.591742 epoch 28: loss: 0.00292 | coarse loss: 0.00434
2022-10-25 11:57:40.887010 epoch 29: loss: 0.00287 | coarse loss: 0.00435
2022-10-25 11:58:25.166387 epoch 30: loss: 0.00286 | coarse loss: 0.00435
2022-10-25 11:59:09.595832 epoch 31: loss: 0.00282 | coarse loss: 0.00435
2022-10-25 11:59:54.348792 epoch 32: loss: 0.00283 | coarse loss: 0.00434
2022-10-25 12:00:38.627309 epoch 33: loss: 0.00280 | coarse loss: 0.00435
2022-10-25 12:01:22.752944 epoch 34: loss: 0.00283 | coarse loss: 0.00434
2022-10-25 12:02:06.787170 epoch 35: loss: 0.00279 | coarse loss: 0.00437
2022-10-25 12:02:50.883071 epoch 36: loss: 0.00276 | coarse loss: 0.00435
2022-10-25 12:03:35.728882 epoch 37: loss: 0.00278 | coarse loss: 0.00436
2022-10-25 12:04:19.922462 epoch 38: loss: 0.00271 | coarse loss: 0.00434
2022-10-25 12:05:03.883733 epoch 39: loss: 0.00273 | coarse loss: 0.00435
2022-10-25 12:05:48.058800 epoch 40: loss: 0.00272 | coarse loss: 0.00437
2022-10-25 12:06:32.226167 epoch 41: loss: 0.00270 | coarse loss: 0.00435
2022-10-25 12:07:16.858969 epoch 42: loss: 0.00267 | coarse loss: 0.00436
2022-10-25 12:08:01.021574 epoch 43: loss: 0.00265 | coarse loss: 0.00434
2022-10-25 12:08:45.138458 epoch 44: loss: 0.00268 | coarse loss: 0.00435
2022-10-25 12:09:29.410379 epoch 45: loss: 0.00263 | coarse loss: 0.00435
2022-10-25 12:10:14.026414 epoch 46: loss: 0.00265 | coarse loss: 0.00437
2022-10-25 12:10:58.300511 epoch 47: loss: 0.00261 | coarse loss: 0.00435
2022-10-25 12:11:42.067406 epoch 48: loss: 0.00256 | coarse loss: 0.00435
2022-10-25 12:12:26.141049 epoch 49: loss: 0.00258 | coarse loss: 0.00435
2022-10-25 12:13:10.777937 epoch 50: loss: 0.00257 | coarse loss: 0.00435
2022-10-25 12:13:55.208276 epoch 51: loss: 0.00254 | coarse loss: 0.00435
2022-10-25 12:14:40.058482 epoch 52: loss: 0.00255 | coarse loss: 0.00436
2022-10-25 12:15:24.121379 epoch 53: loss: 0.00254 | coarse loss: 0.00436
2022-10-25 12:16:08.544176 epoch 54: loss: 0.00252 | coarse loss: 0.00435
2022-10-25 12:16:53.073322 epoch 55: loss: 0.00248 | coarse loss: 0.00435
2022-10-25 12:17:37.355745 epoch 56: loss: 0.00247 | coarse loss: 0.00434
2022-10-25 12:18:21.366231 epoch 57: loss: 0.00245 | coarse loss: 0.00435
2022-10-25 12:19:05.944463 epoch 58: loss: 0.00242 | coarse loss: 0.00434
2022-10-25 12:19:50.098049 epoch 59: loss: 0.00254 | coarse loss: 0.00434
2022-10-25 12:20:34.754636 epoch 60: loss: 0.00244 | coarse loss: 0.00435
2022-10-25 12:21:18.695713 epoch 61: loss: 0.00241 | coarse loss: 0.00435
2022-10-25 12:22:02.954104 epoch 62: loss: 0.00237 | coarse loss: 0.00435
2022-10-25 12:22:47.098928 epoch 63: loss: 0.00236 | coarse loss: 0.00434
2022-10-25 12:23:31.149467 epoch 64: loss: 0.00238 | coarse loss: 0.00435
2022-10-25 12:24:15.340177 epoch 65: loss: 0.00235 | coarse loss: 0.00434
2022-10-25 12:24:59.598476 epoch 66: loss: 0.00231 | coarse loss: 0.00435
2022-10-25 12:25:43.652959 epoch 67: loss: 0.00234 | coarse loss: 0.00436
2022-10-25 12:26:27.818715 epoch 68: loss: 0.00230 | coarse loss: 0.00434
2022-10-25 12:27:12.184899 epoch 69: loss: 0.00230 | coarse loss: 0.00435
2022-10-25 12:27:56.459600 epoch 70: loss: 0.00229 | coarse loss: 0.00435
2022-10-25 12:28:40.638743 epoch 71: loss: 0.00250 | coarse loss: 0.00436
2022-10-25 12:29:25.006230 epoch 72: loss: 0.00228 | coarse loss: 0.00435
2022-10-25 12:30:09.053531 epoch 73: loss: 0.00228 | coarse loss: 0.00435
2022-10-25 12:30:53.528167 epoch 74: loss: 0.00224 | coarse loss: 0.00435
2022-10-25 12:31:38.174722 epoch 75: loss: 0.00224 | coarse loss: 0.00435
2022-10-25 12:32:22.159524 epoch 76: loss: 0.00221 | coarse loss: 0.00434
2022-10-25 12:33:06.089091 epoch 77: loss: 0.00220 | coarse loss: 0.00435
2022-10-25 12:33:50.270612 epoch 78: loss: 0.00219 | coarse loss: 0.00436
2022-10-25 12:34:34.367136 epoch 79: loss: 0.00216 | coarse loss: 0.00435
2022-10-25 12:35:18.749282 epoch 80: loss: 0.00220 | coarse loss: 0.00435
2022-10-25 12:36:02.897974 epoch 81: loss: 0.00216 | coarse loss: 0.00435
2022-10-25 12:36:47.123725 epoch 82: loss: 0.00215 | coarse loss: 0.00434
2022-10-25 12:37:31.375402 epoch 83: loss: 0.00216 | coarse loss: 0.00435
2022-10-25 12:38:15.327178 epoch 84: loss: 0.00216 | coarse loss: 0.00435
2022-10-25 12:38:59.396653 epoch 85: loss: 0.00215 | coarse loss: 0.00435
2022-10-25 12:39:43.338005 epoch 86: loss: 0.00273 | coarse loss: 0.00435
2022-10-25 12:40:27.536727 epoch 87: loss: 0.00231 | coarse loss: 0.00435
2022-10-25 12:41:11.918563 epoch 88: loss: 0.00217 | coarse loss: 0.00435
2022-10-25 12:41:56.212654 epoch 89: loss: 0.00214 | coarse loss: 0.00434
2022-10-25 12:42:40.660740 epoch 90: loss: 0.00213 | coarse loss: 0.00436
2022-10-25 12:43:24.841059 epoch 91: loss: 0.00214 | coarse loss: 0.00435
2022-10-25 12:44:09.368898 epoch 92: loss: 0.00209 | coarse loss: 0.00435
2022-10-25 12:44:53.738057 epoch 93: loss: 0.00210 | coarse loss: 0.00434
2022-10-25 12:45:37.927858 epoch 94: loss: 0.00207 | coarse loss: 0.00435
2022-10-25 12:46:22.466914 epoch 95: loss: 0.00208 | coarse loss: 0.00435
2022-10-25 12:47:06.939769 epoch 96: loss: 0.00206 | coarse loss: 0.00435
2022-10-25 12:47:51.049016 epoch 97: loss: 0.00206 | coarse loss: 0.00435
2022-10-25 12:48:35.501678 epoch 98: loss: 0.00206 | coarse loss: 0.00435
2022-10-25 12:49:19.694712 epoch 99: loss: 0.00205 | coarse loss: 0.00435
2022-10-25 12:50:04.147206 epoch 100: loss: 0.00205 | coarse loss: 0.00435
2022-10-25 12:50:48.499500 epoch 101: loss: 0.00205 | coarse loss: 0.00435
2022-10-25 12:51:32.999471 epoch 102: loss: 0.00206 | coarse loss: 0.00435
2022-10-25 12:52:17.755612 epoch 103: loss: 0.00205 | coarse loss: 0.00434
2022-10-25 12:53:02.553906 epoch 104: loss: 0.00205 | coarse loss: 0.00436
2022-10-25 12:53:47.405288 epoch 105: loss: 0.00238 | coarse loss: 0.00434
2022-10-25 12:54:31.763377 epoch 106: loss: 0.00206 | coarse loss: 0.00435
2022-10-25 12:55:16.378526 epoch 107: loss: 0.00202 | coarse loss: 0.00435
2022-10-25 12:56:00.747225 epoch 108: loss: 0.00202 | coarse loss: 0.00436
2022-10-25 12:56:45.278114 epoch 109: loss: 0.00202 | coarse loss: 0.00434
2022-10-25 12:57:29.627683 epoch 110: loss: 0.00199 | coarse loss: 0.00435
2022-10-25 12:58:13.931387 epoch 111: loss: 0.00200 | coarse loss: 0.00436
2022-10-25 12:58:58.339320 epoch 112: loss: 0.00201 | coarse loss: 0.00436
2022-10-25 12:59:42.480714 epoch 113: loss: 0.00199 | coarse loss: 0.00435
2022-10-25 13:00:26.674034 epoch 114: loss: 0.00196 | coarse loss: 0.00436
2022-10-25 13:01:10.910211 epoch 115: loss: 0.00197 | coarse loss: 0.00434
2022-10-25 13:01:55.195194 epoch 116: loss: 0.00197 | coarse loss: 0.00436
2022-10-25 13:02:39.803545 epoch 117: loss: 0.00194 | coarse loss: 0.00436
2022-10-25 13:03:24.300713 epoch 118: loss: 0.00195 | coarse loss: 0.00435
2022-10-25 13:04:08.646925 epoch 119: loss: 0.00196 | coarse loss: 0.00435
2022-10-25 13:04:53.136751 epoch 120: loss: 0.00196 | coarse loss: 0.00434
2022-10-25 13:05:37.253488 epoch 121: loss: 0.00195 | coarse loss: 0.00434
2022-10-25 13:06:21.679616 epoch 122: loss: 0.00197 | coarse loss: 0.00435
2022-10-25 13:07:06.073372 epoch 123: loss: 0.00261 | coarse loss: 0.00434
2022-10-25 13:07:50.812125 epoch 124: loss: 0.00235 | coarse loss: 0.00434
2022-10-25 13:08:35.165817 epoch 125: loss: 0.00198 | coarse loss: 0.00435
2022-10-25 13:09:19.658225 epoch 126: loss: 0.00195 | coarse loss: 0.00435
2022-10-25 13:10:03.981670 epoch 127: loss: 0.00196 | coarse loss: 0.00434
2022-10-25 13:10:48.598557 epoch 128: loss: 0.00195 | coarse loss: 0.00434
2022-10-25 13:11:32.657842 epoch 129: loss: 0.00194 | coarse loss: 0.00436
2022-10-25 13:12:17.017388 epoch 130: loss: 0.00209 | coarse loss: 0.00435
2022-10-25 13:13:01.535707 epoch 131: loss: 0.00191 | coarse loss: 0.00435
2022-10-25 13:13:46.455788 epoch 132: loss: 0.00193 | coarse loss: 0.00435
2022-10-25 13:14:31.363662 epoch 133: loss: 0.00189 | coarse loss: 0.00435
2022-10-25 13:15:15.933294 epoch 134: loss: 0.00192 | coarse loss: 0.00435
2022-10-25 13:16:00.519378 epoch 135: loss: 0.00190 | coarse loss: 0.00435
2022-10-25 13:16:44.868380 epoch 136: loss: 0.00191 | coarse loss: 0.00435
2022-10-25 13:17:29.272238 epoch 137: loss: 0.00194 | coarse loss: 0.00435
2022-10-25 13:18:14.025652 epoch 138: loss: 0.00190 | coarse loss: 0.00435
2022-10-25 13:18:58.204415 epoch 139: loss: 0.00259 | coarse loss: 0.00435
2022-10-25 13:19:42.262091 epoch 140: loss: 0.00204 | coarse loss: 0.00435
2022-10-25 13:20:26.774822 epoch 141: loss: 0.00195 | coarse loss: 0.00435
2022-10-25 13:21:11.226881 epoch 142: loss: 0.00190 | coarse loss: 0.00435
2022-10-25 13:21:56.034137 epoch 143: loss: 0.00189 | coarse loss: 0.00435
2022-10-25 13:22:40.135190 epoch 144: loss: 0.00189 | coarse loss: 0.00435
2022-10-25 13:23:24.324915 epoch 145: loss: 0.00195 | coarse loss: 0.00435
2022-10-25 13:24:08.557703 epoch 146: loss: 0.00189 | coarse loss: 0.00435
2022-10-25 13:24:52.901694 epoch 147: loss: 0.00187 | coarse loss: 0.00434
2022-10-25 13:25:37.374716 epoch 148: loss: 0.00199 | coarse loss: 0.00435
2022-10-25 13:26:21.911921 epoch 149: loss: 0.00187 | coarse loss: 0.00435
2022-10-25 13:27:06.377359 epoch 150: loss: 0.00192 | coarse loss: 0.00436
2022-10-25 13:27:50.974533 epoch 151: loss: 0.00205 | coarse loss: 0.00434
2022-10-25 13:28:35.594852 epoch 152: loss: 0.00191 | coarse loss: 0.00435
2022-10-25 13:29:19.917945 epoch 153: loss: 0.00186 | coarse loss: 0.00435
2022-10-25 13:30:04.375444 epoch 154: loss: 0.00187 | coarse loss: 0.00436
2022-10-25 13:30:48.740469 epoch 155: loss: 0.00187 | coarse loss: 0.00434
2022-10-25 13:31:33.189926 epoch 156: loss: 0.00187 | coarse loss: 0.00434
2022-10-25 13:32:17.298809 epoch 157: loss: 0.00205 | coarse loss: 0.00435
2022-10-25 13:33:01.956358 epoch 158: loss: 0.00189 | coarse loss: 0.00435
2022-10-25 13:33:46.760044 epoch 159: loss: 0.00185 | coarse loss: 0.00435
2022-10-25 13:34:31.053024 epoch 160: loss: 0.00184 | coarse loss: 0.00435
2022-10-25 13:35:15.809776 epoch 161: loss: 0.00184 | coarse loss: 0.00435
2022-10-25 13:36:00.148291 epoch 162: loss: 0.00184 | coarse loss: 0.00435
2022-10-25 13:36:44.397239 epoch 163: loss: 0.00183 | coarse loss: 0.00434
2022-10-25 13:37:28.600206 epoch 164: loss: 0.00184 | coarse loss: 0.00435
2022-10-25 13:38:12.956631 epoch 165: loss: 0.00183 | coarse loss: 0.00434
2022-10-25 13:38:57.449745 epoch 166: loss: 0.00185 | coarse loss: 0.00436
2022-10-25 13:39:41.853481 epoch 167: loss: 0.00185 | coarse loss: 0.00436
2022-10-25 13:40:25.952356 epoch 168: loss: 0.00183 | coarse loss: 0.00434
2022-10-25 13:41:10.400202 epoch 169: loss: 0.00181 | coarse loss: 0.00434
2022-10-25 13:41:54.922683 epoch 170: loss: 0.00184 | coarse loss: 0.00435
2022-10-25 13:42:39.196447 epoch 171: loss: 0.00181 | coarse loss: 0.00434
2022-10-25 13:43:23.539583 epoch 172: loss: 0.00182 | coarse loss: 0.00436
2022-10-25 13:44:07.848185 epoch 173: loss: 0.00182 | coarse loss: 0.00434
2022-10-25 13:44:52.308215 epoch 174: loss: 0.00206 | coarse loss: 0.00435
2022-10-25 13:45:36.638006 epoch 175: loss: 0.00186 | coarse loss: 0.00434
2022-10-25 13:46:21.397478 epoch 176: loss: 0.00181 | coarse loss: 0.00435
2022-10-25 13:47:05.945126 epoch 177: loss: 0.00180 | coarse loss: 0.00435
2022-10-25 13:47:50.180967 epoch 178: loss: 0.00181 | coarse loss: 0.00434
2022-10-25 13:48:34.934943 epoch 179: loss: 0.00182 | coarse loss: 0.00434
2022-10-25 13:49:19.730074 epoch 180: loss: 0.00180 | coarse loss: 0.00434
2022-10-25 13:50:04.474706 epoch 181: loss: 0.00179 | coarse loss: 0.00434
2022-10-25 13:50:48.870628 epoch 182: loss: 0.00178 | coarse loss: 0.00435
2022-10-25 13:51:33.297536 epoch 183: loss: 0.00179 | coarse loss: 0.00435
2022-10-25 13:52:17.645787 epoch 184: loss: 0.00180 | coarse loss: 0.00434
2022-10-25 13:53:01.879184 epoch 185: loss: 0.00181 | coarse loss: 0.00434
2022-10-25 13:53:46.602957 epoch 186: loss: 0.00179 | coarse loss: 0.00435
2022-10-25 13:54:30.900039 epoch 187: loss: 0.00180 | coarse loss: 0.00434
2022-10-25 13:55:15.335353 epoch 188: loss: 0.00181 | coarse loss: 0.00435
2022-10-25 13:55:59.840948 epoch 189: loss: 0.00180 | coarse loss: 0.00434
2022-10-25 13:56:44.303613 epoch 190: loss: 0.00179 | coarse loss: 0.00435
2022-10-25 13:57:28.668538 epoch 191: loss: 0.00177 | coarse loss: 0.00434
2022-10-25 13:58:13.215938 epoch 192: loss: 0.00179 | coarse loss: 0.00435
2022-10-25 13:58:57.720500 epoch 193: loss: 0.00210 | coarse loss: 0.00435
2022-10-25 13:59:42.166623 epoch 194: loss: 0.00182 | coarse loss: 0.00434
2022-10-25 14:00:26.442903 epoch 195: loss: 0.00180 | coarse loss: 0.00435
2022-10-25 14:01:10.812798 epoch 196: loss: 0.00178 | coarse loss: 0.00435
2022-10-25 14:01:55.148751 epoch 197: loss: 0.00180 | coarse loss: 0.00435
2022-10-25 14:02:39.463349 epoch 198: loss: 0.00178 | coarse loss: 0.00435
2022-10-25 14:03:23.849226 epoch 199: loss: 0.00177 | coarse loss: 0.00435
2022-10-25 14:04:08.650553 epoch 200: loss: 0.00176 | coarse loss: 0.00436
2022-10-25 14:04:52.948638 epoch 201: loss: 0.00176 | coarse loss: 0.00435
2022-10-25 14:05:37.730722 epoch 202: loss: 0.00178 | coarse loss: 0.00435
2022-10-25 14:06:22.128930 epoch 203: loss: 0.00176 | coarse loss: 0.00436
2022-10-25 14:07:06.950566 epoch 204: loss: 0.00175 | coarse loss: 0.00435
2022-10-25 14:07:51.215633 epoch 205: loss: 0.00176 | coarse loss: 0.00435
2022-10-25 14:08:35.589454 epoch 206: loss: 0.00174 | coarse loss: 0.00435
2022-10-25 14:09:19.943162 epoch 207: loss: 0.00178 | coarse loss: 0.00435
2022-10-25 14:10:04.214007 epoch 208: loss: 0.00180 | coarse loss: 0.00434
2022-10-25 14:10:48.828229 epoch 209: loss: 0.00176 | coarse loss: 0.00435
2022-10-25 14:11:33.116195 epoch 210: loss: 0.00174 | coarse loss: 0.00435
2022-10-25 14:12:17.462929 epoch 211: loss: 0.00173 | coarse loss: 0.00435
2022-10-25 14:13:01.738022 epoch 212: loss: 0.00177 | coarse loss: 0.00435
2022-10-25 14:13:45.942727 epoch 213: loss: 0.00181 | coarse loss: 0.00434
2022-10-25 14:14:30.136620 epoch 214: loss: 0.00174 | coarse loss: 0.00436
2022-10-25 14:15:14.654045 epoch 215: loss: 0.00174 | coarse loss: 0.00435
2022-10-25 14:15:59.134443 epoch 216: loss: 0.00177 | coarse loss: 0.00435
2022-10-25 14:16:43.510244 epoch 217: loss: 0.00175 | coarse loss: 0.00434
2022-10-25 14:17:27.916950 epoch 218: loss: 0.00174 | coarse loss: 0.00434
2022-10-25 14:18:12.207373 epoch 219: loss: 0.00174 | coarse loss: 0.00435
2022-10-25 14:18:56.534043 epoch 220: loss: 0.00178 | coarse loss: 0.00435
2022-10-25 14:19:41.110618 epoch 221: loss: 0.00173 | coarse loss: 0.00434
2022-10-25 14:20:25.900572 epoch 222: loss: 0.00173 | coarse loss: 0.00435
2022-10-25 14:21:09.987949 epoch 223: loss: 0.00175 | coarse loss: 0.00435
2022-10-25 14:21:54.186346 epoch 224: loss: 0.00176 | coarse loss: 0.00436
2022-10-25 14:22:38.418335 epoch 225: loss: 0.00173 | coarse loss: 0.00435
2022-10-25 14:23:22.829693 epoch 226: loss: 0.00173 | coarse loss: 0.00435
2022-10-25 14:24:06.925305 epoch 227: loss: 0.00175 | coarse loss: 0.00435
2022-10-25 14:24:51.238196 epoch 228: loss: 0.00172 | coarse loss: 0.00434
2022-10-25 14:25:35.579980 epoch 229: loss: 0.00172 | coarse loss: 0.00434
2022-10-25 14:26:19.677959 epoch 230: loss: 0.00174 | coarse loss: 0.00435
2022-10-25 14:27:03.850304 epoch 231: loss: 0.00179 | coarse loss: 0.00435
2022-10-25 14:27:48.169859 epoch 232: loss: 0.00175 | coarse loss: 0.00435
2022-10-25 14:28:32.289775 epoch 233: loss: 0.00174 | coarse loss: 0.00435
2022-10-25 14:29:16.623675 epoch 234: loss: 0.00172 | coarse loss: 0.00435
2022-10-25 14:30:00.668278 epoch 235: loss: 0.00171 | coarse loss: 0.00435
2022-10-25 14:30:45.353443 epoch 236: loss: 0.00171 | coarse loss: 0.00436
2022-10-25 14:31:29.718935 epoch 237: loss: 0.00173 | coarse loss: 0.00435
2022-10-25 14:32:13.918705 epoch 238: loss: 0.00171 | coarse loss: 0.00434
2022-10-25 14:32:58.118903 epoch 239: loss: 0.00170 | coarse loss: 0.00435
2022-10-25 14:33:42.402024 epoch 240: loss: 0.00172 | coarse loss: 0.00434
2022-10-25 14:34:26.826131 epoch 241: loss: 0.00172 | coarse loss: 0.00434
2022-10-25 14:35:11.237992 epoch 242: loss: 0.00171 | coarse loss: 0.00434
2022-10-25 14:35:55.660577 epoch 243: loss: 0.00173 | coarse loss: 0.00435
2022-10-25 14:36:40.077015 epoch 244: loss: 0.00169 | coarse loss: 0.00435
2022-10-25 14:37:24.326006 epoch 245: loss: 0.00170 | coarse loss: 0.00434
2022-10-25 14:38:09.214466 epoch 246: loss: 0.00172 | coarse loss: 0.00435
2022-10-25 14:38:53.274836 epoch 247: loss: 0.00170 | coarse loss: 0.00435
2022-10-25 14:39:37.775313 epoch 248: loss: 0.00170 | coarse loss: 0.00434
2022-10-25 14:40:22.108168 epoch 249: loss: 0.00171 | coarse loss: 0.00436
2022-10-25 14:41:06.888433 epoch 250: loss: 0.00171 | coarse loss: 0.00436
2022-10-25 14:41:51.347691 epoch 251: loss: 0.00168 | coarse loss: 0.00434
2022-10-25 14:42:35.650701 epoch 252: loss: 0.00170 | coarse loss: 0.00435
2022-10-25 14:43:19.894412 epoch 253: loss: 0.00171 | coarse loss: 0.00436
2022-10-25 14:44:04.098146 epoch 254: loss: 0.00169 | coarse loss: 0.00434
2022-10-25 14:44:48.526156 epoch 255: loss: 0.00170 | coarse loss: 0.00435
2022-10-25 14:45:32.655059 epoch 256: loss: 0.00168 | coarse loss: 0.00434
2022-10-25 14:46:17.283818 epoch 257: loss: 0.00169 | coarse loss: 0.00435
2022-10-25 14:47:01.347237 epoch 258: loss: 0.00171 | coarse loss: 0.00434
2022-10-25 14:47:45.545747 epoch 259: loss: 0.00169 | coarse loss: 0.00436
2022-10-25 14:48:29.791659 epoch 260: loss: 0.00169 | coarse loss: 0.00436
2022-10-25 14:49:13.993098 epoch 261: loss: 0.00168 | coarse loss: 0.00434
2022-10-25 14:49:58.255624 epoch 262: loss: 0.00170 | coarse loss: 0.00435
2022-10-25 14:50:42.787433 epoch 263: loss: 0.00172 | coarse loss: 0.00436
2022-10-25 14:51:27.058461 epoch 264: loss: 0.00170 | coarse loss: 0.00434
2022-10-25 14:52:12.007323 epoch 265: loss: 0.00170 | coarse loss: 0.00435
2022-10-25 14:52:56.309405 epoch 266: loss: 0.00169 | coarse loss: 0.00435
2022-10-25 14:53:40.666028 epoch 267: loss: 0.00190 | coarse loss: 0.00434
2022-10-25 14:54:25.245964 epoch 268: loss: 0.00191 | coarse loss: 0.00434
2022-10-25 14:55:10.023817 epoch 269: loss: 0.00175 | coarse loss: 0.00435
2022-10-25 14:55:54.411648 epoch 270: loss: 0.00173 | coarse loss: 0.00436
2022-10-25 14:56:39.059809 epoch 271: loss: 0.00171 | coarse loss: 0.00437
2022-10-25 14:57:23.644579 epoch 272: loss: 0.00171 | coarse loss: 0.00436
2022-10-25 14:58:08.020414 epoch 273: loss: 0.00168 | coarse loss: 0.00435
2022-10-25 14:58:52.767387 epoch 274: loss: 0.00168 | coarse loss: 0.00434
2022-10-25 14:59:37.089170 epoch 275: loss: 0.00170 | coarse loss: 0.00436
2022-10-25 15:00:21.462038 epoch 276: loss: 0.00169 | coarse loss: 0.00435
2022-10-25 15:01:05.924230 epoch 277: loss: 0.00167 | coarse loss: 0.00436
2022-10-25 15:01:50.055170 epoch 278: loss: 0.00169 | coarse loss: 0.00434
2022-10-25 15:02:34.473872 epoch 279: loss: 0.00169 | coarse loss: 0.00436
2022-10-25 15:03:19.061223 epoch 280: loss: 0.00167 | coarse loss: 0.00435
2022-10-25 15:04:03.436614 epoch 281: loss: 0.00167 | coarse loss: 0.00435
2022-10-25 15:04:47.761673 epoch 282: loss: 0.00166 | coarse loss: 0.00434
2022-10-25 15:05:31.900245 epoch 283: loss: 0.00170 | coarse loss: 0.00434
2022-10-25 15:06:16.253829 epoch 284: loss: 0.00169 | coarse loss: 0.00436
2022-10-25 15:07:00.608002 epoch 285: loss: 0.00167 | coarse loss: 0.00435
2022-10-25 15:07:44.940233 epoch 286: loss: 0.00166 | coarse loss: 0.00436
2022-10-25 15:08:29.519050 epoch 287: loss: 0.00167 | coarse loss: 0.00435
2022-10-25 15:09:13.923252 epoch 288: loss: 0.00166 | coarse loss: 0.00436
2022-10-25 15:09:58.197012 epoch 289: loss: 0.00166 | coarse loss: 0.00434
2022-10-25 15:10:42.510620 epoch 290: loss: 0.00167 | coarse loss: 0.00435
2022-10-25 15:11:27.013023 epoch 291: loss: 0.00165 | coarse loss: 0.00435
2022-10-25 15:12:11.726717 epoch 292: loss: 0.00166 | coarse loss: 0.00436
2022-10-25 15:12:56.137117 epoch 293: loss: 0.00166 | coarse loss: 0.00435
2022-10-25 15:13:40.391452 epoch 294: loss: 0.00167 | coarse loss: 0.00435
2022-10-25 15:14:24.990744 epoch 295: loss: 0.00167 | coarse loss: 0.00436
2022-10-25 15:15:09.287079 epoch 296: loss: 0.00166 | coarse loss: 0.00435
2022-10-25 15:15:53.848258 epoch 297: loss: 0.00171 | coarse loss: 0.00434
2022-10-25 15:16:38.130673 epoch 298: loss: 0.00167 | coarse loss: 0.00435
2022-10-25 15:17:22.389722 epoch 299: loss: 0.00167 | coarse loss: 0.00434
2022-10-25 15:18:06.448393 epoch 300: loss: 0.00166 | coarse loss: 0.00435
2022-10-25 15:18:51.225815 epoch 301: loss: 0.00205 | coarse loss: 0.00435
2022-10-25 15:19:35.747157 epoch 302: loss: 0.00172 | coarse loss: 0.00435
2022-10-25 15:20:20.028273 epoch 303: loss: 0.00170 | coarse loss: 0.00434
2022-10-25 15:21:04.224625 epoch 304: loss: 0.00166 | coarse loss: 0.00435
2022-10-25 15:21:48.573827 epoch 305: loss: 0.00166 | coarse loss: 0.00434
2022-10-25 15:22:32.913379 epoch 306: loss: 0.00166 | coarse loss: 0.00436
2022-10-25 15:23:17.591477 epoch 307: loss: 0.00165 | coarse loss: 0.00435
2022-10-25 15:24:01.643285 epoch 308: loss: 0.00165 | coarse loss: 0.00435
2022-10-25 15:24:45.981126 epoch 309: loss: 0.00180 | coarse loss: 0.00435
2022-10-25 15:25:30.299657 epoch 310: loss: 0.00166 | coarse loss: 0.00435
2022-10-25 15:26:14.656112 epoch 311: loss: 0.00165 | coarse loss: 0.00435
2022-10-25 15:26:58.886069 epoch 312: loss: 0.00165 | coarse loss: 0.00435
2022-10-25 15:27:43.156903 epoch 313: loss: 0.00165 | coarse loss: 0.00435
2022-10-25 15:28:27.507337 epoch 314: loss: 0.00164 | coarse loss: 0.00435
2022-10-25 15:29:12.158483 epoch 315: loss: 0.00165 | coarse loss: 0.00435
2022-10-25 15:29:56.783858 epoch 316: loss: 0.00167 | coarse loss: 0.00435
2022-10-25 15:30:41.126677 epoch 317: loss: 0.00166 | coarse loss: 0.00435
2022-10-25 15:31:25.422613 epoch 318: loss: 0.00164 | coarse loss: 0.00434
2022-10-25 15:32:09.941671 epoch 319: loss: 0.00164 | coarse loss: 0.00434
2022-10-25 15:32:54.531582 epoch 320: loss: 0.00163 | coarse loss: 0.00434
2022-10-25 15:33:38.914343 epoch 321: loss: 0.00165 | coarse loss: 0.00435
2022-10-25 15:34:23.151007 epoch 322: loss: 0.00165 | coarse loss: 0.00436
2022-10-25 15:35:07.259817 epoch 323: loss: 0.00164 | coarse loss: 0.00435
2022-10-25 15:35:51.511973 epoch 324: loss: 0.00164 | coarse loss: 0.00436
2022-10-25 15:36:36.014293 epoch 325: loss: 0.00163 | coarse loss: 0.00434
2022-10-25 15:37:20.338150 epoch 326: loss: 0.00162 | coarse loss: 0.00435
2022-10-25 15:38:04.572314 epoch 327: loss: 0.00164 | coarse loss: 0.00435
2022-10-25 15:38:48.962083 epoch 328: loss: 0.00202 | coarse loss: 0.00436
2022-10-25 15:39:33.269068 epoch 329: loss: 0.00171 | coarse loss: 0.00435
2022-10-25 15:40:18.145698 epoch 330: loss: 0.00165 | coarse loss: 0.00434
2022-10-25 15:41:02.422880 epoch 331: loss: 0.00165 | coarse loss: 0.00434
2022-10-25 15:41:46.762059 epoch 332: loss: 0.00165 | coarse loss: 0.00435
2022-10-25 15:42:31.123543 epoch 333: loss: 0.00181 | coarse loss: 0.00435
2022-10-25 15:43:15.549146 epoch 334: loss: 0.00166 | coarse loss: 0.00435
2022-10-25 15:44:00.056879 epoch 335: loss: 0.00164 | coarse loss: 0.00436
2022-10-25 15:44:44.643535 epoch 336: loss: 0.00165 | coarse loss: 0.00435
2022-10-25 15:45:29.035660 epoch 337: loss: 0.00163 | coarse loss: 0.00435
2022-10-25 15:46:13.407008 epoch 338: loss: 0.00164 | coarse loss: 0.00435
2022-10-25 15:46:57.594586 epoch 339: loss: 0.00166 | coarse loss: 0.00435
2022-10-25 15:47:42.169784 epoch 340: loss: 0.00165 | coarse loss: 0.00435
2022-10-25 15:48:26.511046 epoch 341: loss: 0.00163 | coarse loss: 0.00435
2022-10-25 15:49:10.807532 epoch 342: loss: 0.00163 | coarse loss: 0.00436
2022-10-25 15:49:55.048458 epoch 343: loss: 0.00162 | coarse loss: 0.00435
2022-10-25 15:50:39.570910 epoch 344: loss: 0.00161 | coarse loss: 0.00434
2022-10-25 15:51:23.772724 epoch 345: loss: 0.00162 | coarse loss: 0.00435
2022-10-25 15:52:08.113721 epoch 346: loss: 0.00162 | coarse loss: 0.00435
2022-10-25 15:52:52.734138 epoch 347: loss: 0.00161 | coarse loss: 0.00434
2022-10-25 15:53:37.008350 epoch 348: loss: 0.00162 | coarse loss: 0.00434
2022-10-25 15:54:21.866447 epoch 349: loss: 0.00193 | coarse loss: 0.00435
2022-10-25 15:55:06.737123 epoch 350: loss: 0.00170 | coarse loss: 0.00435
2022-10-25 15:55:50.881892 epoch 351: loss: 0.00169 | coarse loss: 0.00435
2022-10-25 15:56:35.240248 epoch 352: loss: 0.00164 | coarse loss: 0.00436
2022-10-25 15:57:19.625056 epoch 353: loss: 0.00162 | coarse loss: 0.00434
2022-10-25 15:58:04.372877 epoch 354: loss: 0.00162 | coarse loss: 0.00435
2022-10-25 15:58:49.030337 epoch 355: loss: 0.00162 | coarse loss: 0.00435
2022-10-25 15:59:33.229605 epoch 356: loss: 0.00160 | coarse loss: 0.00434
2022-10-25 16:00:17.634639 epoch 357: loss: 0.00161 | coarse loss: 0.00435
2022-10-25 16:01:02.382602 epoch 358: loss: 0.00161 | coarse loss: 0.00436
2022-10-25 16:01:46.635974 epoch 359: loss: 0.00160 | coarse loss: 0.00435
2022-10-25 16:02:30.919954 epoch 360: loss: 0.00160 | coarse loss: 0.00436
2022-10-25 16:03:15.095328 epoch 361: loss: 0.00162 | coarse loss: 0.00435
2022-10-25 16:03:59.371135 epoch 362: loss: 0.00161 | coarse loss: 0.00435
2022-10-25 16:04:44.085370 epoch 363: loss: 0.00161 | coarse loss: 0.00434
2022-10-25 16:05:28.274449 epoch 364: loss: 0.00161 | coarse loss: 0.00435
2022-10-25 16:06:12.613832 epoch 365: loss: 0.00160 | coarse loss: 0.00434
2022-10-25 16:06:56.966276 epoch 366: loss: 0.00160 | coarse loss: 0.00435
2022-10-25 16:07:41.351550 epoch 367: loss: 0.00161 | coarse loss: 0.00435
2022-10-25 16:08:25.950544 epoch 368: loss: 0.00191 | coarse loss: 0.00435
2022-10-25 16:09:10.223157 epoch 369: loss: 0.00169 | coarse loss: 0.00435
2022-10-25 16:09:54.361164 epoch 370: loss: 0.00164 | coarse loss: 0.00435
2022-10-25 16:10:38.473776 epoch 371: loss: 0.00162 | coarse loss: 0.00435
2022-10-25 16:11:22.817104 epoch 372: loss: 0.00161 | coarse loss: 0.00434
2022-10-25 16:12:07.301092 epoch 373: loss: 0.00160 | coarse loss: 0.00434
2022-10-25 16:12:51.530770 epoch 374: loss: 0.00160 | coarse loss: 0.00435
2022-10-25 16:13:35.769115 epoch 375: loss: 0.00160 | coarse loss: 0.00434
2022-10-25 16:14:19.945563 epoch 376: loss: 0.00163 | coarse loss: 0.00435
2022-10-25 16:15:04.225980 epoch 377: loss: 0.00159 | coarse loss: 0.00434
2022-10-25 16:15:48.342545 epoch 378: loss: 0.00160 | coarse loss: 0.00434
2022-10-25 16:16:32.738285 epoch 379: loss: 0.00160 | coarse loss: 0.00435
2022-10-25 16:17:17.008636 epoch 380: loss: 0.00159 | coarse loss: 0.00435
2022-10-25 16:18:01.370079 epoch 381: loss: 0.00158 | coarse loss: 0.00434
2022-10-25 16:18:45.556704 epoch 382: loss: 0.00159 | coarse loss: 0.00435
2022-10-25 16:19:29.672775 epoch 383: loss: 0.00161 | coarse loss: 0.00435
2022-10-25 16:20:14.004886 epoch 384: loss: 0.00171 | coarse loss: 0.00436
2022-10-25 16:20:58.211025 epoch 385: loss: 0.00160 | coarse loss: 0.00435
2022-10-25 16:21:43.027898 epoch 386: loss: 0.00176 | coarse loss: 0.00435
2022-10-25 16:22:27.212763 epoch 387: loss: 0.00164 | coarse loss: 0.00434
2022-10-25 16:23:11.542303 epoch 388: loss: 0.00160 | coarse loss: 0.00434
2022-10-25 16:23:56.007182 epoch 389: loss: 0.00159 | coarse loss: 0.00435
2022-10-25 16:24:40.403188 epoch 390: loss: 0.00161 | coarse loss: 0.00434
2022-10-25 16:25:24.816421 epoch 391: loss: 0.00159 | coarse loss: 0.00435
2022-10-25 16:26:09.208746 epoch 392: loss: 0.00159 | coarse loss: 0.00435
2022-10-25 16:26:53.335210 epoch 393: loss: 0.00160 | coarse loss: 0.00435
2022-10-25 16:27:37.849010 epoch 394: loss: 0.00160 | coarse loss: 0.00436
2022-10-25 16:28:22.411218 epoch 395: loss: 0.00158 | coarse loss: 0.00435
2022-10-25 16:29:06.786207 epoch 396: loss: 0.00157 | coarse loss: 0.00435
2022-10-25 16:29:51.001513 epoch 397: loss: 0.00158 | coarse loss: 0.00434
2022-10-25 16:30:35.308960 epoch 398: loss: 0.00159 | coarse loss: 0.00435
2022-10-25 16:31:19.787828 epoch 399: loss: 0.00160 | coarse loss: 0.00436
2022-10-25 16:32:03.870513 epoch 400: loss: 0.00158 | coarse loss: 0.00434
2022-10-25 16:32:48.454528 epoch 401: loss: 0.00158 | coarse loss: 0.00436
2022-10-25 16:33:32.720942 epoch 402: loss: 0.00158 | coarse loss: 0.00435
2022-10-25 16:34:17.619837 epoch 403: loss: 0.00158 | coarse loss: 0.00435
2022-10-25 16:35:01.723603 epoch 404: loss: 0.00157 | coarse loss: 0.00435
2022-10-25 16:35:46.578255 epoch 405: loss: 0.00158 | coarse loss: 0.00434
2022-10-25 16:36:30.867911 epoch 406: loss: 0.00157 | coarse loss: 0.00435
2022-10-25 16:37:15.699397 epoch 407: loss: 0.00156 | coarse loss: 0.00435
2022-10-25 16:38:00.047230 epoch 408: loss: 0.00157 | coarse loss: 0.00434
2022-10-25 16:38:44.387732 epoch 409: loss: 0.00156 | coarse loss: 0.00434
2022-10-25 16:39:28.725780 epoch 410: loss: 0.00159 | coarse loss: 0.00435
2022-10-25 16:40:13.219582 epoch 411: loss: 0.00158 | coarse loss: 0.00436
2022-10-25 16:40:57.837464 epoch 412: loss: 0.00158 | coarse loss: 0.00434
2022-10-25 16:41:42.392965 epoch 413: loss: 0.00159 | coarse loss: 0.00435
2022-10-25 16:42:26.536485 epoch 414: loss: 0.00157 | coarse loss: 0.00435
2022-10-25 16:43:10.910502 epoch 415: loss: 0.00158 | coarse loss: 0.00435
2022-10-25 16:43:55.148197 epoch 416: loss: 0.00159 | coarse loss: 0.00436
2022-10-25 16:44:39.470203 epoch 417: loss: 0.00158 | coarse loss: 0.00434
2022-10-25 16:45:23.578860 epoch 418: loss: 0.00157 | coarse loss: 0.00435
2022-10-25 16:46:08.062757 epoch 419: loss: 0.00157 | coarse loss: 0.00435
2022-10-25 16:46:52.334014 epoch 420: loss: 0.00158 | coarse loss: 0.00437
2022-10-25 16:47:36.441013 epoch 421: loss: 0.00158 | coarse loss: 0.00435
2022-10-25 16:48:20.807612 epoch 422: loss: 0.00157 | coarse loss: 0.00436
2022-10-25 16:49:05.301449 epoch 423: loss: 0.00157 | coarse loss: 0.00436
2022-10-25 16:49:49.649183 epoch 424: loss: 0.00157 | coarse loss: 0.00436
2022-10-25 16:50:33.974457 epoch 425: loss: 0.00157 | coarse loss: 0.00434
2022-10-25 16:51:18.403399 epoch 426: loss: 0.00156 | coarse loss: 0.00434
2022-10-25 16:52:02.736368 epoch 427: loss: 0.00158 | coarse loss: 0.00435
2022-10-25 16:52:47.523408 epoch 428: loss: 0.00168 | coarse loss: 0.00434
2022-10-25 16:53:32.193712 epoch 429: loss: 0.00158 | coarse loss: 0.00435
2022-10-25 16:54:16.421008 epoch 430: loss: 0.00157 | coarse loss: 0.00436
2022-10-25 16:55:00.782703 epoch 431: loss: 0.00156 | coarse loss: 0.00435
2022-10-25 16:55:45.164883 epoch 432: loss: 0.00156 | coarse loss: 0.00435
2022-10-25 16:56:29.707717 epoch 433: loss: 0.00156 | coarse loss: 0.00435
2022-10-25 16:57:13.998730 epoch 434: loss: 0.00157 | coarse loss: 0.00435
2022-10-25 16:57:58.281831 epoch 435: loss: 0.00156 | coarse loss: 0.00434
2022-10-25 16:58:42.427659 epoch 436: loss: 0.00156 | coarse loss: 0.00434
2022-10-25 16:59:26.895929 epoch 437: loss: 0.00156 | coarse loss: 0.00434
2022-10-25 17:00:11.584314 epoch 438: loss: 0.00158 | coarse loss: 0.00436
2022-10-25 17:00:55.865024 epoch 439: loss: 0.00156 | coarse loss: 0.00435
2022-10-25 17:01:40.126397 epoch 440: loss: 0.00155 | coarse loss: 0.00435
2022-10-25 17:02:24.432838 epoch 441: loss: 0.00155 | coarse loss: 0.00435
2022-10-25 17:03:08.814615 epoch 442: loss: 0.00155 | coarse loss: 0.00435
2022-10-25 17:03:53.166312 epoch 443: loss: 0.00158 | coarse loss: 0.00435
2022-10-25 17:04:37.571528 epoch 444: loss: 0.00162 | coarse loss: 0.00435
2022-10-25 17:05:21.791804 epoch 445: loss: 0.00167 | coarse loss: 0.00434
2022-10-25 17:06:06.148262 epoch 446: loss: 0.00158 | coarse loss: 0.00435
2022-10-25 17:06:50.550891 epoch 447: loss: 0.00156 | coarse loss: 0.00434
2022-10-25 17:07:34.908483 epoch 448: loss: 0.00185 | coarse loss: 0.00434
2022-10-25 17:08:19.099394 epoch 449: loss: 0.00158 | coarse loss: 0.00436
2022-10-25 17:09:03.582424 epoch 450: loss: 0.00156 | coarse loss: 0.00435
2022-10-25 17:09:48.057598 epoch 451: loss: 0.00155 | coarse loss: 0.00435
2022-10-25 17:10:32.749706 epoch 452: loss: 0.00155 | coarse loss: 0.00435
2022-10-25 17:11:17.115158 epoch 453: loss: 0.00155 | coarse loss: 0.00434
2022-10-25 17:12:01.438428 epoch 454: loss: 0.00155 | coarse loss: 0.00435
2022-10-25 17:12:45.703724 epoch 455: loss: 0.00155 | coarse loss: 0.00435
2022-10-25 17:13:30.117095 epoch 456: loss: 0.00154 | coarse loss: 0.00434
2022-10-25 17:14:14.587703 epoch 457: loss: 0.00158 | coarse loss: 0.00434
2022-10-25 17:14:58.853735 epoch 458: loss: 0.00155 | coarse loss: 0.00435
2022-10-25 17:15:43.446148 epoch 459: loss: 0.00154 | coarse loss: 0.00436
2022-10-25 17:16:28.247305 epoch 460: loss: 0.00154 | coarse loss: 0.00434
2022-10-25 17:17:12.252023 epoch 461: loss: 0.00154 | coarse loss: 0.00434
2022-10-25 17:17:56.684254 epoch 462: loss: 0.00154 | coarse loss: 0.00434
2022-10-25 17:18:41.040126 epoch 463: loss: 0.00156 | coarse loss: 0.00434
2022-10-25 17:19:25.430077 epoch 464: loss: 0.00154 | coarse loss: 0.00434
2022-10-25 17:20:09.800257 epoch 465: loss: 0.00154 | coarse loss: 0.00434
2022-10-25 17:20:54.393589 epoch 466: loss: 0.00157 | coarse loss: 0.00435
2022-10-25 17:21:39.083622 epoch 467: loss: 0.00155 | coarse loss: 0.00435
2022-10-25 17:22:23.655615 epoch 468: loss: 0.00154 | coarse loss: 0.00435
2022-10-25 17:23:07.991005 epoch 469: loss: 0.00154 | coarse loss: 0.00435
2022-10-25 17:23:52.310853 epoch 470: loss: 0.00155 | coarse loss: 0.00435
2022-10-25 17:24:36.700456 epoch 471: loss: 0.00154 | coarse loss: 0.00434
2022-10-25 17:25:20.899747 epoch 472: loss: 0.00155 | coarse loss: 0.00435
2022-10-25 17:26:05.087107 epoch 473: loss: 0.00156 | coarse loss: 0.00436
2022-10-25 17:26:49.389763 epoch 474: loss: 0.00189 | coarse loss: 0.00435
2022-10-25 17:27:33.821848 epoch 475: loss: 0.00160 | coarse loss: 0.00436
2022-10-25 17:28:18.228502 epoch 476: loss: 0.00157 | coarse loss: 0.00435
2022-10-25 17:29:03.066377 epoch 477: loss: 0.00156 | coarse loss: 0.00435
2022-10-25 17:29:47.427830 epoch 478: loss: 0.00154 | coarse loss: 0.00435
2022-10-25 17:30:31.880327 epoch 479: loss: 0.00154 | coarse loss: 0.00435
2022-10-25 17:31:16.235429 epoch 480: loss: 0.00154 | coarse loss: 0.00436
2022-10-25 17:32:00.892620 epoch 481: loss: 0.00153 | coarse loss: 0.00435
2022-10-25 17:32:45.083352 epoch 482: loss: 0.00153 | coarse loss: 0.00435
2022-10-25 17:33:29.397926 epoch 483: loss: 0.00154 | coarse loss: 0.00435
2022-10-25 17:34:13.781235 epoch 484: loss: 0.00153 | coarse loss: 0.00435
2022-10-25 17:34:57.833112 epoch 485: loss: 0.00153 | coarse loss: 0.00435
2022-10-25 17:35:42.260854 epoch 486: loss: 0.00153 | coarse loss: 0.00435
2022-10-25 17:36:26.358892 epoch 487: loss: 0.00153 | coarse loss: 0.00434
2022-10-25 17:37:10.643371 epoch 488: loss: 0.00157 | coarse loss: 0.00435
2022-10-25 17:37:55.408108 epoch 489: loss: 0.00160 | coarse loss: 0.00435
2022-10-25 17:38:39.513129 epoch 490: loss: 0.00156 | coarse loss: 0.00436
2022-10-25 17:39:23.943937 epoch 491: loss: 0.00154 | coarse loss: 0.00436
2022-10-25 17:40:08.356617 epoch 492: loss: 0.00153 | coarse loss: 0.00435
2022-10-25 17:40:53.089313 epoch 493: loss: 0.00153 | coarse loss: 0.00435
2022-10-25 17:41:37.519701 epoch 494: loss: 0.00154 | coarse loss: 0.00435
2022-10-25 17:42:21.842101 epoch 495: loss: 0.00152 | coarse loss: 0.00434
2022-10-25 17:43:06.169009 epoch 496: loss: 0.00153 | coarse loss: 0.00435
2022-10-25 17:43:50.832765 epoch 497: loss: 0.00153 | coarse loss: 0.00435
2022-10-25 17:44:35.060634 epoch 498: loss: 0.00153 | coarse loss: 0.00435
2022-10-25 17:45:19.504339 epoch 499: loss: 0.00155 | coarse loss: 0.00436
2022-10-25 17:46:03.899958 epoch 500: loss: 0.00153 | coarse loss: 0.00436
training done: 22249.537972927094
