/work/09080/lkaiser/maverick2/run_1/bash_scripts
c228-103.maverick2.tacc.utexas.edu
Mon Oct 24 07:18:48 CDT 2022
start training unet 128
gpu available: True | n of gpus: 2
setting up data
total number of data points: 10048
2022-10-24 07:19:31.750094 epoch 1: loss: 0.03716 | coarse loss: 0.02121
/home1/09080/lkaiser/.local/lib/python3.6/site-packages/torch/nn/functional.py:3635: UserWarning: Default upsampling behavior when mode=bilinear is changed to align_corners=False since 0.4.0. Please specify align_corners=True if the old behavior is desired. See the documentation of nn.Upsample for details.
  "See the documentation of nn.Upsample for details.".format(mode)
/home1/09080/lkaiser/.local/lib/python3.6/site-packages/torch/nn/functional.py:3509: UserWarning: nn.functional.upsample is deprecated. Use nn.functional.interpolate instead.
  warnings.warn("nn.functional.upsample is deprecated. Use nn.functional.interpolate instead.")
2022-10-24 07:19:43.961555 epoch 2: loss: 0.02183 | coarse loss: 0.02123
2022-10-24 07:19:56.173669 epoch 3: loss: 0.01971 | coarse loss: 0.02115
2022-10-24 07:20:08.437622 epoch 4: loss: 0.01871 | coarse loss: 0.02123
2022-10-24 07:20:20.791915 epoch 5: loss: 0.01768 | coarse loss: 0.02113
2022-10-24 07:20:33.224843 epoch 6: loss: 0.01705 | coarse loss: 0.02112
2022-10-24 07:20:45.577403 epoch 7: loss: 0.01655 | coarse loss: 0.02121
2022-10-24 07:20:57.830839 epoch 8: loss: 0.01620 | coarse loss: 0.02120
2022-10-24 07:21:10.167402 epoch 9: loss: 0.01593 | coarse loss: 0.02115
2022-10-24 07:21:22.388181 epoch 10: loss: 0.01578 | coarse loss: 0.02119
2022-10-24 07:21:34.665944 epoch 11: loss: 0.01555 | coarse loss: 0.02120
2022-10-24 07:21:47.064060 epoch 12: loss: 0.01543 | coarse loss: 0.02116
2022-10-24 07:21:59.248699 epoch 13: loss: 0.01529 | coarse loss: 0.02122
2022-10-24 07:22:11.620959 epoch 14: loss: 0.01503 | coarse loss: 0.02118
2022-10-24 07:22:24.121225 epoch 15: loss: 0.01486 | coarse loss: 0.02120
2022-10-24 07:22:36.575188 epoch 16: loss: 0.01460 | coarse loss: 0.02113
2022-10-24 07:22:48.889507 epoch 17: loss: 0.01450 | coarse loss: 0.02116
2022-10-24 07:23:01.415669 epoch 18: loss: 0.01399 | coarse loss: 0.02115
2022-10-24 07:23:13.653967 epoch 19: loss: 0.01361 | coarse loss: 0.02118
2022-10-24 07:23:25.958048 epoch 20: loss: 0.01375 | coarse loss: 0.02119
2022-10-24 07:23:38.236525 epoch 21: loss: 0.01306 | coarse loss: 0.02116
2022-10-24 07:23:50.599697 epoch 22: loss: 0.01299 | coarse loss: 0.02124
2022-10-24 07:24:02.976015 epoch 23: loss: 0.01300 | coarse loss: 0.02115
2022-10-24 07:24:15.433697 epoch 24: loss: 0.01262 | coarse loss: 0.02119
2022-10-24 07:24:27.720464 epoch 25: loss: 0.01250 | coarse loss: 0.02122
2022-10-24 07:24:40.073094 epoch 26: loss: 0.01234 | coarse loss: 0.02112
2022-10-24 07:24:52.324247 epoch 27: loss: 0.01222 | coarse loss: 0.02114
2022-10-24 07:25:04.552257 epoch 28: loss: 0.01338 | coarse loss: 0.02122
2022-10-24 07:25:17.015454 epoch 29: loss: 0.01256 | coarse loss: 0.02111
2022-10-24 07:25:29.454734 epoch 30: loss: 0.01198 | coarse loss: 0.02120
2022-10-24 07:25:41.844280 epoch 31: loss: 0.01186 | coarse loss: 0.02113
2022-10-24 07:25:54.273789 epoch 32: loss: 0.01171 | coarse loss: 0.02116
2022-10-24 07:26:06.525872 epoch 33: loss: 0.01180 | coarse loss: 0.02118
2022-10-24 07:26:18.859199 epoch 34: loss: 0.01161 | coarse loss: 0.02119
2022-10-24 07:26:31.230427 epoch 35: loss: 0.01162 | coarse loss: 0.02117
2022-10-24 07:26:43.470100 epoch 36: loss: 0.01150 | coarse loss: 0.02121
2022-10-24 07:26:55.761035 epoch 37: loss: 0.01235 | coarse loss: 0.02124
2022-10-24 07:27:08.127898 epoch 38: loss: 0.01138 | coarse loss: 0.02114
2022-10-24 07:27:20.428183 epoch 39: loss: 0.01131 | coarse loss: 0.02119
2022-10-24 07:27:32.809048 epoch 40: loss: 0.01230 | coarse loss: 0.02117
2022-10-24 07:27:44.979441 epoch 41: loss: 0.01123 | coarse loss: 0.02116
2022-10-24 07:27:57.466335 epoch 42: loss: 0.01120 | coarse loss: 0.02120
2022-10-24 07:28:09.878788 epoch 43: loss: 0.01202 | coarse loss: 0.02119
2022-10-24 07:28:22.148599 epoch 44: loss: 0.01124 | coarse loss: 0.02124
2022-10-24 07:28:34.476147 epoch 45: loss: 0.01108 | coarse loss: 0.02116
2022-10-24 07:28:46.885296 epoch 46: loss: 0.01104 | coarse loss: 0.02114
2022-10-24 07:28:59.185123 epoch 47: loss: 0.01098 | coarse loss: 0.02115
2022-10-24 07:29:11.496555 epoch 48: loss: 0.01097 | coarse loss: 0.02120
2022-10-24 07:29:23.766571 epoch 49: loss: 0.01092 | coarse loss: 0.02120
2022-10-24 07:29:36.115112 epoch 50: loss: 0.01085 | coarse loss: 0.02122
2022-10-24 07:29:48.397120 epoch 51: loss: 0.01088 | coarse loss: 0.02120
2022-10-24 07:30:00.590880 epoch 52: loss: 0.01094 | coarse loss: 0.02115
2022-10-24 07:30:13.170690 epoch 53: loss: 0.01603 | coarse loss: 0.02120
2022-10-24 07:30:25.478213 epoch 54: loss: 0.01395 | coarse loss: 0.02116
2022-10-24 07:30:37.769415 epoch 55: loss: 0.01152 | coarse loss: 0.02118
2022-10-24 07:30:50.307722 epoch 56: loss: 0.01094 | coarse loss: 0.02115
2022-10-24 07:31:02.622282 epoch 57: loss: 0.01081 | coarse loss: 0.02117
2022-10-24 07:31:14.899100 epoch 58: loss: 0.01069 | coarse loss: 0.02117
2022-10-24 07:31:27.264573 epoch 59: loss: 0.01073 | coarse loss: 0.02124
2022-10-24 07:31:39.652368 epoch 60: loss: 0.01120 | coarse loss: 0.02115
2022-10-24 07:31:51.894580 epoch 61: loss: 0.01086 | coarse loss: 0.02119
2022-10-24 07:32:04.296031 epoch 62: loss: 0.01050 | coarse loss: 0.02119
2022-10-24 07:32:16.557304 epoch 63: loss: 0.01054 | coarse loss: 0.02117
2022-10-24 07:32:28.877134 epoch 64: loss: 0.01149 | coarse loss: 0.02118
2022-10-24 07:32:41.160400 epoch 65: loss: 0.01049 | coarse loss: 0.02112
2022-10-24 07:32:53.610879 epoch 66: loss: 0.01045 | coarse loss: 0.02112
2022-10-24 07:33:06.040185 epoch 67: loss: 0.01083 | coarse loss: 0.02120
2022-10-24 07:33:18.344518 epoch 68: loss: 0.01048 | coarse loss: 0.02116
2022-10-24 07:33:30.777357 epoch 69: loss: 0.01046 | coarse loss: 0.02114
2022-10-24 07:33:43.114389 epoch 70: loss: 0.01048 | coarse loss: 0.02116
2022-10-24 07:33:55.556061 epoch 71: loss: 0.01034 | coarse loss: 0.02120
2022-10-24 07:34:07.842544 epoch 72: loss: 0.01029 | coarse loss: 0.02121
2022-10-24 07:34:20.224893 epoch 73: loss: 0.01076 | coarse loss: 0.02115
2022-10-24 07:34:32.639347 epoch 74: loss: 0.01052 | coarse loss: 0.02114
2022-10-24 07:34:44.913915 epoch 75: loss: 0.01046 | coarse loss: 0.02127
2022-10-24 07:34:57.218972 epoch 76: loss: 0.01023 | coarse loss: 0.02112
2022-10-24 07:35:09.543417 epoch 77: loss: 0.01018 | coarse loss: 0.02112
2022-10-24 07:35:21.867539 epoch 78: loss: 0.01074 | coarse loss: 0.02115
2022-10-24 07:35:34.139988 epoch 79: loss: 0.01030 | coarse loss: 0.02115
2022-10-24 07:35:46.357911 epoch 80: loss: 0.01018 | coarse loss: 0.02118
2022-10-24 07:35:58.597604 epoch 81: loss: 0.01013 | coarse loss: 0.02114
2022-10-24 07:36:10.799720 epoch 82: loss: 0.01007 | coarse loss: 0.02119
2022-10-24 07:36:23.080112 epoch 83: loss: 0.01004 | coarse loss: 0.02115
2022-10-24 07:36:35.474207 epoch 84: loss: 0.01115 | coarse loss: 0.02122
2022-10-24 07:36:47.612973 epoch 85: loss: 0.01073 | coarse loss: 0.02116
2022-10-24 07:36:59.877163 epoch 86: loss: 0.01045 | coarse loss: 0.02122
2022-10-24 07:37:12.110178 epoch 87: loss: 0.01010 | coarse loss: 0.02119
2022-10-24 07:37:24.329689 epoch 88: loss: 0.01015 | coarse loss: 0.02123
2022-10-24 07:37:36.653604 epoch 89: loss: 0.01001 | coarse loss: 0.02121
2022-10-24 07:37:48.847037 epoch 90: loss: 0.00997 | coarse loss: 0.02118
2022-10-24 07:38:01.171697 epoch 91: loss: 0.00997 | coarse loss: 0.02116
2022-10-24 07:38:13.436528 epoch 92: loss: 0.01023 | coarse loss: 0.02111
2022-10-24 07:38:25.771135 epoch 93: loss: 0.01004 | coarse loss: 0.02119
2022-10-24 07:38:38.066293 epoch 94: loss: 0.01005 | coarse loss: 0.02115
2022-10-24 07:38:50.378054 epoch 95: loss: 0.01073 | coarse loss: 0.02120
2022-10-24 07:39:02.715810 epoch 96: loss: 0.01016 | coarse loss: 0.02114
2022-10-24 07:39:15.143080 epoch 97: loss: 0.01001 | coarse loss: 0.02116
2022-10-24 07:39:27.605651 epoch 98: loss: 0.01002 | coarse loss: 0.02121
2022-10-24 07:39:39.905595 epoch 99: loss: 0.01011 | coarse loss: 0.02122
2022-10-24 07:39:52.278845 epoch 100: loss: 0.00986 | coarse loss: 0.02111
2022-10-24 07:40:04.587565 epoch 101: loss: 0.00993 | coarse loss: 0.02119
2022-10-24 07:40:16.973585 epoch 102: loss: 0.01054 | coarse loss: 0.02116
2022-10-24 07:40:29.399489 epoch 103: loss: 0.01010 | coarse loss: 0.02119
2022-10-24 07:40:41.630359 epoch 104: loss: 0.00992 | coarse loss: 0.02121
2022-10-24 07:40:54.010660 epoch 105: loss: 0.00982 | coarse loss: 0.02119
2022-10-24 07:41:06.482810 epoch 106: loss: 0.01009 | coarse loss: 0.02119
2022-10-24 07:41:18.930646 epoch 107: loss: 0.00997 | coarse loss: 0.02118
2022-10-24 07:41:31.215231 epoch 108: loss: 0.00990 | coarse loss: 0.02124
2022-10-24 07:41:43.470328 epoch 109: loss: 0.00983 | coarse loss: 0.02118
2022-10-24 07:41:55.789224 epoch 110: loss: 0.00987 | coarse loss: 0.02121
2022-10-24 07:42:08.181078 epoch 111: loss: 0.00991 | coarse loss: 0.02120
2022-10-24 07:42:20.381567 epoch 112: loss: 0.01252 | coarse loss: 0.02116
2022-10-24 07:42:32.609782 epoch 113: loss: 0.01008 | coarse loss: 0.02119
2022-10-24 07:42:44.934984 epoch 114: loss: 0.00986 | coarse loss: 0.02116
2022-10-24 07:42:57.253142 epoch 115: loss: 0.00995 | coarse loss: 0.02120
2022-10-24 07:43:09.492894 epoch 116: loss: 0.00987 | coarse loss: 0.02115
2022-10-24 07:43:21.908426 epoch 117: loss: 0.00981 | coarse loss: 0.02117
2022-10-24 07:43:34.356927 epoch 118: loss: 0.01012 | coarse loss: 0.02118
2022-10-24 07:43:46.805323 epoch 119: loss: 0.01042 | coarse loss: 0.02117
2022-10-24 07:43:59.167416 epoch 120: loss: 0.00992 | coarse loss: 0.02120
2022-10-24 07:44:11.616433 epoch 121: loss: 0.00989 | coarse loss: 0.02125
2022-10-24 07:44:23.922857 epoch 122: loss: 0.00978 | coarse loss: 0.02114
2022-10-24 07:44:36.299925 epoch 123: loss: 0.00979 | coarse loss: 0.02118
2022-10-24 07:44:48.594238 epoch 124: loss: 0.00971 | coarse loss: 0.02123
2022-10-24 07:45:01.039508 epoch 125: loss: 0.00980 | coarse loss: 0.02113
2022-10-24 07:45:13.297162 epoch 126: loss: 0.00976 | coarse loss: 0.02118
2022-10-24 07:45:25.578220 epoch 127: loss: 0.00993 | coarse loss: 0.02114
2022-10-24 07:45:37.904831 epoch 128: loss: 0.00980 | coarse loss: 0.02119
2022-10-24 07:45:50.197337 epoch 129: loss: 0.01063 | coarse loss: 0.02117
2022-10-24 07:46:02.484239 epoch 130: loss: 0.00993 | coarse loss: 0.02121
2022-10-24 07:46:14.765361 epoch 131: loss: 0.00975 | coarse loss: 0.02119
2022-10-24 07:46:27.046070 epoch 132: loss: 0.00974 | coarse loss: 0.02115
2022-10-24 07:46:39.413697 epoch 133: loss: 0.00972 | coarse loss: 0.02120
2022-10-24 07:46:51.943699 epoch 134: loss: 0.00966 | coarse loss: 0.02118
2022-10-24 07:47:04.225582 epoch 135: loss: 0.00977 | coarse loss: 0.02114
2022-10-24 07:47:16.636185 epoch 136: loss: 0.00985 | coarse loss: 0.02114
2022-10-24 07:47:28.928594 epoch 137: loss: 0.00961 | coarse loss: 0.02112
2022-10-24 07:47:41.247874 epoch 138: loss: 0.01006 | coarse loss: 0.02120
2022-10-24 07:47:53.557300 epoch 139: loss: 0.00982 | coarse loss: 0.02115
2022-10-24 07:48:05.848890 epoch 140: loss: 0.00974 | coarse loss: 0.02123
2022-10-24 07:48:18.237771 epoch 141: loss: 0.00969 | coarse loss: 0.02119
2022-10-24 07:48:30.573251 epoch 142: loss: 0.00963 | coarse loss: 0.02114
2022-10-24 07:48:42.811254 epoch 143: loss: 0.00975 | coarse loss: 0.02115
2022-10-24 07:48:55.120052 epoch 144: loss: 0.00978 | coarse loss: 0.02122
2022-10-24 07:49:07.547012 epoch 145: loss: 0.01095 | coarse loss: 0.02117
2022-10-24 07:49:19.813738 epoch 146: loss: 0.01002 | coarse loss: 0.02118
2022-10-24 07:49:32.087373 epoch 147: loss: 0.00980 | coarse loss: 0.02120
2022-10-24 07:49:44.369497 epoch 148: loss: 0.00973 | coarse loss: 0.02116
2022-10-24 07:49:56.672229 epoch 149: loss: 0.00974 | coarse loss: 0.02115
2022-10-24 07:50:09.032724 epoch 150: loss: 0.00969 | coarse loss: 0.02116
2022-10-24 07:50:21.444123 epoch 151: loss: 0.00954 | coarse loss: 0.02114
2022-10-24 07:50:33.761919 epoch 152: loss: 0.00977 | coarse loss: 0.02117
2022-10-24 07:50:46.100673 epoch 153: loss: 0.01027 | coarse loss: 0.02113
2022-10-24 07:50:58.381543 epoch 154: loss: 0.00995 | coarse loss: 0.02112
2022-10-24 07:51:10.707980 epoch 155: loss: 0.00970 | coarse loss: 0.02120
2022-10-24 07:51:23.046111 epoch 156: loss: 0.00971 | coarse loss: 0.02125
2022-10-24 07:51:35.263497 epoch 157: loss: 0.00974 | coarse loss: 0.02122
2022-10-24 07:51:47.598816 epoch 158: loss: 0.00970 | coarse loss: 0.02117
2022-10-24 07:51:59.825971 epoch 159: loss: 0.00965 | coarse loss: 0.02124
2022-10-24 07:52:12.244390 epoch 160: loss: 0.00961 | coarse loss: 0.02118
2022-10-24 07:52:24.665088 epoch 161: loss: 0.01013 | coarse loss: 0.02117
2022-10-24 07:52:37.001832 epoch 162: loss: 0.00977 | coarse loss: 0.02125
2022-10-24 07:52:49.285627 epoch 163: loss: 0.00977 | coarse loss: 0.02118
2022-10-24 07:53:01.630444 epoch 164: loss: 0.01045 | coarse loss: 0.02118
2022-10-24 07:53:13.859408 epoch 165: loss: 0.00991 | coarse loss: 0.02118
2022-10-24 07:53:26.127511 epoch 166: loss: 0.00960 | coarse loss: 0.02122
2022-10-24 07:53:38.391659 epoch 167: loss: 0.00962 | coarse loss: 0.02117
2022-10-24 07:53:50.712909 epoch 168: loss: 0.00962 | coarse loss: 0.02115
2022-10-24 07:54:03.084365 epoch 169: loss: 0.00958 | coarse loss: 0.02116
2022-10-24 07:54:15.426503 epoch 170: loss: 0.00960 | coarse loss: 0.02114
2022-10-24 07:54:27.739242 epoch 171: loss: 0.00955 | coarse loss: 0.02121
2022-10-24 07:54:40.153312 epoch 172: loss: 0.00993 | coarse loss: 0.02116
2022-10-24 07:54:52.435032 epoch 173: loss: 0.00964 | coarse loss: 0.02120
2022-10-24 07:55:04.733181 epoch 174: loss: 0.00962 | coarse loss: 0.02115
2022-10-24 07:55:17.088717 epoch 175: loss: 0.00960 | coarse loss: 0.02116
2022-10-24 07:55:29.445169 epoch 176: loss: 0.00957 | coarse loss: 0.02120
2022-10-24 07:55:41.844888 epoch 177: loss: 0.00948 | coarse loss: 0.02117
2022-10-24 07:55:54.063458 epoch 178: loss: 0.00952 | coarse loss: 0.02114
2022-10-24 07:56:06.390552 epoch 179: loss: 0.00954 | coarse loss: 0.02118
2022-10-24 07:56:18.582036 epoch 180: loss: 0.00968 | coarse loss: 0.02125
2022-10-24 07:56:30.734391 epoch 181: loss: 0.00958 | coarse loss: 0.02122
2022-10-24 07:56:42.919227 epoch 182: loss: 0.00955 | coarse loss: 0.02121
2022-10-24 07:56:55.310172 epoch 183: loss: 0.00949 | coarse loss: 0.02121
2022-10-24 07:57:07.559158 epoch 184: loss: 0.00950 | coarse loss: 0.02121
2022-10-24 07:57:19.993309 epoch 185: loss: 0.00952 | coarse loss: 0.02119
2022-10-24 07:57:32.360960 epoch 186: loss: 0.00953 | coarse loss: 0.02117
2022-10-24 07:57:44.603078 epoch 187: loss: 0.01046 | coarse loss: 0.02118
2022-10-24 07:57:56.782536 epoch 188: loss: 0.00985 | coarse loss: 0.02112
2022-10-24 07:58:09.131491 epoch 189: loss: 0.00957 | coarse loss: 0.02117
2022-10-24 07:58:21.587915 epoch 190: loss: 0.00953 | coarse loss: 0.02116
2022-10-24 07:58:34.003547 epoch 191: loss: 0.00978 | coarse loss: 0.02121
2022-10-24 07:58:46.374152 epoch 192: loss: 0.00955 | coarse loss: 0.02120
2022-10-24 07:58:58.765773 epoch 193: loss: 0.00953 | coarse loss: 0.02126
2022-10-24 07:59:11.254384 epoch 194: loss: 0.00948 | coarse loss: 0.02111
2022-10-24 07:59:23.503230 epoch 195: loss: 0.01037 | coarse loss: 0.02119
2022-10-24 07:59:35.816801 epoch 196: loss: 0.00964 | coarse loss: 0.02117
2022-10-24 07:59:48.158421 epoch 197: loss: 0.00962 | coarse loss: 0.02130
2022-10-24 08:00:00.409550 epoch 198: loss: 0.00957 | coarse loss: 0.02115
2022-10-24 08:00:12.683366 epoch 199: loss: 0.00952 | coarse loss: 0.02115
2022-10-24 08:00:24.942245 epoch 200: loss: 0.00946 | coarse loss: 0.02115
2022-10-24 08:00:37.126047 epoch 201: loss: 0.00952 | coarse loss: 0.02116
2022-10-24 08:00:49.453685 epoch 202: loss: 0.01006 | coarse loss: 0.02116
2022-10-24 08:01:01.795696 epoch 203: loss: 0.00945 | coarse loss: 0.02114
2022-10-24 08:01:14.141454 epoch 204: loss: 0.00950 | coarse loss: 0.02120
2022-10-24 08:01:26.473230 epoch 205: loss: 0.00947 | coarse loss: 0.02115
2022-10-24 08:01:38.802130 epoch 206: loss: 0.00950 | coarse loss: 0.02116
2022-10-24 08:01:51.106817 epoch 207: loss: 0.00968 | coarse loss: 0.02124
2022-10-24 08:02:03.488144 epoch 208: loss: 0.00964 | coarse loss: 0.02124
2022-10-24 08:02:15.789313 epoch 209: loss: 0.00960 | coarse loss: 0.02118
2022-10-24 08:02:28.118235 epoch 210: loss: 0.00942 | coarse loss: 0.02118
2022-10-24 08:02:40.347872 epoch 211: loss: 0.00937 | coarse loss: 0.02120
2022-10-24 08:02:52.652591 epoch 212: loss: 0.00943 | coarse loss: 0.02114
2022-10-24 08:03:05.026585 epoch 213: loss: 0.00983 | coarse loss: 0.02117
2022-10-24 08:03:17.485531 epoch 214: loss: 0.00952 | coarse loss: 0.02116
2022-10-24 08:03:29.898132 epoch 215: loss: 0.00947 | coarse loss: 0.02116
2022-10-24 08:03:42.406040 epoch 216: loss: 0.00943 | coarse loss: 0.02118
2022-10-24 08:03:54.860568 epoch 217: loss: 0.00941 | coarse loss: 0.02120
2022-10-24 08:04:07.148492 epoch 218: loss: 0.00942 | coarse loss: 0.02113
2022-10-24 08:04:19.481154 epoch 219: loss: 0.00962 | coarse loss: 0.02117
2022-10-24 08:04:31.798597 epoch 220: loss: 0.00947 | coarse loss: 0.02120
2022-10-24 08:04:44.091516 epoch 221: loss: 0.01009 | coarse loss: 0.02114
2022-10-24 08:04:56.366881 epoch 222: loss: 0.00947 | coarse loss: 0.02124
2022-10-24 08:05:08.597089 epoch 223: loss: 0.00943 | coarse loss: 0.02119
2022-10-24 08:05:20.905821 epoch 224: loss: 0.00939 | coarse loss: 0.02115
2022-10-24 08:05:33.207183 epoch 225: loss: 0.00939 | coarse loss: 0.02120
2022-10-24 08:05:45.493668 epoch 226: loss: 0.00947 | coarse loss: 0.02129
2022-10-24 08:05:57.859340 epoch 227: loss: 0.00944 | coarse loss: 0.02112
2022-10-24 08:06:10.170359 epoch 228: loss: 0.00949 | coarse loss: 0.02110
2022-10-24 08:06:22.559081 epoch 229: loss: 0.00940 | coarse loss: 0.02123
2022-10-24 08:06:34.987064 epoch 230: loss: 0.00936 | coarse loss: 0.02114
2022-10-24 08:06:47.276275 epoch 231: loss: 0.00940 | coarse loss: 0.02120
2022-10-24 08:06:59.543493 epoch 232: loss: 0.00942 | coarse loss: 0.02112
2022-10-24 08:07:11.876763 epoch 233: loss: 0.00933 | coarse loss: 0.02118
2022-10-24 08:07:24.377922 epoch 234: loss: 0.00937 | coarse loss: 0.02117
2022-10-24 08:07:36.818018 epoch 235: loss: 0.00932 | coarse loss: 0.02117
2022-10-24 08:07:49.090931 epoch 236: loss: 0.00995 | coarse loss: 0.02119
2022-10-24 08:08:01.409672 epoch 237: loss: 0.00945 | coarse loss: 0.02117
2022-10-24 08:08:13.908012 epoch 238: loss: 0.00931 | coarse loss: 0.02110
2022-10-24 08:08:26.273487 epoch 239: loss: 0.00932 | coarse loss: 0.02118
2022-10-24 08:08:38.511210 epoch 240: loss: 0.00938 | coarse loss: 0.02113
2022-10-24 08:08:50.960148 epoch 241: loss: 0.00940 | coarse loss: 0.02120
2022-10-24 08:09:03.420576 epoch 242: loss: 0.00934 | coarse loss: 0.02122
2022-10-24 08:09:15.771455 epoch 243: loss: 0.00946 | coarse loss: 0.02126
2022-10-24 08:09:28.289595 epoch 244: loss: 0.00959 | coarse loss: 0.02115
2022-10-24 08:09:40.704652 epoch 245: loss: 0.00938 | coarse loss: 0.02115
2022-10-24 08:09:53.058438 epoch 246: loss: 0.00951 | coarse loss: 0.02116
2022-10-24 08:10:05.435028 epoch 247: loss: 0.00970 | coarse loss: 0.02113
2022-10-24 08:10:17.791230 epoch 248: loss: 0.00974 | coarse loss: 0.02119
2022-10-24 08:10:30.339672 epoch 249: loss: 0.00939 | coarse loss: 0.02121
2022-10-24 08:10:42.616760 epoch 250: loss: 0.00931 | coarse loss: 0.02115
2022-10-24 08:10:54.832258 epoch 251: loss: 0.00935 | coarse loss: 0.02123
2022-10-24 08:11:07.374033 epoch 252: loss: 0.00990 | coarse loss: 0.02119
2022-10-24 08:11:19.633375 epoch 253: loss: 0.00934 | coarse loss: 0.02120
2022-10-24 08:11:31.872422 epoch 254: loss: 0.00934 | coarse loss: 0.02117
2022-10-24 08:11:44.461364 epoch 255: loss: 0.00933 | coarse loss: 0.02118
2022-10-24 08:11:56.782811 epoch 256: loss: 0.00925 | coarse loss: 0.02121
2022-10-24 08:12:09.064165 epoch 257: loss: 0.00980 | coarse loss: 0.02128
2022-10-24 08:12:21.346611 epoch 258: loss: 0.00947 | coarse loss: 0.02118
2022-10-24 08:12:33.757131 epoch 259: loss: 0.00926 | coarse loss: 0.02117
2022-10-24 08:12:46.067626 epoch 260: loss: 0.00930 | coarse loss: 0.02120
2022-10-24 08:12:58.370838 epoch 261: loss: 0.00943 | coarse loss: 0.02119
2022-10-24 08:13:10.585781 epoch 262: loss: 0.00921 | coarse loss: 0.02116
2022-10-24 08:13:22.982691 epoch 263: loss: 0.00922 | coarse loss: 0.02117
2022-10-24 08:13:35.309778 epoch 264: loss: 0.00924 | coarse loss: 0.02113
2022-10-24 08:13:47.659145 epoch 265: loss: 0.00924 | coarse loss: 0.02119
2022-10-24 08:14:00.000952 epoch 266: loss: 0.00965 | coarse loss: 0.02113
2022-10-24 08:14:12.314796 epoch 267: loss: 0.00939 | coarse loss: 0.02115
2022-10-24 08:14:24.626062 epoch 268: loss: 0.00924 | coarse loss: 0.02118
2022-10-24 08:14:36.856965 epoch 269: loss: 0.00920 | coarse loss: 0.02120
2022-10-24 08:14:49.260106 epoch 270: loss: 0.00924 | coarse loss: 0.02116
2022-10-24 08:15:01.873783 epoch 271: loss: 0.00926 | coarse loss: 0.02121
2022-10-24 08:15:14.221577 epoch 272: loss: 0.00923 | coarse loss: 0.02114
2022-10-24 08:15:26.628988 epoch 273: loss: 0.00922 | coarse loss: 0.02115
2022-10-24 08:15:39.050939 epoch 274: loss: 0.00922 | coarse loss: 0.02120
2022-10-24 08:15:51.285512 epoch 275: loss: 0.00919 | coarse loss: 0.02115
2022-10-24 08:16:03.603051 epoch 276: loss: 0.00918 | coarse loss: 0.02115
2022-10-24 08:16:16.086551 epoch 277: loss: 0.00928 | coarse loss: 0.02125
2022-10-24 08:16:28.406600 epoch 278: loss: 0.00916 | coarse loss: 0.02115
2022-10-24 08:16:40.818788 epoch 279: loss: 0.00923 | coarse loss: 0.02126
2022-10-24 08:16:53.056727 epoch 280: loss: 0.01009 | coarse loss: 0.02122
2022-10-24 08:17:05.476359 epoch 281: loss: 0.00962 | coarse loss: 0.02116
2022-10-24 08:17:17.763690 epoch 282: loss: 0.00935 | coarse loss: 0.02117
2022-10-24 08:17:30.000399 epoch 283: loss: 0.00920 | coarse loss: 0.02122
2022-10-24 08:17:42.321883 epoch 284: loss: 0.00917 | coarse loss: 0.02115
2022-10-24 08:17:54.663704 epoch 285: loss: 0.00954 | coarse loss: 0.02126
2022-10-24 08:18:06.886158 epoch 286: loss: 0.00920 | coarse loss: 0.02116
2022-10-24 08:18:19.149465 epoch 287: loss: 0.00944 | coarse loss: 0.02121
2022-10-24 08:18:31.467048 epoch 288: loss: 0.00919 | coarse loss: 0.02114
2022-10-24 08:18:43.688324 epoch 289: loss: 0.00932 | coarse loss: 0.02124
2022-10-24 08:18:55.884956 epoch 290: loss: 0.00925 | coarse loss: 0.02114
2022-10-24 08:19:08.126243 epoch 291: loss: 0.00928 | coarse loss: 0.02116
2022-10-24 08:19:20.436338 epoch 292: loss: 0.00912 | coarse loss: 0.02118
2022-10-24 08:19:32.720923 epoch 293: loss: 0.00914 | coarse loss: 0.02120
2022-10-24 08:19:45.120589 epoch 294: loss: 0.00915 | coarse loss: 0.02118
2022-10-24 08:19:57.435316 epoch 295: loss: 0.00964 | coarse loss: 0.02115
2022-10-24 08:20:09.732476 epoch 296: loss: 0.00925 | coarse loss: 0.02116
2022-10-24 08:20:21.960138 epoch 297: loss: 0.00915 | coarse loss: 0.02112
2022-10-24 08:20:34.444022 epoch 298: loss: 0.00916 | coarse loss: 0.02126
2022-10-24 08:20:46.842592 epoch 299: loss: 0.00926 | coarse loss: 0.02111
2022-10-24 08:20:59.144688 epoch 300: loss: 0.00973 | coarse loss: 0.02115
2022-10-24 08:21:11.452999 epoch 301: loss: 0.00923 | coarse loss: 0.02119
2022-10-24 08:21:23.964578 epoch 302: loss: 0.00914 | coarse loss: 0.02122
2022-10-24 08:21:36.176049 epoch 303: loss: 0.00913 | coarse loss: 0.02112
2022-10-24 08:21:48.572193 epoch 304: loss: 0.00910 | coarse loss: 0.02112
2022-10-24 08:22:00.899414 epoch 305: loss: 0.00914 | coarse loss: 0.02118
2022-10-24 08:22:13.037072 epoch 306: loss: 0.00917 | coarse loss: 0.02117
2022-10-24 08:22:25.514591 epoch 307: loss: 0.00908 | coarse loss: 0.02113
2022-10-24 08:22:37.803283 epoch 308: loss: 0.00906 | coarse loss: 0.02112
2022-10-24 08:22:50.182954 epoch 309: loss: 0.00968 | coarse loss: 0.02118
2022-10-24 08:23:02.686375 epoch 310: loss: 0.00915 | coarse loss: 0.02116
2022-10-24 08:23:15.080329 epoch 311: loss: 0.00911 | coarse loss: 0.02112
2022-10-24 08:23:27.506992 epoch 312: loss: 0.00911 | coarse loss: 0.02115
2022-10-24 08:23:39.766308 epoch 313: loss: 0.00953 | coarse loss: 0.02122
2022-10-24 08:23:52.127261 epoch 314: loss: 0.00951 | coarse loss: 0.02111
2022-10-24 08:24:04.707177 epoch 315: loss: 0.00924 | coarse loss: 0.02118
2022-10-24 08:24:16.994566 epoch 316: loss: 0.00909 | coarse loss: 0.02118
2022-10-24 08:24:29.280385 epoch 317: loss: 0.00905 | coarse loss: 0.02120
2022-10-24 08:24:41.757078 epoch 318: loss: 0.00910 | coarse loss: 0.02115
2022-10-24 08:24:54.177646 epoch 319: loss: 0.00912 | coarse loss: 0.02127
2022-10-24 08:25:06.581732 epoch 320: loss: 0.00908 | coarse loss: 0.02111
2022-10-24 08:25:19.087422 epoch 321: loss: 0.00908 | coarse loss: 0.02116
2022-10-24 08:25:31.319192 epoch 322: loss: 0.00901 | coarse loss: 0.02118
2022-10-24 08:25:43.590482 epoch 323: loss: 0.00902 | coarse loss: 0.02117
2022-10-24 08:25:55.935382 epoch 324: loss: 0.00907 | coarse loss: 0.02120
2022-10-24 08:26:08.132323 epoch 325: loss: 0.00909 | coarse loss: 0.02119
2022-10-24 08:26:20.582512 epoch 326: loss: 0.00909 | coarse loss: 0.02113
2022-10-24 08:26:33.004858 epoch 327: loss: 0.00905 | coarse loss: 0.02119
2022-10-24 08:26:45.370303 epoch 328: loss: 0.00935 | coarse loss: 0.02126
2022-10-24 08:26:57.729969 epoch 329: loss: 0.00904 | coarse loss: 0.02115
2022-10-24 08:27:10.104685 epoch 330: loss: 0.00909 | coarse loss: 0.02122
2022-10-24 08:27:22.506336 epoch 331: loss: 0.00909 | coarse loss: 0.02120
2022-10-24 08:27:34.894209 epoch 332: loss: 0.00915 | coarse loss: 0.02121
2022-10-24 08:27:47.224782 epoch 333: loss: 0.00911 | coarse loss: 0.02116
2022-10-24 08:27:59.606292 epoch 334: loss: 0.00904 | coarse loss: 0.02122
2022-10-24 08:28:12.067697 epoch 335: loss: 0.00899 | coarse loss: 0.02119
2022-10-24 08:28:24.420532 epoch 336: loss: 0.00898 | coarse loss: 0.02116
2022-10-24 08:28:36.770792 epoch 337: loss: 0.00902 | coarse loss: 0.02117
2022-10-24 08:28:49.112693 epoch 338: loss: 0.00899 | coarse loss: 0.02119
2022-10-24 08:29:01.418886 epoch 339: loss: 0.00900 | coarse loss: 0.02123
2022-10-24 08:29:13.820388 epoch 340: loss: 0.00899 | coarse loss: 0.02117
2022-10-24 08:29:26.024658 epoch 341: loss: 0.00906 | coarse loss: 0.02117
2022-10-24 08:29:38.325618 epoch 342: loss: 0.00961 | coarse loss: 0.02118
2022-10-24 08:29:50.593807 epoch 343: loss: 0.00930 | coarse loss: 0.02121
2022-10-24 08:30:02.857018 epoch 344: loss: 0.00903 | coarse loss: 0.02116
2022-10-24 08:30:15.114843 epoch 345: loss: 0.00903 | coarse loss: 0.02116
2022-10-24 08:30:27.457771 epoch 346: loss: 0.00894 | coarse loss: 0.02117
2022-10-24 08:30:39.740429 epoch 347: loss: 0.00897 | coarse loss: 0.02116
2022-10-24 08:30:52.172558 epoch 348: loss: 0.00904 | coarse loss: 0.02119
2022-10-24 08:31:04.675706 epoch 349: loss: 0.00898 | coarse loss: 0.02118
2022-10-24 08:31:17.103739 epoch 350: loss: 0.00889 | coarse loss: 0.02114
2022-10-24 08:31:29.612732 epoch 351: loss: 0.00895 | coarse loss: 0.02115
2022-10-24 08:31:42.088939 epoch 352: loss: 0.00908 | coarse loss: 0.02119
2022-10-24 08:31:54.487354 epoch 353: loss: 0.00899 | coarse loss: 0.02115
2022-10-24 08:32:06.889395 epoch 354: loss: 0.00903 | coarse loss: 0.02119
2022-10-24 08:32:19.214859 epoch 355: loss: 0.00894 | coarse loss: 0.02116
2022-10-24 08:32:31.516270 epoch 356: loss: 0.00951 | coarse loss: 0.02116
2022-10-24 08:32:43.857128 epoch 357: loss: 0.00919 | coarse loss: 0.02114
2022-10-24 08:32:56.168397 epoch 358: loss: 0.00892 | coarse loss: 0.02120
2022-10-24 08:33:08.356160 epoch 359: loss: 0.00883 | coarse loss: 0.02116
2022-10-24 08:33:20.699570 epoch 360: loss: 0.00886 | coarse loss: 0.02120
2022-10-24 08:33:32.979532 epoch 361: loss: 0.00882 | coarse loss: 0.02117
2022-10-24 08:33:45.323705 epoch 362: loss: 0.00874 | coarse loss: 0.02116
2022-10-24 08:33:57.657115 epoch 363: loss: 0.00883 | coarse loss: 0.02121
2022-10-24 08:34:10.004679 epoch 364: loss: 0.00944 | coarse loss: 0.02115
2022-10-24 08:34:22.288092 epoch 365: loss: 0.00892 | coarse loss: 0.02117
2022-10-24 08:34:34.526174 epoch 366: loss: 0.00876 | coarse loss: 0.02117
2022-10-24 08:34:46.813397 epoch 367: loss: 0.00873 | coarse loss: 0.02120
2022-10-24 08:34:59.107376 epoch 368: loss: 0.00870 | coarse loss: 0.02121
2022-10-24 08:35:11.390473 epoch 369: loss: 0.00862 | coarse loss: 0.02115
2022-10-24 08:35:23.754026 epoch 370: loss: 0.00860 | coarse loss: 0.02114
2022-10-24 08:35:36.082184 epoch 371: loss: 0.00866 | coarse loss: 0.02112
2022-10-24 08:35:48.383658 epoch 372: loss: 0.00856 | coarse loss: 0.02117
2022-10-24 08:36:00.725881 epoch 373: loss: 0.00877 | coarse loss: 0.02116
2022-10-24 08:36:13.113046 epoch 374: loss: 0.00864 | coarse loss: 0.02117
2022-10-24 08:36:25.600224 epoch 375: loss: 0.00854 | coarse loss: 0.02114
2022-10-24 08:36:38.115509 epoch 376: loss: 0.00853 | coarse loss: 0.02120
2022-10-24 08:36:50.347091 epoch 377: loss: 0.00884 | coarse loss: 0.02115
2022-10-24 08:37:02.755837 epoch 378: loss: 0.00854 | coarse loss: 0.02118
2022-10-24 08:37:15.097484 epoch 379: loss: 0.00849 | coarse loss: 0.02120
2022-10-24 08:37:27.395615 epoch 380: loss: 0.00885 | coarse loss: 0.02119
2022-10-24 08:37:39.641455 epoch 381: loss: 0.00879 | coarse loss: 0.02114
2022-10-24 08:37:52.024959 epoch 382: loss: 0.00854 | coarse loss: 0.02115
2022-10-24 08:38:04.243604 epoch 383: loss: 0.00850 | coarse loss: 0.02121
2022-10-24 08:38:16.646394 epoch 384: loss: 0.00848 | coarse loss: 0.02118
2022-10-24 08:38:28.968863 epoch 385: loss: 0.00855 | coarse loss: 0.02119
2022-10-24 08:38:41.375785 epoch 386: loss: 0.00849 | coarse loss: 0.02117
2022-10-24 08:38:53.701786 epoch 387: loss: 0.00849 | coarse loss: 0.02115
2022-10-24 08:39:06.027446 epoch 388: loss: 0.00841 | coarse loss: 0.02114
2022-10-24 08:39:18.264169 epoch 389: loss: 0.00855 | coarse loss: 0.02115
2022-10-24 08:39:30.602379 epoch 390: loss: 0.00881 | coarse loss: 0.02115
2022-10-24 08:39:42.939013 epoch 391: loss: 0.00853 | coarse loss: 0.02114
2022-10-24 08:39:55.269259 epoch 392: loss: 0.00848 | coarse loss: 0.02119
2022-10-24 08:40:07.660987 epoch 393: loss: 0.00845 | coarse loss: 0.02120
2022-10-24 08:40:19.905370 epoch 394: loss: 0.00838 | coarse loss: 0.02114
2022-10-24 08:40:32.284101 epoch 395: loss: 0.00838 | coarse loss: 0.02118
2022-10-24 08:40:44.618479 epoch 396: loss: 0.00840 | coarse loss: 0.02116
2022-10-24 08:40:56.953209 epoch 397: loss: 0.00835 | coarse loss: 0.02114
2022-10-24 08:41:09.368290 epoch 398: loss: 0.00841 | coarse loss: 0.02120
2022-10-24 08:41:21.782083 epoch 399: loss: 0.00835 | coarse loss: 0.02117
2022-10-24 08:41:34.081069 epoch 400: loss: 0.00835 | coarse loss: 0.02113
2022-10-24 08:41:46.490040 epoch 401: loss: 0.00843 | coarse loss: 0.02120
2022-10-24 08:41:58.843464 epoch 402: loss: 0.00957 | coarse loss: 0.02116
2022-10-24 08:42:11.138760 epoch 403: loss: 0.00864 | coarse loss: 0.02115
2022-10-24 08:42:23.529656 epoch 404: loss: 0.00870 | coarse loss: 0.02114
2022-10-24 08:42:36.010535 epoch 405: loss: 0.00850 | coarse loss: 0.02122
2022-10-24 08:42:48.399406 epoch 406: loss: 0.00863 | coarse loss: 0.02114
2022-10-24 08:43:00.847542 epoch 407: loss: 0.00883 | coarse loss: 0.02118
2022-10-24 08:43:13.249866 epoch 408: loss: 0.00845 | coarse loss: 0.02116
2022-10-24 08:43:25.750934 epoch 409: loss: 0.00837 | coarse loss: 0.02116
2022-10-24 08:43:38.215931 epoch 410: loss: 0.00834 | coarse loss: 0.02119
2022-10-24 08:43:50.694936 epoch 411: loss: 0.00830 | coarse loss: 0.02118
2022-10-24 08:44:03.068941 epoch 412: loss: 0.00848 | coarse loss: 0.02120
2022-10-24 08:44:15.451370 epoch 413: loss: 0.00838 | coarse loss: 0.02116
2022-10-24 08:44:27.688624 epoch 414: loss: 0.00839 | coarse loss: 0.02122
2022-10-24 08:44:40.062103 epoch 415: loss: 0.00861 | coarse loss: 0.02121
2022-10-24 08:44:52.284283 epoch 416: loss: 0.00839 | coarse loss: 0.02112
2022-10-24 08:45:04.695584 epoch 417: loss: 0.00839 | coarse loss: 0.02125
2022-10-24 08:45:17.051241 epoch 418: loss: 0.00837 | coarse loss: 0.02119
2022-10-24 08:45:29.459418 epoch 419: loss: 0.00830 | coarse loss: 0.02119
2022-10-24 08:45:41.823117 epoch 420: loss: 0.00826 | coarse loss: 0.02114
2022-10-24 08:45:54.140112 epoch 421: loss: 0.00835 | coarse loss: 0.02126
2022-10-24 08:46:06.422726 epoch 422: loss: 0.00853 | coarse loss: 0.02124
2022-10-24 08:46:18.746217 epoch 423: loss: 0.00829 | coarse loss: 0.02119
2022-10-24 08:46:30.980710 epoch 424: loss: 0.00830 | coarse loss: 0.02115
2022-10-24 08:46:43.313531 epoch 425: loss: 0.00828 | coarse loss: 0.02116
2022-10-24 08:46:55.579084 epoch 426: loss: 0.00828 | coarse loss: 0.02122
2022-10-24 08:47:07.882747 epoch 427: loss: 0.00828 | coarse loss: 0.02112
2022-10-24 08:47:20.132228 epoch 428: loss: 0.00828 | coarse loss: 0.02117
2022-10-24 08:47:32.543480 epoch 429: loss: 0.00877 | coarse loss: 0.02130
2022-10-24 08:47:44.793616 epoch 430: loss: 0.00831 | coarse loss: 0.02122
2022-10-24 08:47:57.218711 epoch 431: loss: 0.00825 | coarse loss: 0.02115
2022-10-24 08:48:09.574551 epoch 432: loss: 0.00831 | coarse loss: 0.02126
2022-10-24 08:48:21.775497 epoch 433: loss: 0.00825 | coarse loss: 0.02118
2022-10-24 08:48:34.179196 epoch 434: loss: 0.00878 | coarse loss: 0.02117
2022-10-24 08:48:46.532009 epoch 435: loss: 0.00829 | coarse loss: 0.02116
2022-10-24 08:48:58.877914 epoch 436: loss: 0.00836 | coarse loss: 0.02126
2022-10-24 08:49:11.237786 epoch 437: loss: 0.00834 | coarse loss: 0.02122
2022-10-24 08:49:23.479494 epoch 438: loss: 0.00826 | coarse loss: 0.02114
2022-10-24 08:49:35.800074 epoch 439: loss: 0.00844 | coarse loss: 0.02117
2022-10-24 08:49:48.030072 epoch 440: loss: 0.00822 | coarse loss: 0.02119
2022-10-24 08:50:00.255868 epoch 441: loss: 0.00822 | coarse loss: 0.02120
2022-10-24 08:50:12.571692 epoch 442: loss: 0.00824 | coarse loss: 0.02121
2022-10-24 08:50:24.832015 epoch 443: loss: 0.00819 | coarse loss: 0.02119
2022-10-24 08:50:37.153659 epoch 444: loss: 0.00828 | coarse loss: 0.02117
2022-10-24 08:50:49.525143 epoch 445: loss: 0.00856 | coarse loss: 0.02118
2022-10-24 08:51:01.746037 epoch 446: loss: 0.00834 | coarse loss: 0.02115
2022-10-24 08:51:14.139286 epoch 447: loss: 0.00842 | coarse loss: 0.02117
2022-10-24 08:51:26.461322 epoch 448: loss: 0.00827 | coarse loss: 0.02117
2022-10-24 08:51:38.831684 epoch 449: loss: 0.00821 | coarse loss: 0.02118
2022-10-24 08:51:51.055216 epoch 450: loss: 0.00820 | coarse loss: 0.02120
2022-10-24 08:52:03.454417 epoch 451: loss: 0.00824 | coarse loss: 0.02121
2022-10-24 08:52:15.852350 epoch 452: loss: 0.00929 | coarse loss: 0.02117
2022-10-24 08:52:28.343974 epoch 453: loss: 0.00832 | coarse loss: 0.02116
2022-10-24 08:52:40.763959 epoch 454: loss: 0.00827 | coarse loss: 0.02128
2022-10-24 08:52:53.092480 epoch 455: loss: 0.00821 | coarse loss: 0.02117
2022-10-24 08:53:05.561231 epoch 456: loss: 0.00821 | coarse loss: 0.02127
2022-10-24 08:53:17.877895 epoch 457: loss: 0.00823 | coarse loss: 0.02118
2022-10-24 08:53:30.222085 epoch 458: loss: 0.00844 | coarse loss: 0.02121
2022-10-24 08:53:42.539609 epoch 459: loss: 0.00839 | coarse loss: 0.02117
2022-10-24 08:53:54.771083 epoch 460: loss: 0.00838 | coarse loss: 0.02123
2022-10-24 08:54:07.042503 epoch 461: loss: 0.00820 | coarse loss: 0.02120
2022-10-24 08:54:19.428622 epoch 462: loss: 0.00816 | coarse loss: 0.02115
2022-10-24 08:54:31.589909 epoch 463: loss: 0.00824 | coarse loss: 0.02116
2022-10-24 08:54:43.885945 epoch 464: loss: 0.00865 | coarse loss: 0.02118
2022-10-24 08:54:56.177416 epoch 465: loss: 0.00838 | coarse loss: 0.02120
2022-10-24 08:55:08.594404 epoch 466: loss: 0.00821 | coarse loss: 0.02119
2022-10-24 08:55:21.066794 epoch 467: loss: 0.00824 | coarse loss: 0.02120
2022-10-24 08:55:33.477297 epoch 468: loss: 0.00824 | coarse loss: 0.02115
2022-10-24 08:55:45.781148 epoch 469: loss: 0.00820 | coarse loss: 0.02118
2022-10-24 08:55:58.120006 epoch 470: loss: 0.00833 | coarse loss: 0.02120
2022-10-24 08:56:10.512210 epoch 471: loss: 0.00818 | coarse loss: 0.02122
2022-10-24 08:56:22.741792 epoch 472: loss: 0.00816 | coarse loss: 0.02121
2022-10-24 08:56:34.998285 epoch 473: loss: 0.00821 | coarse loss: 0.02123
2022-10-24 08:56:47.212873 epoch 474: loss: 0.00823 | coarse loss: 0.02125
2022-10-24 08:56:59.535222 epoch 475: loss: 0.00819 | coarse loss: 0.02124
2022-10-24 08:57:11.901722 epoch 476: loss: 0.00826 | coarse loss: 0.02121
2022-10-24 08:57:24.284361 epoch 477: loss: 0.00980 | coarse loss: 0.02121
2022-10-24 08:57:36.709551 epoch 478: loss: 0.00821 | coarse loss: 0.02116
2022-10-24 08:57:49.132043 epoch 479: loss: 0.00820 | coarse loss: 0.02125
2022-10-24 08:58:01.466043 epoch 480: loss: 0.00816 | coarse loss: 0.02124
2022-10-24 08:58:13.749576 epoch 481: loss: 0.00863 | coarse loss: 0.02121
2022-10-24 08:58:26.262529 epoch 482: loss: 0.00886 | coarse loss: 0.02114
2022-10-24 08:58:38.443608 epoch 483: loss: 0.00832 | coarse loss: 0.02117
2022-10-24 08:58:50.959807 epoch 484: loss: 0.00823 | coarse loss: 0.02114
2022-10-24 08:59:03.235765 epoch 485: loss: 0.00820 | coarse loss: 0.02127
2022-10-24 08:59:15.641709 epoch 486: loss: 0.00810 | coarse loss: 0.02113
2022-10-24 08:59:27.849657 epoch 487: loss: 0.00814 | coarse loss: 0.02121
2022-10-24 08:59:40.082637 epoch 488: loss: 0.00844 | coarse loss: 0.02116
2022-10-24 08:59:52.482793 epoch 489: loss: 0.00821 | coarse loss: 0.02116
2022-10-24 09:00:04.793113 epoch 490: loss: 0.00813 | coarse loss: 0.02112
2022-10-24 09:00:17.105812 epoch 491: loss: 0.00818 | coarse loss: 0.02118
2022-10-24 09:00:29.434993 epoch 492: loss: 0.00815 | coarse loss: 0.02121
2022-10-24 09:00:41.654855 epoch 493: loss: 0.00820 | coarse loss: 0.02117
2022-10-24 09:00:53.969135 epoch 494: loss: 0.00813 | coarse loss: 0.02115
2022-10-24 09:01:06.339936 epoch 495: loss: 0.00808 | coarse loss: 0.02113
2022-10-24 09:01:18.777705 epoch 496: loss: 0.00907 | coarse loss: 0.02116
2022-10-24 09:01:31.089178 epoch 497: loss: 0.00825 | coarse loss: 0.02125
2022-10-24 09:01:43.367626 epoch 498: loss: 0.00815 | coarse loss: 0.02119
2022-10-24 09:01:55.775909 epoch 499: loss: 0.00814 | coarse loss: 0.02125
2022-10-24 09:02:08.199171 epoch 500: loss: 0.00814 | coarse loss: 0.02121
training done: 6194.743119955063
