/work/09080/lkaiser/maverick2/run_1/bash_scripts
c228-107.maverick2.tacc.utexas.edu
Mon Oct 24 17:28:39 CDT 2022
start training unet 128
gpu available: True | n of gpus: 2
setting up data
total number of data points: 10048
2022-10-24 17:29:27.753005 epoch 1: loss: 0.03232 | coarse loss: 0.02113
/home1/09080/lkaiser/.local/lib/python3.6/site-packages/torch/nn/functional.py:3635: UserWarning: Default upsampling behavior when mode=bilinear is changed to align_corners=False since 0.4.0. Please specify align_corners=True if the old behavior is desired. See the documentation of nn.Upsample for details.
  "See the documentation of nn.Upsample for details.".format(mode)
/home1/09080/lkaiser/.local/lib/python3.6/site-packages/torch/nn/functional.py:3509: UserWarning: nn.functional.upsample is deprecated. Use nn.functional.interpolate instead.
  warnings.warn("nn.functional.upsample is deprecated. Use nn.functional.interpolate instead.")
2022-10-24 17:29:46.302069 epoch 2: loss: 0.02102 | coarse loss: 0.02125
2022-10-24 17:30:04.745493 epoch 3: loss: 0.01942 | coarse loss: 0.02114
2022-10-24 17:30:23.224084 epoch 4: loss: 0.01833 | coarse loss: 0.02117
2022-10-24 17:30:41.603076 epoch 5: loss: 0.01752 | coarse loss: 0.02121
2022-10-24 17:31:00.149350 epoch 6: loss: 0.01690 | coarse loss: 0.02116
2022-10-24 17:31:18.440873 epoch 7: loss: 0.01647 | coarse loss: 0.02120
2022-10-24 17:31:36.881065 epoch 8: loss: 0.01619 | coarse loss: 0.02120
2022-10-24 17:31:55.369419 epoch 9: loss: 0.01580 | coarse loss: 0.02117
2022-10-24 17:32:13.788841 epoch 10: loss: 0.01553 | coarse loss: 0.02116
2022-10-24 17:32:32.093595 epoch 11: loss: 0.01527 | coarse loss: 0.02111
2022-10-24 17:32:50.486042 epoch 12: loss: 0.01507 | coarse loss: 0.02122
2022-10-24 17:33:08.924512 epoch 13: loss: 0.01493 | coarse loss: 0.02116
2022-10-24 17:33:27.387693 epoch 14: loss: 0.01466 | coarse loss: 0.02115
2022-10-24 17:33:45.822825 epoch 15: loss: 0.01432 | coarse loss: 0.02117
2022-10-24 17:34:04.290073 epoch 16: loss: 0.01434 | coarse loss: 0.02119
2022-10-24 17:34:22.743674 epoch 17: loss: 0.01390 | coarse loss: 0.02113
2022-10-24 17:34:41.306076 epoch 18: loss: 0.01433 | coarse loss: 0.02122
2022-10-24 17:34:59.755167 epoch 19: loss: 0.01350 | coarse loss: 0.02126
2022-10-24 17:35:18.351923 epoch 20: loss: 0.01320 | coarse loss: 0.02117
2022-10-24 17:35:36.927629 epoch 21: loss: 0.01296 | coarse loss: 0.02113
2022-10-24 17:35:55.474406 epoch 22: loss: 0.01377 | coarse loss: 0.02121
2022-10-24 17:36:14.013662 epoch 23: loss: 0.01263 | coarse loss: 0.02119
2022-10-24 17:36:32.553741 epoch 24: loss: 0.01251 | coarse loss: 0.02119
2022-10-24 17:36:51.012365 epoch 25: loss: 0.01234 | coarse loss: 0.02120
2022-10-24 17:37:09.510464 epoch 26: loss: 0.01201 | coarse loss: 0.02114
2022-10-24 17:37:27.975913 epoch 27: loss: 0.01255 | coarse loss: 0.02116
2022-10-24 17:37:46.575383 epoch 28: loss: 0.01182 | coarse loss: 0.02118
2022-10-24 17:38:05.057506 epoch 29: loss: 0.01160 | coarse loss: 0.02110
2022-10-24 17:38:23.621269 epoch 30: loss: 0.01151 | coarse loss: 0.02116
2022-10-24 17:38:42.170612 epoch 31: loss: 0.01124 | coarse loss: 0.02115
2022-10-24 17:39:00.818230 epoch 32: loss: 0.01114 | coarse loss: 0.02117
2022-10-24 17:39:19.279296 epoch 33: loss: 0.01085 | coarse loss: 0.02116
2022-10-24 17:39:37.743524 epoch 34: loss: 0.01451 | coarse loss: 0.02114
2022-10-24 17:39:56.172969 epoch 35: loss: 0.01120 | coarse loss: 0.02118
2022-10-24 17:40:14.604540 epoch 36: loss: 0.01171 | coarse loss: 0.02116
2022-10-24 17:40:33.100229 epoch 37: loss: 0.01106 | coarse loss: 0.02123
2022-10-24 17:40:51.622475 epoch 38: loss: 0.01068 | coarse loss: 0.02114
2022-10-24 17:41:10.049082 epoch 39: loss: 0.01061 | coarse loss: 0.02114
2022-10-24 17:41:28.421883 epoch 40: loss: 0.01043 | coarse loss: 0.02117
2022-10-24 17:41:46.916477 epoch 41: loss: 0.01027 | coarse loss: 0.02113
2022-10-24 17:42:05.290882 epoch 42: loss: 0.01030 | coarse loss: 0.02115
2022-10-24 17:42:23.843331 epoch 43: loss: 0.01012 | coarse loss: 0.02121
2022-10-24 17:42:42.416390 epoch 44: loss: 0.01308 | coarse loss: 0.02116
2022-10-24 17:43:00.980133 epoch 45: loss: 0.01063 | coarse loss: 0.02122
2022-10-24 17:43:19.577578 epoch 46: loss: 0.01075 | coarse loss: 0.02113
2022-10-24 17:43:38.054594 epoch 47: loss: 0.01019 | coarse loss: 0.02118
2022-10-24 17:43:56.580260 epoch 48: loss: 0.01017 | coarse loss: 0.02120
2022-10-24 17:44:15.138917 epoch 49: loss: 0.00997 | coarse loss: 0.02115
2022-10-24 17:44:33.658993 epoch 50: loss: 0.00988 | coarse loss: 0.02116
2022-10-24 17:44:52.203607 epoch 51: loss: 0.00984 | coarse loss: 0.02115
2022-10-24 17:45:10.736322 epoch 52: loss: 0.00988 | coarse loss: 0.02122
2022-10-24 17:45:29.210943 epoch 53: loss: 0.00985 | coarse loss: 0.02122
2022-10-24 17:45:47.694208 epoch 54: loss: 0.00973 | coarse loss: 0.02113
2022-10-24 17:46:06.156138 epoch 55: loss: 0.00965 | coarse loss: 0.02120
2022-10-24 17:46:24.719464 epoch 56: loss: 0.00954 | coarse loss: 0.02113
2022-10-24 17:46:43.218141 epoch 57: loss: 0.00972 | coarse loss: 0.02123
2022-10-24 17:47:01.779345 epoch 58: loss: 0.00969 | coarse loss: 0.02121
2022-10-24 17:47:20.275273 epoch 59: loss: 0.00945 | coarse loss: 0.02118
2022-10-24 17:47:38.975176 epoch 60: loss: 0.00957 | coarse loss: 0.02117
2022-10-24 17:47:57.746280 epoch 61: loss: 0.00951 | coarse loss: 0.02120
2022-10-24 17:48:16.339929 epoch 62: loss: 0.01012 | coarse loss: 0.02115
2022-10-24 17:48:34.904815 epoch 63: loss: 0.01025 | coarse loss: 0.02118
2022-10-24 17:48:53.544593 epoch 64: loss: 0.00982 | coarse loss: 0.02119
2022-10-24 17:49:12.111841 epoch 65: loss: 0.00961 | coarse loss: 0.02119
2022-10-24 17:49:30.635391 epoch 66: loss: 0.00945 | coarse loss: 0.02119
2022-10-24 17:49:49.275436 epoch 67: loss: 0.00943 | coarse loss: 0.02118
2022-10-24 17:50:07.843972 epoch 68: loss: 0.00993 | coarse loss: 0.02122
2022-10-24 17:50:26.471568 epoch 69: loss: 0.00941 | coarse loss: 0.02123
2022-10-24 17:50:44.941884 epoch 70: loss: 0.00930 | coarse loss: 0.02117
2022-10-24 17:51:03.538241 epoch 71: loss: 0.00930 | coarse loss: 0.02120
2022-10-24 17:51:22.050900 epoch 72: loss: 0.00926 | coarse loss: 0.02118
2022-10-24 17:51:40.572580 epoch 73: loss: 0.00923 | coarse loss: 0.02119
2022-10-24 17:51:59.133920 epoch 74: loss: 0.00920 | coarse loss: 0.02119
2022-10-24 17:52:17.597154 epoch 75: loss: 0.00923 | coarse loss: 0.02120
2022-10-24 17:52:36.009013 epoch 76: loss: 0.00911 | coarse loss: 0.02113
2022-10-24 17:52:54.387339 epoch 77: loss: 0.01043 | coarse loss: 0.02119
2022-10-24 17:53:12.853304 epoch 78: loss: 0.00988 | coarse loss: 0.02119
2022-10-24 17:53:31.448863 epoch 79: loss: 0.00920 | coarse loss: 0.02113
2022-10-24 17:53:50.026379 epoch 80: loss: 0.00990 | coarse loss: 0.02115
2022-10-24 17:54:08.540842 epoch 81: loss: 0.00960 | coarse loss: 0.02114
2022-10-24 17:54:27.090259 epoch 82: loss: 0.00935 | coarse loss: 0.02119
2022-10-24 17:54:45.464940 epoch 83: loss: 0.01032 | coarse loss: 0.02117
2022-10-24 17:55:03.908376 epoch 84: loss: 0.00924 | coarse loss: 0.02122
2022-10-24 17:55:22.348758 epoch 85: loss: 0.00907 | coarse loss: 0.02112
2022-10-24 17:55:40.782185 epoch 86: loss: 0.00906 | coarse loss: 0.02116
2022-10-24 17:55:59.190907 epoch 87: loss: 0.00912 | coarse loss: 0.02122
2022-10-24 17:56:17.560583 epoch 88: loss: 0.00904 | coarse loss: 0.02110
2022-10-24 17:56:36.080609 epoch 89: loss: 0.00907 | coarse loss: 0.02112
2022-10-24 17:56:54.478489 epoch 90: loss: 0.00905 | coarse loss: 0.02119
2022-10-24 17:57:12.850852 epoch 91: loss: 0.00890 | coarse loss: 0.02114
2022-10-24 17:57:31.311249 epoch 92: loss: 0.00897 | coarse loss: 0.02125
2022-10-24 17:57:49.964498 epoch 93: loss: 0.00898 | coarse loss: 0.02120
2022-10-24 17:58:08.517377 epoch 94: loss: 0.00928 | coarse loss: 0.02113
2022-10-24 17:58:26.911648 epoch 95: loss: 0.00968 | coarse loss: 0.02117
2022-10-24 17:58:45.641422 epoch 96: loss: 0.00936 | coarse loss: 0.02120
2022-10-24 17:59:04.129488 epoch 97: loss: 0.00903 | coarse loss: 0.02121
2022-10-24 17:59:22.635316 epoch 98: loss: 0.00893 | coarse loss: 0.02118
2022-10-24 17:59:41.111568 epoch 99: loss: 0.00887 | coarse loss: 0.02117
2022-10-24 17:59:59.645119 epoch 100: loss: 0.00881 | coarse loss: 0.02115
2022-10-24 18:00:18.087458 epoch 101: loss: 0.00894 | coarse loss: 0.02121
2022-10-24 18:00:36.754402 epoch 102: loss: 0.01040 | coarse loss: 0.02120
2022-10-24 18:00:55.283959 epoch 103: loss: 0.00920 | coarse loss: 0.02112
2022-10-24 18:01:13.833828 epoch 104: loss: 0.00901 | coarse loss: 0.02122
2022-10-24 18:01:32.256530 epoch 105: loss: 0.00887 | coarse loss: 0.02115
2022-10-24 18:01:50.770043 epoch 106: loss: 0.00887 | coarse loss: 0.02117
2022-10-24 18:02:09.195782 epoch 107: loss: 0.00880 | coarse loss: 0.02116
2022-10-24 18:02:27.703951 epoch 108: loss: 0.00882 | coarse loss: 0.02120
2022-10-24 18:02:46.184453 epoch 109: loss: 0.00885 | coarse loss: 0.02115
2022-10-24 18:03:04.756753 epoch 110: loss: 0.00878 | coarse loss: 0.02122
2022-10-24 18:03:23.316643 epoch 111: loss: 0.00879 | coarse loss: 0.02115
2022-10-24 18:03:41.979525 epoch 112: loss: 0.00869 | coarse loss: 0.02111
2022-10-24 18:04:00.524483 epoch 113: loss: 0.00875 | coarse loss: 0.02124
2022-10-24 18:04:19.079678 epoch 114: loss: 0.00879 | coarse loss: 0.02115
2022-10-24 18:04:37.612646 epoch 115: loss: 0.00905 | coarse loss: 0.02115
2022-10-24 18:04:56.023527 epoch 116: loss: 0.00867 | coarse loss: 0.02117
2022-10-24 18:05:14.679496 epoch 117: loss: 0.00882 | coarse loss: 0.02121
2022-10-24 18:05:33.097785 epoch 118: loss: 0.00863 | coarse loss: 0.02119
2022-10-24 18:05:51.666701 epoch 119: loss: 0.00869 | coarse loss: 0.02118
2022-10-24 18:06:10.258392 epoch 120: loss: 0.00870 | coarse loss: 0.02115
2022-10-24 18:06:28.818575 epoch 121: loss: 0.00865 | coarse loss: 0.02117
2022-10-24 18:06:47.380680 epoch 122: loss: 0.00865 | coarse loss: 0.02112
2022-10-24 18:07:05.905812 epoch 123: loss: 0.00975 | coarse loss: 0.02116
2022-10-24 18:07:24.575502 epoch 124: loss: 0.00878 | coarse loss: 0.02119
2022-10-24 18:07:43.123156 epoch 125: loss: 0.00870 | coarse loss: 0.02119
2022-10-24 18:08:01.613427 epoch 126: loss: 0.00873 | coarse loss: 0.02113
2022-10-24 18:08:20.000166 epoch 127: loss: 0.00864 | coarse loss: 0.02121
2022-10-24 18:08:38.574068 epoch 128: loss: 0.00859 | coarse loss: 0.02116
2022-10-24 18:08:57.043509 epoch 129: loss: 0.00860 | coarse loss: 0.02123
2022-10-24 18:09:15.530488 epoch 130: loss: 0.00854 | coarse loss: 0.02116
2022-10-24 18:09:34.067200 epoch 131: loss: 0.00880 | coarse loss: 0.02123
2022-10-24 18:09:52.620914 epoch 132: loss: 0.00892 | coarse loss: 0.02118
2022-10-24 18:10:11.120097 epoch 133: loss: 0.00867 | coarse loss: 0.02123
2022-10-24 18:10:29.521929 epoch 134: loss: 0.00857 | coarse loss: 0.02112
2022-10-24 18:10:48.061780 epoch 135: loss: 0.00856 | coarse loss: 0.02117
2022-10-24 18:11:06.549230 epoch 136: loss: 0.00938 | coarse loss: 0.02120
2022-10-24 18:11:25.067985 epoch 137: loss: 0.00862 | coarse loss: 0.02115
2022-10-24 18:11:43.400889 epoch 138: loss: 0.00849 | coarse loss: 0.02113
2022-10-24 18:12:01.866983 epoch 139: loss: 0.00849 | coarse loss: 0.02121
2022-10-24 18:12:20.600633 epoch 140: loss: 0.00847 | coarse loss: 0.02116
2022-10-24 18:12:39.284688 epoch 141: loss: 0.00875 | coarse loss: 0.02114
2022-10-24 18:12:57.875998 epoch 142: loss: 0.00852 | coarse loss: 0.02121
2022-10-24 18:13:16.475164 epoch 143: loss: 0.00844 | coarse loss: 0.02119
2022-10-24 18:13:35.017498 epoch 144: loss: 0.00852 | coarse loss: 0.02114
2022-10-24 18:13:53.549514 epoch 145: loss: 0.00852 | coarse loss: 0.02126
2022-10-24 18:14:12.286898 epoch 146: loss: 0.00850 | coarse loss: 0.02121
2022-10-24 18:14:30.740137 epoch 147: loss: 0.00840 | coarse loss: 0.02113
2022-10-24 18:14:49.269434 epoch 148: loss: 0.00844 | coarse loss: 0.02120
2022-10-24 18:15:07.723309 epoch 149: loss: 0.00847 | coarse loss: 0.02120
2022-10-24 18:15:26.183478 epoch 150: loss: 0.00869 | coarse loss: 0.02113
2022-10-24 18:15:44.699413 epoch 151: loss: 0.00851 | coarse loss: 0.02122
2022-10-24 18:16:03.367446 epoch 152: loss: 0.00840 | coarse loss: 0.02118
2022-10-24 18:16:21.965872 epoch 153: loss: 0.00836 | coarse loss: 0.02112
2022-10-24 18:16:40.379929 epoch 154: loss: 0.00930 | coarse loss: 0.02117
2022-10-24 18:16:58.783591 epoch 155: loss: 0.00906 | coarse loss: 0.02112
2022-10-24 18:17:17.241246 epoch 156: loss: 0.00854 | coarse loss: 0.02120
2022-10-24 18:17:35.684573 epoch 157: loss: 0.00840 | coarse loss: 0.02115
2022-10-24 18:17:54.128574 epoch 158: loss: 0.00839 | coarse loss: 0.02117
2022-10-24 18:18:12.569643 epoch 159: loss: 0.00850 | coarse loss: 0.02116
2022-10-24 18:18:31.067243 epoch 160: loss: 0.00848 | coarse loss: 0.02126
2022-10-24 18:18:49.592441 epoch 161: loss: 0.00847 | coarse loss: 0.02117
2022-10-24 18:19:08.028273 epoch 162: loss: 0.00847 | coarse loss: 0.02120
2022-10-24 18:19:26.616105 epoch 163: loss: 0.00835 | coarse loss: 0.02112
2022-10-24 18:19:45.055449 epoch 164: loss: 0.00837 | coarse loss: 0.02114
2022-10-24 18:20:03.608773 epoch 165: loss: 0.00844 | coarse loss: 0.02117
2022-10-24 18:20:22.222718 epoch 166: loss: 0.00836 | coarse loss: 0.02117
2022-10-24 18:20:40.861959 epoch 167: loss: 0.00843 | coarse loss: 0.02125
2022-10-24 18:20:59.282024 epoch 168: loss: 0.00831 | coarse loss: 0.02117
2022-10-24 18:21:17.770789 epoch 169: loss: 0.00830 | coarse loss: 0.02113
2022-10-24 18:21:36.223342 epoch 170: loss: 0.00845 | coarse loss: 0.02118
2022-10-24 18:21:54.868637 epoch 171: loss: 0.00828 | coarse loss: 0.02116
2022-10-24 18:22:13.450124 epoch 172: loss: 0.00822 | coarse loss: 0.02115
2022-10-24 18:22:32.044682 epoch 173: loss: 0.00996 | coarse loss: 0.02116
2022-10-24 18:22:50.473631 epoch 174: loss: 0.01197 | coarse loss: 0.02116
2022-10-24 18:23:09.217940 epoch 175: loss: 0.00903 | coarse loss: 0.02117
2022-10-24 18:23:27.589080 epoch 176: loss: 0.00862 | coarse loss: 0.02129
2022-10-24 18:23:45.950095 epoch 177: loss: 0.00836 | coarse loss: 0.02120
2022-10-24 18:24:04.420126 epoch 178: loss: 0.00834 | coarse loss: 0.02122
2022-10-24 18:24:22.696386 epoch 179: loss: 0.00825 | coarse loss: 0.02115
2022-10-24 18:24:41.201166 epoch 180: loss: 0.00827 | coarse loss: 0.02116
2022-10-24 18:24:59.814363 epoch 181: loss: 0.00848 | coarse loss: 0.02121
2022-10-24 18:25:18.466879 epoch 182: loss: 0.00825 | coarse loss: 0.02118
2022-10-24 18:25:37.087496 epoch 183: loss: 0.00826 | coarse loss: 0.02119
2022-10-24 18:25:55.685550 epoch 184: loss: 0.00935 | coarse loss: 0.02114
2022-10-24 18:26:14.348519 epoch 185: loss: 0.00852 | coarse loss: 0.02114
2022-10-24 18:26:32.765816 epoch 186: loss: 0.00838 | coarse loss: 0.02117
2022-10-24 18:26:51.234110 epoch 187: loss: 0.00838 | coarse loss: 0.02118
2022-10-24 18:27:09.672082 epoch 188: loss: 0.00915 | coarse loss: 0.02122
2022-10-24 18:27:27.997191 epoch 189: loss: 0.00882 | coarse loss: 0.02115
2022-10-24 18:27:46.424511 epoch 190: loss: 0.00856 | coarse loss: 0.02120
2022-10-24 18:28:05.161926 epoch 191: loss: 0.00836 | coarse loss: 0.02120
2022-10-24 18:28:23.634818 epoch 192: loss: 0.00836 | coarse loss: 0.02119
2022-10-24 18:28:42.236386 epoch 193: loss: 0.00830 | coarse loss: 0.02124
2022-10-24 18:29:00.628888 epoch 194: loss: 0.00826 | coarse loss: 0.02115
2022-10-24 18:29:19.031360 epoch 195: loss: 0.00827 | coarse loss: 0.02117
2022-10-24 18:29:37.394484 epoch 196: loss: 0.00840 | coarse loss: 0.02127
2022-10-24 18:29:55.757788 epoch 197: loss: 0.00827 | coarse loss: 0.02115
2022-10-24 18:30:14.250260 epoch 198: loss: 0.00849 | coarse loss: 0.02116
2022-10-24 18:30:32.543604 epoch 199: loss: 0.00817 | coarse loss: 0.02116
2022-10-24 18:30:51.065441 epoch 200: loss: 0.00818 | coarse loss: 0.02123
2022-10-24 18:31:09.693874 epoch 201: loss: 0.00831 | coarse loss: 0.02117
2022-10-24 18:31:28.350328 epoch 202: loss: 0.00893 | coarse loss: 0.02118
2022-10-24 18:31:46.913664 epoch 203: loss: 0.00855 | coarse loss: 0.02118
2022-10-24 18:32:05.551242 epoch 204: loss: 0.00827 | coarse loss: 0.02121
2022-10-24 18:32:24.057178 epoch 205: loss: 0.00826 | coarse loss: 0.02120
2022-10-24 18:32:42.647557 epoch 206: loss: 0.00823 | coarse loss: 0.02119
2022-10-24 18:33:01.065867 epoch 207: loss: 0.00826 | coarse loss: 0.02116
2022-10-24 18:33:19.697746 epoch 208: loss: 0.00817 | coarse loss: 0.02117
2022-10-24 18:33:38.195663 epoch 209: loss: 0.00814 | coarse loss: 0.02117
2022-10-24 18:33:56.853930 epoch 210: loss: 0.00817 | coarse loss: 0.02118
2022-10-24 18:34:15.353710 epoch 211: loss: 0.00829 | coarse loss: 0.02128
2022-10-24 18:34:33.853543 epoch 212: loss: 0.00818 | coarse loss: 0.02123
2022-10-24 18:34:52.276631 epoch 213: loss: 0.00811 | coarse loss: 0.02115
2022-10-24 18:35:11.064229 epoch 214: loss: 0.00817 | coarse loss: 0.02118
2022-10-24 18:35:29.556382 epoch 215: loss: 0.00832 | coarse loss: 0.02115
2022-10-24 18:35:47.878999 epoch 216: loss: 0.00815 | coarse loss: 0.02111
2022-10-24 18:36:06.325784 epoch 217: loss: 0.00813 | coarse loss: 0.02120
2022-10-24 18:36:24.636763 epoch 218: loss: 0.00816 | coarse loss: 0.02122
2022-10-24 18:36:43.166560 epoch 219: loss: 0.00810 | coarse loss: 0.02116
2022-10-24 18:37:01.611085 epoch 220: loss: 0.00810 | coarse loss: 0.02120
2022-10-24 18:37:20.359099 epoch 221: loss: 0.00819 | coarse loss: 0.02124
2022-10-24 18:37:38.876139 epoch 222: loss: 0.00817 | coarse loss: 0.02122
2022-10-24 18:37:57.498220 epoch 223: loss: 0.00805 | coarse loss: 0.02116
2022-10-24 18:38:16.036718 epoch 224: loss: 0.00815 | coarse loss: 0.02120
2022-10-24 18:38:34.341423 epoch 225: loss: 0.00829 | coarse loss: 0.02118
2022-10-24 18:38:52.664241 epoch 226: loss: 0.00827 | coarse loss: 0.02120
2022-10-24 18:39:10.989803 epoch 227: loss: 0.00820 | coarse loss: 0.02118
2022-10-24 18:39:29.373787 epoch 228: loss: 0.00925 | coarse loss: 0.02121
2022-10-24 18:39:47.723408 epoch 229: loss: 0.00827 | coarse loss: 0.02115
2022-10-24 18:40:06.475360 epoch 230: loss: 0.00864 | coarse loss: 0.02118
2022-10-24 18:40:25.087122 epoch 231: loss: 0.00830 | coarse loss: 0.02113
2022-10-24 18:40:43.633944 epoch 232: loss: 0.00817 | coarse loss: 0.02119
2022-10-24 18:41:02.167723 epoch 233: loss: 0.00806 | coarse loss: 0.02116
2022-10-24 18:41:20.815716 epoch 234: loss: 0.00807 | coarse loss: 0.02114
2022-10-24 18:41:39.338855 epoch 235: loss: 0.00818 | coarse loss: 0.02114
2022-10-24 18:41:57.829204 epoch 236: loss: 0.00806 | coarse loss: 0.02120
2022-10-24 18:42:16.419183 epoch 237: loss: 0.00801 | coarse loss: 0.02115
2022-10-24 18:42:34.835649 epoch 238: loss: 0.00806 | coarse loss: 0.02119
2022-10-24 18:42:53.292671 epoch 239: loss: 0.00856 | coarse loss: 0.02122
2022-10-24 18:43:11.712377 epoch 240: loss: 0.00860 | coarse loss: 0.02119
2022-10-24 18:43:30.102014 epoch 241: loss: 0.00830 | coarse loss: 0.02119
2022-10-24 18:43:48.446061 epoch 242: loss: 0.00806 | coarse loss: 0.02117
2022-10-24 18:44:06.825468 epoch 243: loss: 0.00805 | coarse loss: 0.02117
2022-10-24 18:44:25.252497 epoch 244: loss: 0.00805 | coarse loss: 0.02118
2022-10-24 18:44:43.775136 epoch 245: loss: 0.00798 | coarse loss: 0.02119
2022-10-24 18:45:02.219091 epoch 246: loss: 0.00805 | coarse loss: 0.02115
2022-10-24 18:45:20.547827 epoch 247: loss: 0.00805 | coarse loss: 0.02119
2022-10-24 18:45:38.977773 epoch 248: loss: 0.00824 | coarse loss: 0.02118
2022-10-24 18:45:57.307688 epoch 249: loss: 0.00804 | coarse loss: 0.02120
2022-10-24 18:46:15.685108 epoch 250: loss: 0.00808 | coarse loss: 0.02121
2022-10-24 18:46:33.982954 epoch 251: loss: 0.00807 | coarse loss: 0.02119
2022-10-24 18:46:52.440182 epoch 252: loss: 0.00795 | coarse loss: 0.02114
2022-10-24 18:47:10.822561 epoch 253: loss: 0.00798 | coarse loss: 0.02116
2022-10-24 18:47:29.158753 epoch 254: loss: 0.00796 | coarse loss: 0.02115
2022-10-24 18:47:47.492991 epoch 255: loss: 0.00804 | coarse loss: 0.02114
2022-10-24 18:48:05.908213 epoch 256: loss: 0.00850 | coarse loss: 0.02112
2022-10-24 18:48:24.302884 epoch 257: loss: 0.00804 | coarse loss: 0.02117
2022-10-24 18:48:42.669703 epoch 258: loss: 0.00797 | coarse loss: 0.02117
2022-10-24 18:49:01.374983 epoch 259: loss: 0.00818 | coarse loss: 0.02119
2022-10-24 18:49:19.948773 epoch 260: loss: 0.00802 | coarse loss: 0.02124
2022-10-24 18:49:38.634536 epoch 261: loss: 0.00802 | coarse loss: 0.02123
2022-10-24 18:49:57.183736 epoch 262: loss: 0.00795 | coarse loss: 0.02113
2022-10-24 18:50:15.613137 epoch 263: loss: 0.00793 | coarse loss: 0.02120
2022-10-24 18:50:34.090119 epoch 264: loss: 0.00803 | coarse loss: 0.02119
2022-10-24 18:50:52.917166 epoch 265: loss: 0.00793 | coarse loss: 0.02116
2022-10-24 18:51:11.472252 epoch 266: loss: 0.00819 | coarse loss: 0.02115
2022-10-24 18:51:29.935875 epoch 267: loss: 0.00790 | coarse loss: 0.02116
2022-10-24 18:51:48.420561 epoch 268: loss: 0.00786 | coarse loss: 0.02112
2022-10-24 18:52:07.201238 epoch 269: loss: 0.00791 | coarse loss: 0.02117
2022-10-24 18:52:25.773555 epoch 270: loss: 0.00787 | coarse loss: 0.02115
2022-10-24 18:52:44.384801 epoch 271: loss: 0.00791 | coarse loss: 0.02118
2022-10-24 18:53:02.934312 epoch 272: loss: 0.00796 | coarse loss: 0.02118
2022-10-24 18:53:21.547925 epoch 273: loss: 0.00804 | coarse loss: 0.02114
2022-10-24 18:53:40.080383 epoch 274: loss: 0.00796 | coarse loss: 0.02120
2022-10-24 18:53:58.659360 epoch 275: loss: 0.00789 | coarse loss: 0.02121
2022-10-24 18:54:17.268298 epoch 276: loss: 0.00786 | coarse loss: 0.02123
2022-10-24 18:54:35.759512 epoch 277: loss: 0.00793 | coarse loss: 0.02122
2022-10-24 18:54:54.357588 epoch 278: loss: 0.00788 | coarse loss: 0.02116
2022-10-24 18:55:12.940750 epoch 279: loss: 0.00792 | coarse loss: 0.02118
2022-10-24 18:55:31.443501 epoch 280: loss: 0.00792 | coarse loss: 0.02119
2022-10-24 18:55:50.136723 epoch 281: loss: 0.00782 | coarse loss: 0.02114
2022-10-24 18:56:08.768106 epoch 282: loss: 0.00789 | coarse loss: 0.02120
2022-10-24 18:56:27.275696 epoch 283: loss: 0.00785 | coarse loss: 0.02112
2022-10-24 18:56:45.914711 epoch 284: loss: 0.00792 | coarse loss: 0.02119
2022-10-24 18:57:04.466045 epoch 285: loss: 0.00782 | coarse loss: 0.02117
2022-10-24 18:57:22.823736 epoch 286: loss: 0.00783 | coarse loss: 0.02117
2022-10-24 18:57:41.629266 epoch 287: loss: 0.00793 | coarse loss: 0.02114
2022-10-24 18:58:00.213236 epoch 288: loss: 0.00786 | coarse loss: 0.02121
2022-10-24 18:58:18.795055 epoch 289: loss: 0.00797 | coarse loss: 0.02117
2022-10-24 18:58:37.229745 epoch 290: loss: 0.00797 | coarse loss: 0.02117
2022-10-24 18:58:55.801831 epoch 291: loss: 0.00779 | coarse loss: 0.02121
2022-10-24 18:59:14.460700 epoch 292: loss: 0.00780 | coarse loss: 0.02119
2022-10-24 18:59:33.205834 epoch 293: loss: 0.00790 | coarse loss: 0.02119
2022-10-24 18:59:51.933211 epoch 294: loss: 0.00783 | coarse loss: 0.02124
2022-10-24 19:00:10.482944 epoch 295: loss: 0.00805 | coarse loss: 0.02118
2022-10-24 19:00:29.073506 epoch 296: loss: 0.00782 | coarse loss: 0.02114
2022-10-24 19:00:47.674767 epoch 297: loss: 0.00775 | coarse loss: 0.02118
2022-10-24 19:01:06.182730 epoch 298: loss: 0.00781 | coarse loss: 0.02121
2022-10-24 19:01:24.771311 epoch 299: loss: 0.00790 | coarse loss: 0.02122
2022-10-24 19:01:43.409672 epoch 300: loss: 0.00799 | coarse loss: 0.02121
2022-10-24 19:02:01.870351 epoch 301: loss: 0.00785 | coarse loss: 0.02113
2022-10-24 19:02:20.377075 epoch 302: loss: 0.00968 | coarse loss: 0.02119
2022-10-24 19:02:38.823706 epoch 303: loss: 0.00833 | coarse loss: 0.02113
2022-10-24 19:02:57.278078 epoch 304: loss: 0.00818 | coarse loss: 0.02119
2022-10-24 19:03:15.848973 epoch 305: loss: 0.00790 | coarse loss: 0.02111
2022-10-24 19:03:34.522351 epoch 306: loss: 0.00796 | coarse loss: 0.02119
2022-10-24 19:03:53.129325 epoch 307: loss: 0.00779 | coarse loss: 0.02120
2022-10-24 19:04:11.612397 epoch 308: loss: 0.00774 | coarse loss: 0.02118
2022-10-24 19:04:30.061829 epoch 309: loss: 0.00783 | coarse loss: 0.02117
2022-10-24 19:04:48.693889 epoch 310: loss: 0.00858 | coarse loss: 0.02114
2022-10-24 19:05:07.172935 epoch 311: loss: 0.00809 | coarse loss: 0.02117
2022-10-24 19:05:25.712813 epoch 312: loss: 0.00778 | coarse loss: 0.02118
2022-10-24 19:05:44.182863 epoch 313: loss: 0.00775 | coarse loss: 0.02116
2022-10-24 19:06:02.724597 epoch 314: loss: 0.00774 | coarse loss: 0.02110
2022-10-24 19:06:21.120935 epoch 315: loss: 0.00777 | coarse loss: 0.02123
2022-10-24 19:06:39.786502 epoch 316: loss: 0.00771 | coarse loss: 0.02113
2022-10-24 19:06:58.478570 epoch 317: loss: 0.00770 | coarse loss: 0.02119
2022-10-24 19:07:16.866994 epoch 318: loss: 0.00771 | coarse loss: 0.02116
2022-10-24 19:07:35.461139 epoch 319: loss: 0.00783 | coarse loss: 0.02119
2022-10-24 19:07:54.157236 epoch 320: loss: 0.00802 | coarse loss: 0.02125
2022-10-24 19:08:12.709465 epoch 321: loss: 0.00777 | coarse loss: 0.02118
2022-10-24 19:08:31.246931 epoch 322: loss: 0.00769 | coarse loss: 0.02117
2022-10-24 19:08:49.687094 epoch 323: loss: 0.00769 | coarse loss: 0.02121
2022-10-24 19:09:08.136039 epoch 324: loss: 0.00771 | coarse loss: 0.02121
2022-10-24 19:09:26.566285 epoch 325: loss: 0.00789 | coarse loss: 0.02111
2022-10-24 19:09:45.195709 epoch 326: loss: 0.00779 | coarse loss: 0.02118
2022-10-24 19:10:03.712968 epoch 327: loss: 0.00768 | coarse loss: 0.02115
2022-10-24 19:10:22.278322 epoch 328: loss: 0.00785 | coarse loss: 0.02113
2022-10-24 19:10:40.757325 epoch 329: loss: 0.00791 | coarse loss: 0.02118
2022-10-24 19:10:59.281094 epoch 330: loss: 0.00767 | coarse loss: 0.02114
2022-10-24 19:11:17.851070 epoch 331: loss: 0.00802 | coarse loss: 0.02113
2022-10-24 19:11:36.337836 epoch 332: loss: 0.00775 | coarse loss: 0.02120
2022-10-24 19:11:54.816600 epoch 333: loss: 0.00787 | coarse loss: 0.02118
2022-10-24 19:12:13.255945 epoch 334: loss: 0.00783 | coarse loss: 0.02119
2022-10-24 19:12:31.799490 epoch 335: loss: 0.00781 | coarse loss: 0.02123
2022-10-24 19:12:50.279817 epoch 336: loss: 0.00840 | coarse loss: 0.02118
2022-10-24 19:13:08.964548 epoch 337: loss: 0.00787 | coarse loss: 0.02116
2022-10-24 19:13:27.449916 epoch 338: loss: 0.00774 | coarse loss: 0.02117
2022-10-24 19:13:45.963521 epoch 339: loss: 0.00770 | coarse loss: 0.02120
2022-10-24 19:14:04.396981 epoch 340: loss: 0.00770 | coarse loss: 0.02115
2022-10-24 19:14:22.810345 epoch 341: loss: 0.00769 | coarse loss: 0.02112
2022-10-24 19:14:41.249887 epoch 342: loss: 0.00771 | coarse loss: 0.02112
2022-10-24 19:14:59.769728 epoch 343: loss: 0.00770 | coarse loss: 0.02114
2022-10-24 19:15:18.453823 epoch 344: loss: 0.00768 | coarse loss: 0.02116
2022-10-24 19:15:37.105107 epoch 345: loss: 0.00780 | coarse loss: 0.02116
2022-10-24 19:15:55.772455 epoch 346: loss: 0.00776 | coarse loss: 0.02126
2022-10-24 19:16:14.290514 epoch 347: loss: 0.00836 | coarse loss: 0.02118
2022-10-24 19:16:32.807321 epoch 348: loss: 0.00784 | coarse loss: 0.02114
2022-10-24 19:16:51.362385 epoch 349: loss: 0.00790 | coarse loss: 0.02120
2022-10-24 19:17:09.893268 epoch 350: loss: 0.00827 | coarse loss: 0.02122
2022-10-24 19:17:28.428748 epoch 351: loss: 0.00776 | coarse loss: 0.02117
2022-10-24 19:17:46.954734 epoch 352: loss: 0.00768 | coarse loss: 0.02123
2022-10-24 19:18:05.490554 epoch 353: loss: 0.00780 | coarse loss: 0.02118
2022-10-24 19:18:23.904691 epoch 354: loss: 0.00764 | coarse loss: 0.02118
2022-10-24 19:18:42.482367 epoch 355: loss: 0.00764 | coarse loss: 0.02115
2022-10-24 19:19:01.051811 epoch 356: loss: 0.00794 | coarse loss: 0.02115
2022-10-24 19:19:19.514735 epoch 357: loss: 0.00765 | coarse loss: 0.02116
2022-10-24 19:19:38.024606 epoch 358: loss: 0.00817 | coarse loss: 0.02118
2022-10-24 19:19:56.496343 epoch 359: loss: 0.00780 | coarse loss: 0.02114
2022-10-24 19:20:15.013680 epoch 360: loss: 0.00766 | coarse loss: 0.02118
2022-10-24 19:20:33.626862 epoch 361: loss: 0.00767 | coarse loss: 0.02123
2022-10-24 19:20:52.192860 epoch 362: loss: 0.00763 | coarse loss: 0.02115
2022-10-24 19:21:10.739365 epoch 363: loss: 0.00783 | coarse loss: 0.02122
2022-10-24 19:21:29.298261 epoch 364: loss: 0.00769 | coarse loss: 0.02115
2022-10-24 19:21:47.823286 epoch 365: loss: 0.00771 | coarse loss: 0.02114
2022-10-24 19:22:06.375674 epoch 366: loss: 0.00763 | coarse loss: 0.02121
2022-10-24 19:22:24.931827 epoch 367: loss: 0.00760 | coarse loss: 0.02121
2022-10-24 19:22:43.473540 epoch 368: loss: 0.00760 | coarse loss: 0.02112
2022-10-24 19:23:02.071437 epoch 369: loss: 0.00760 | coarse loss: 0.02115
2022-10-24 19:23:20.673314 epoch 370: loss: 0.00765 | coarse loss: 0.02113
2022-10-24 19:23:39.283642 epoch 371: loss: 0.00770 | coarse loss: 0.02113
2022-10-24 19:23:57.854394 epoch 372: loss: 0.00766 | coarse loss: 0.02122
2022-10-24 19:24:16.402499 epoch 373: loss: 0.00763 | coarse loss: 0.02119
2022-10-24 19:24:34.907892 epoch 374: loss: 0.00783 | coarse loss: 0.02118
2022-10-24 19:24:53.215722 epoch 375: loss: 0.00786 | coarse loss: 0.02118
2022-10-24 19:25:11.642457 epoch 376: loss: 0.00764 | coarse loss: 0.02119
2022-10-24 19:25:29.926844 epoch 377: loss: 0.00766 | coarse loss: 0.02113
2022-10-24 19:25:48.283754 epoch 378: loss: 0.00782 | coarse loss: 0.02121
2022-10-24 19:26:06.680959 epoch 379: loss: 0.00874 | coarse loss: 0.02118
2022-10-24 19:26:25.089641 epoch 380: loss: 0.00800 | coarse loss: 0.02122
2022-10-24 19:26:43.589520 epoch 381: loss: 0.00776 | coarse loss: 0.02115
2022-10-24 19:27:02.305834 epoch 382: loss: 0.00767 | coarse loss: 0.02113
2022-10-24 19:27:20.934556 epoch 383: loss: 0.00770 | coarse loss: 0.02116
2022-10-24 19:27:39.520709 epoch 384: loss: 0.00762 | coarse loss: 0.02117
2022-10-24 19:27:58.044650 epoch 385: loss: 0.00759 | coarse loss: 0.02119
2022-10-24 19:28:16.540593 epoch 386: loss: 0.00763 | coarse loss: 0.02113
2022-10-24 19:28:35.107949 epoch 387: loss: 0.00759 | coarse loss: 0.02117
2022-10-24 19:28:53.817485 epoch 388: loss: 0.00756 | coarse loss: 0.02121
2022-10-24 19:29:12.369106 epoch 389: loss: 0.00751 | coarse loss: 0.02117
2022-10-24 19:29:30.893269 epoch 390: loss: 0.00755 | coarse loss: 0.02116
2022-10-24 19:29:49.465989 epoch 391: loss: 0.00757 | coarse loss: 0.02117
2022-10-24 19:30:08.033058 epoch 392: loss: 0.00759 | coarse loss: 0.02119
2022-10-24 19:30:26.568442 epoch 393: loss: 0.00755 | coarse loss: 0.02117
2022-10-24 19:30:45.076451 epoch 394: loss: 0.00757 | coarse loss: 0.02125
2022-10-24 19:31:03.716985 epoch 395: loss: 0.00756 | coarse loss: 0.02116
2022-10-24 19:31:22.273162 epoch 396: loss: 0.00769 | coarse loss: 0.02120
2022-10-24 19:31:40.809354 epoch 397: loss: 0.00794 | coarse loss: 0.02116
2022-10-24 19:31:59.402227 epoch 398: loss: 0.00773 | coarse loss: 0.02122
2022-10-24 19:32:17.899881 epoch 399: loss: 0.00764 | coarse loss: 0.02114
2022-10-24 19:32:36.513123 epoch 400: loss: 0.00786 | coarse loss: 0.02126
2022-10-24 19:32:54.886634 epoch 401: loss: 0.00755 | coarse loss: 0.02117
2022-10-24 19:33:13.436796 epoch 402: loss: 0.00751 | coarse loss: 0.02116
2022-10-24 19:33:31.875544 epoch 403: loss: 0.00749 | coarse loss: 0.02113
2022-10-24 19:33:50.242124 epoch 404: loss: 0.00751 | coarse loss: 0.02117
2022-10-24 19:34:08.563582 epoch 405: loss: 0.00766 | coarse loss: 0.02121
2022-10-24 19:34:26.991345 epoch 406: loss: 0.00755 | coarse loss: 0.02124
2022-10-24 19:34:45.259425 epoch 407: loss: 0.00757 | coarse loss: 0.02115
2022-10-24 19:35:03.739090 epoch 408: loss: 0.00752 | coarse loss: 0.02112
2022-10-24 19:35:22.129967 epoch 409: loss: 0.00763 | coarse loss: 0.02118
2022-10-24 19:35:40.484616 epoch 410: loss: 0.00757 | coarse loss: 0.02114
2022-10-24 19:35:58.859365 epoch 411: loss: 0.00752 | coarse loss: 0.02121
2022-10-24 19:36:17.256073 epoch 412: loss: 0.00755 | coarse loss: 0.02123
2022-10-24 19:36:35.726013 epoch 413: loss: 0.00755 | coarse loss: 0.02114
2022-10-24 19:36:54.088287 epoch 414: loss: 0.00757 | coarse loss: 0.02121
2022-10-24 19:37:12.446599 epoch 415: loss: 0.00751 | coarse loss: 0.02124
2022-10-24 19:37:30.725442 epoch 416: loss: 0.00747 | coarse loss: 0.02116
2022-10-24 19:37:49.088996 epoch 417: loss: 0.00750 | coarse loss: 0.02121
2022-10-24 19:38:07.395862 epoch 418: loss: 0.00756 | coarse loss: 0.02122
2022-10-24 19:38:25.734513 epoch 419: loss: 0.00749 | coarse loss: 0.02118
2022-10-24 19:38:44.087084 epoch 420: loss: 0.00750 | coarse loss: 0.02114
2022-10-24 19:39:02.490596 epoch 421: loss: 0.00752 | coarse loss: 0.02118
2022-10-24 19:39:20.968972 epoch 422: loss: 0.00752 | coarse loss: 0.02119
2022-10-24 19:39:39.310585 epoch 423: loss: 0.00748 | coarse loss: 0.02121
2022-10-24 19:39:58.061005 epoch 424: loss: 0.00755 | coarse loss: 0.02126
2022-10-24 19:40:16.630334 epoch 425: loss: 0.00748 | coarse loss: 0.02117
2022-10-24 19:40:35.246738 epoch 426: loss: 0.00744 | coarse loss: 0.02113
2022-10-24 19:40:53.930062 epoch 427: loss: 0.00754 | coarse loss: 0.02121
2022-10-24 19:41:12.549706 epoch 428: loss: 0.00751 | coarse loss: 0.02119
2022-10-24 19:41:31.093183 epoch 429: loss: 0.00750 | coarse loss: 0.02122
2022-10-24 19:41:49.743495 epoch 430: loss: 0.00749 | coarse loss: 0.02112
2022-10-24 19:42:08.273583 epoch 431: loss: 0.00756 | coarse loss: 0.02118
2022-10-24 19:42:27.001505 epoch 432: loss: 0.00764 | coarse loss: 0.02119
2022-10-24 19:42:45.743183 epoch 433: loss: 0.00751 | coarse loss: 0.02121
2022-10-24 19:43:04.294066 epoch 434: loss: 0.00745 | coarse loss: 0.02118
2022-10-24 19:43:22.826995 epoch 435: loss: 0.00743 | coarse loss: 0.02115
2022-10-24 19:43:41.237086 epoch 436: loss: 0.00741 | coarse loss: 0.02117
2022-10-24 19:43:59.784864 epoch 437: loss: 0.00741 | coarse loss: 0.02117
2022-10-24 19:44:18.264158 epoch 438: loss: 0.00742 | coarse loss: 0.02119
2022-10-24 19:44:36.791979 epoch 439: loss: 0.00743 | coarse loss: 0.02114
2022-10-24 19:44:55.334711 epoch 440: loss: 0.00797 | coarse loss: 0.02114
2022-10-24 19:45:13.931270 epoch 441: loss: 0.00754 | coarse loss: 0.02116
2022-10-24 19:45:32.590127 epoch 442: loss: 0.00747 | coarse loss: 0.02120
2022-10-24 19:45:51.146964 epoch 443: loss: 0.00744 | coarse loss: 0.02114
2022-10-24 19:46:09.629372 epoch 444: loss: 0.00740 | coarse loss: 0.02112
2022-10-24 19:46:27.993033 epoch 445: loss: 0.00746 | coarse loss: 0.02118
2022-10-24 19:46:46.377384 epoch 446: loss: 0.00749 | coarse loss: 0.02123
2022-10-24 19:47:04.767176 epoch 447: loss: 0.00743 | coarse loss: 0.02113
2022-10-24 19:47:23.231578 epoch 448: loss: 0.00740 | coarse loss: 0.02113
2022-10-24 19:47:41.741329 epoch 449: loss: 0.00751 | coarse loss: 0.02123
2022-10-24 19:48:00.382995 epoch 450: loss: 0.00742 | coarse loss: 0.02121
2022-10-24 19:48:18.942247 epoch 451: loss: 0.00737 | coarse loss: 0.02112
2022-10-24 19:48:37.494828 epoch 452: loss: 0.00744 | coarse loss: 0.02123
2022-10-24 19:48:56.075764 epoch 453: loss: 0.00749 | coarse loss: 0.02115
2022-10-24 19:49:14.597120 epoch 454: loss: 0.00740 | coarse loss: 0.02116
2022-10-24 19:49:33.077047 epoch 455: loss: 0.00737 | coarse loss: 0.02118
2022-10-24 19:49:51.675452 epoch 456: loss: 0.00736 | coarse loss: 0.02116
2022-10-24 19:50:10.095146 epoch 457: loss: 0.00753 | coarse loss: 0.02119
2022-10-24 19:50:28.572653 epoch 458: loss: 0.00739 | coarse loss: 0.02116
2022-10-24 19:50:47.005340 epoch 459: loss: 0.00739 | coarse loss: 0.02118
2022-10-24 19:51:05.537802 epoch 460: loss: 0.00748 | coarse loss: 0.02118
2022-10-24 19:51:24.044201 epoch 461: loss: 0.00747 | coarse loss: 0.02122
2022-10-24 19:51:42.641069 epoch 462: loss: 0.00740 | coarse loss: 0.02123
2022-10-24 19:52:01.106612 epoch 463: loss: 0.00736 | coarse loss: 0.02118
2022-10-24 19:52:19.765403 epoch 464: loss: 0.00740 | coarse loss: 0.02113
2022-10-24 19:52:38.293373 epoch 465: loss: 0.00739 | coarse loss: 0.02115
2022-10-24 19:52:56.743696 epoch 466: loss: 0.00743 | coarse loss: 0.02118
2022-10-24 19:53:15.292663 epoch 467: loss: 0.00752 | coarse loss: 0.02115
2022-10-24 19:53:33.769190 epoch 468: loss: 0.00764 | coarse loss: 0.02116
2022-10-24 19:53:52.189113 epoch 469: loss: 0.00753 | coarse loss: 0.02117
2022-10-24 19:54:10.959357 epoch 470: loss: 0.00743 | coarse loss: 0.02122
2022-10-24 19:54:29.701685 epoch 471: loss: 0.00748 | coarse loss: 0.02119
2022-10-24 19:54:48.222565 epoch 472: loss: 0.00734 | coarse loss: 0.02110
2022-10-24 19:55:06.750497 epoch 473: loss: 0.00733 | coarse loss: 0.02117
2022-10-24 19:55:25.155967 epoch 474: loss: 0.00735 | coarse loss: 0.02115
2022-10-24 19:55:43.622874 epoch 475: loss: 0.00734 | coarse loss: 0.02117
2022-10-24 19:56:02.288708 epoch 476: loss: 0.00736 | coarse loss: 0.02127
2022-10-24 19:56:20.753564 epoch 477: loss: 0.00745 | coarse loss: 0.02123
2022-10-24 19:56:39.456280 epoch 478: loss: 0.00743 | coarse loss: 0.02124
2022-10-24 19:56:57.890108 epoch 479: loss: 0.00809 | coarse loss: 0.02121
2022-10-24 19:57:16.664599 epoch 480: loss: 0.00742 | coarse loss: 0.02116
2022-10-24 19:57:35.345581 epoch 481: loss: 0.00757 | coarse loss: 0.02115
2022-10-24 19:57:54.037312 epoch 482: loss: 0.00739 | coarse loss: 0.02124
2022-10-24 19:58:12.461145 epoch 483: loss: 0.00737 | coarse loss: 0.02117
2022-10-24 19:58:31.165666 epoch 484: loss: 0.00737 | coarse loss: 0.02119
2022-10-24 19:58:49.653666 epoch 485: loss: 0.00739 | coarse loss: 0.02116
2022-10-24 19:59:08.102821 epoch 486: loss: 0.00738 | coarse loss: 0.02121
2022-10-24 19:59:26.673598 epoch 487: loss: 0.00731 | coarse loss: 0.02118
2022-10-24 19:59:45.183957 epoch 488: loss: 0.00738 | coarse loss: 0.02122
2022-10-24 20:00:03.782322 epoch 489: loss: 0.00751 | coarse loss: 0.02125
2022-10-24 20:00:22.390807 epoch 490: loss: 0.00734 | coarse loss: 0.02120
2022-10-24 20:00:40.943469 epoch 491: loss: 0.00733 | coarse loss: 0.02121
2022-10-24 20:00:59.451538 epoch 492: loss: 0.00733 | coarse loss: 0.02121
2022-10-24 20:01:17.991966 epoch 493: loss: 0.00781 | coarse loss: 0.02121
2022-10-24 20:01:36.661793 epoch 494: loss: 0.00816 | coarse loss: 0.02116
2022-10-24 20:01:55.198846 epoch 495: loss: 0.00751 | coarse loss: 0.02120
2022-10-24 20:02:13.787965 epoch 496: loss: 0.00762 | coarse loss: 0.02112
2022-10-24 20:02:32.354618 epoch 497: loss: 0.00735 | coarse loss: 0.02116
2022-10-24 20:02:50.830991 epoch 498: loss: 0.00739 | coarse loss: 0.02123
2022-10-24 20:03:09.493356 epoch 499: loss: 0.00736 | coarse loss: 0.02115
2022-10-24 20:03:28.068228 epoch 500: loss: 0.00731 | coarse loss: 0.02115
training done: 9284.969274282455
