22:54:19 start logging
22:54:19 gpu available: False | n of gpus: 0
22:55:27 start logging
22:55:27 gpu available: False | n of gpus: 0
22:58:02 start logging
22:58:02 gpu available: False | n of gpus: 0
22:58:28 start logging
22:58:28 gpu available: False | n of gpus: 0
22:59:35 start logging
22:59:35 gpu available: False | n of gpus: 0
23:01:03 start logging
23:01:03 gpu available: False | n of gpus: 0
23:04:43 start logging
23:04:43 gpu available: False | n of gpus: 0
23:04:54 start logging
23:04:54 gpu available: False | n of gpus: 0
23:07:11 start logging
23:07:11 gpu available: False | n of gpus: 0
23:08:04 start logging
23:08:04 gpu available: False | n of gpus: 0
23:08:08 Velocity models: diag__3l__cp__hf__bp_m; (10, 256, 256)
23:08:08 start end to end training data generation, amount of data to generate: 10
23:08:08 sample: 0
23:08:25 start logging
23:08:25 gpu available: False | n of gpus: 0
23:08:28 Velocity models: diag__3l__cp__hf__bp_m; (10, 256, 256)
23:08:28 start end to end training data generation, amount of data to generate: 10
23:08:28 sample: 0
23:09:40 start logging
23:09:40 gpu available: False | n of gpus: 0
23:09:43 Velocity models: diag__3l__cp__hf__bp_m; (10, 256, 256)
23:09:44 start end to end training data generation, amount of data to generate: 10
23:09:44 sample: 0
23:09:52 start logging
23:09:52 gpu available: False | n of gpus: 0
23:09:54 Velocity models: diag__3l__cp__hf__bp_m; (10, 256, 256)
23:09:54 start end to end training data generation, amount of data to generate: 10
23:09:54 sample: 0
23:09:59 start logging
23:09:59 gpu available: False | n of gpus: 0
23:10:02 Velocity models: diag__3l__cp__hf__bp_m; (10, 256, 256)
23:10:02 start end to end training data generation, amount of data to generate: 10
23:10:02 sample: 0
23:10:06 start logging
23:10:06 gpu available: False | n of gpus: 0
23:10:08 Velocity models: diag__3l__cp__hf__bp_m; (10, 256, 256)
23:10:08 start end to end training data generation, amount of data to generate: 10
23:10:08 sample: 0
23:10:12 start logging
23:10:12 gpu available: False | n of gpus: 0
23:10:15 Velocity models: diag__3l__cp__hf__bp_m; (10, 256, 256)
23:10:15 start end to end training data generation, amount of data to generate: 10
23:10:15 sample: 0
23:10:46 start logging
23:10:46 gpu available: False | n of gpus: 0
23:10:49 Velocity models: diag__3l__cp__hf__bp_m; (10, 256, 256)
23:10:50 start end to end training data generation, amount of data to generate: 10
23:10:50 sample: 0
23:11:44 start logging
23:11:44 gpu available: False | n of gpus: 0
23:11:56 start logging
23:11:56 gpu available: False | n of gpus: 0
23:11:58 Velocity models: diag__3l__cp__hf__bp_m; (10, 256, 256)
23:11:58 start end to end training data generation, amount of data to generate: 10
23:11:58 sample: 0
23:12:36 start logging
23:12:36 gpu available: False | n of gpus: 0
23:12:39 Velocity models: diag__3l__cp__hf__bp_m; (10, 256, 256)
23:12:39 start end to end training data generation, amount of data to generate: 10
23:12:39 sample: 0
00:06:39 start logging
17:54:43 start logging
17:55:53 start logging
17:56:22 start logging
17:57:03 start logging
17:57:08 Velocity models: diag__3l__cp__hf__bp_m; (10, 384, 384)
17:57:09 start end to end training data generation, amount of data to generate: 10
17:57:09 sample: 0
17:59:40 start logging
17:59:47 Velocity models: diag__3l__cp__hf__bp_m; (10, 384, 384)
17:59:47 start end to end training data generation, amount of data to generate: 10
17:59:47 sample: 0
18:00:32 start logging
18:00:37 Velocity models: diag__3l__cp__hf__bp_m; (10, 384, 384)
18:00:37 start end to end training data generation, amount of data to generate: 10
18:00:37 sample: 0
18:01:11 sample: 1
18:01:46 sample: 2
18:02:20 sample: 3
18:02:54 sample: 4
18:03:25 sample: 5
18:03:57 sample: 6
18:04:28 sample: 7
18:04:59 sample: 8
18:05:30 sample: 9
20:08:31 start logging
20:10:23 start logging
20:12:37 start logging
20:13:33 start logging
20:14:01 start logging
20:14:03 Velocity models: diag__3l__cp__hf__bp_m; (10, 256, 256)
20:14:03 start end to end training data generation, amount of data to generate: 10
20:14:03 sample: 0
20:16:01 start logging
20:16:04 Velocity models: diag__3l__cp__hf__bp_m; (10, 256, 256)
20:16:04 start end to end training data generation, amount of data to generate: 10
20:16:04 sample: 0
20:16:51 start logging
20:16:53 Velocity models: diag__3l__cp__hf__bp_m; (10, 256, 256)
20:16:53 start end to end training data generation, amount of data to generate: 10
20:16:53 sample: 0
20:17:31 start logging
20:17:33 Velocity models: diag__3l__cp__hf__bp_m; (10, 256, 256)
20:17:33 start end to end training data generation, amount of data to generate: 10
20:17:33 sample: 0
20:18:25 start logging
20:18:27 Velocity models: diag__3l__cp__hf__bp_m; (10, 256, 256)
20:18:27 start end to end training data generation, amount of data to generate: 10
20:18:27 sample: 0
20:21:46 start logging
20:21:49 Velocity models: diag__3l__cp__hf__bp_m; (10, 256, 256)
20:21:49 start end to end training data generation, amount of data to generate: 10
20:21:49 sample: 0
20:22:01 start logging
20:22:01 Velocity models: diag; (10, 256, 256)
20:22:01 start end to end training data generation, amount of data to generate: 10
20:22:01 sample: 0
20:22:11 start logging
20:22:11 Velocity models: 3l; (10, 256, 256)
20:22:11 start end to end training data generation, amount of data to generate: 10
20:22:11 sample: 0
20:22:19 start logging
20:22:20 Velocity models: cp; (10, 256, 256)
20:22:20 start end to end training data generation, amount of data to generate: 10
20:22:20 sample: 0
20:22:33 start logging
20:22:35 Velocity models: cp; (10, 256, 256)
20:22:35 start end to end training data generation, amount of data to generate: 10
20:22:35 sample: 0
20:23:17 start logging
20:23:19 Velocity models: cp; (10, 256, 256)
20:23:19 start end to end training data generation, amount of data to generate: 10
20:23:19 sample: 0
20:23:43 start logging
20:23:44 Velocity models: cp; (10, 256, 256)
20:23:44 start end to end training data generation, amount of data to generate: 10
20:23:44 sample: 0
20:24:05 start logging
20:24:05 Velocity models: hf; (10, 256, 256)
20:24:05 start end to end training data generation, amount of data to generate: 10
20:24:05 sample: 0
20:24:18 start logging
20:24:19 Velocity models: bp_m; (10, 256, 256)
20:24:19 start end to end training data generation, amount of data to generate: 10
20:24:19 sample: 0
20:24:47 start logging
20:24:47 Velocity models: bp_m; (400, 256, 256)
20:24:47 start end to end training data generation, amount of data to generate: 400
20:24:47 sample: 0
20:25:17 start logging
20:25:20 Velocity models: diag__3l__cp__hf__bp_m; (600, 256, 256)
20:25:20 start end to end training data generation, amount of data to generate: 600
20:25:20 sample: 0
20:26:02 start logging
20:26:26 start logging
20:26:29 Velocity models: diag__3l__cp__hf__bp_m; (10, 256, 256)
20:26:29 start end to end training data generation, amount of data to generate: 10
20:26:29 sample: 0
20:26:58 start logging
20:27:01 Velocity models: diag__3l__cp__hf__bp_m; (10, 256, 256)
20:27:01 start end to end training data generation, amount of data to generate: 10
20:27:01 sample: 0
20:27:36 start logging
20:27:39 Velocity models: diag__3l__cp__hf__bp_m; (10, 256, 256)
20:27:39 start end to end training data generation, amount of data to generate: 10
20:27:39 sample: 0
20:28:09 start logging
20:28:12 Velocity models: diag__3l__cp__hf__bp_m; (10, 256, 256)
20:28:12 start end to end training data generation, amount of data to generate: 10
20:28:12 sample: 0
20:28:27 sample: 1
20:28:42 start logging
20:28:45 Velocity models: diag__3l__cp__hf__bp_m; (10, 256, 256)
20:28:45 start end to end training data generation, amount of data to generate: 10
20:28:45 sample: 0
20:29:29 start logging
20:29:31 Velocity models: diag__3l__cp__hf__bp_m; (10, 256, 256)
20:29:31 start end to end training data generation, amount of data to generate: 10
20:29:31 sample: 0
20:29:47 start logging
20:29:49 Velocity models: diag__3l__cp__hf__bp_m; (10, 256, 256)
20:29:49 start end to end training data generation, amount of data to generate: 10
20:29:49 sample: 0
20:30:33 start logging
20:30:36 Velocity models: diag__3l__cp__hf__bp_m; (10, 256, 256)
20:30:36 start end to end training data generation, amount of data to generate: 10
20:30:36 sample: 0
20:31:26 start logging
20:31:29 Velocity models: diag__3l__cp__hf__bp_m; (10, 256, 256)
20:31:29 start end to end training data generation, amount of data to generate: 10
20:31:29 sample: 0
20:32:04 start logging
20:32:07 Velocity models: diag__3l__cp__hf__bp_m; (10, 256, 256)
20:32:07 start end to end training data generation, amount of data to generate: 10
20:32:07 sample: 0
20:32:22 start logging
20:32:26 Velocity models: diag__3l__cp__hf__bp_m; (10, 256, 256)
20:32:26 start end to end training data generation, amount of data to generate: 10
20:32:26 sample: 0
20:32:48 start logging
20:32:50 Velocity models: diag__3l__cp__hf__bp_m; (10, 256, 256)
20:32:50 start end to end training data generation, amount of data to generate: 10
20:32:50 sample: 0
20:33:04 start logging
20:33:07 Velocity models: diag__3l__cp__hf__bp_m; (10, 256, 256)
20:33:07 start end to end training data generation, amount of data to generate: 10
20:33:07 sample: 0
20:33:22 sample: 1
20:33:28 start logging
20:33:30 Velocity models: diag__3l__cp__hf__bp_m; (10, 256, 256)
20:33:30 start end to end training data generation, amount of data to generate: 10
20:33:30 sample: 0
20:33:46 sample: 1
20:34:03 sample: 2
20:34:19 start logging
20:34:21 Velocity models: diag__3l__cp__hf__bp_m; (10, 256, 256)
20:34:21 start end to end training data generation, amount of data to generate: 10
20:34:21 sample: 0
20:34:35 sample: 1
20:34:49 sample: 2
20:35:03 sample: 3
20:35:17 sample: 4
20:35:28 sample: 5
20:35:40 sample: 6
20:35:53 sample: 7
20:36:05 sample: 8
20:36:17 sample: 9
20:36:29 start logging
20:36:32 Velocity models: diag__3l__cp__hf__bp_m; (10, 256, 256)
20:36:32 start end to end training data generation, amount of data to generate: 10
20:36:32 sample: 0
20:36:46 sample: 1
20:37:00 sample: 2
20:37:13 sample: 3
20:37:25 sample: 4
20:37:36 sample: 5
20:37:49 sample: 6
20:38:04 sample: 7
20:55:44 start logging
20:55:46 Velocity models: diag__3l__cp__hf__bp_m; (600, 256, 256)
20:55:46 start end to end training data generation, amount of data to generate: 600
20:55:46 sample: 0
20:58:06 start logging
20:58:18 start logging
20:58:21 Velocity models: diag__3l__cp__hf__bp_m; (600, 256, 256)
20:58:21 start end to end training data generation, amount of data to generate: 600
20:58:21 sample: 0
20:58:52 start logging
20:58:55 Velocity models: diag__3l__cp__hf__bp_m; (600, 256, 256)
20:58:55 start end to end training data generation, amount of data to generate: 600
20:58:55 sample: 0
20:59:06 sample: 1
20:59:16 sample: 2
20:59:33 start logging
20:59:35 Velocity models: diag__3l__cp__hf__bp_m; (10, 256, 256)
20:59:35 start end to end training data generation, amount of data to generate: 10
20:59:35 sample: 0
20:59:45 sample: 1
20:59:55 sample: 2
21:00:05 sample: 3
21:00:15 sample: 4
21:00:25 sample: 5
21:00:35 sample: 6
21:00:47 start logging
21:01:02 start logging
21:01:05 Velocity models: diag__3l__cp__hf__bp_m; (10, 256, 256)
21:01:05 start end to end training data generation, amount of data to generate: 10
21:01:05 sample: 0
21:01:16 sample: 1
21:01:26 sample: 2
21:01:36 sample: 3
21:01:46 sample: 4
21:02:04 sample: 5
21:02:22 sample: 6
21:02:33 sample: 7
21:02:44 sample: 8
21:02:54 sample: 9
21:27:16 start logging
21:27:18 Velocity models: diag__3l__cp__hf__bp_m; (10, 256, 256)
21:27:18 start end to end training data generation, amount of data to generate: 10
21:27:18 sample: 0
21:27:46 start logging
21:27:48 Velocity models: diag__3l__cp__hf__bp_m; (10, 256, 256)
21:27:48 start end to end training data generation, amount of data to generate: 10
21:27:48 sample: 0
21:33:27 start logging
21:33:30 Velocity models: diag__3l__cp__hf__bp_m; (10, 256, 256)
21:33:30 start end to end training data generation, amount of data to generate: 10
21:33:30 sample: 0
00:27:08 start logging
00:27:08 Velocity models: diag; (10, 256, 256)
00:27:08 start end to end training data generation, amount of data to generate: 10
00:27:08 sample: 0
00:27:22 sample: 1
00:27:35 sample: 2
00:27:47 sample: 3
00:27:55 sample: 4
00:28:03 sample: 5
00:28:14 sample: 6
00:28:25 sample: 7
00:28:34 sample: 8
00:28:43 sample: 9
00:37:31 start logging
00:37:31 Velocity models: diag; (10, 256, 256)
00:37:31 start end to end training data generation, amount of data to generate: 10
00:37:31 sample: 0
00:37:51 start logging
00:37:51 Velocity models: diag; (10, 256, 256)
00:37:51 start end to end training data generation, amount of data to generate: 10
00:37:51 sample: 0
00:37:59 sample: 1
00:38:05 sample: 2
00:38:10 sample: 3
00:38:18 sample: 4
00:38:25 sample: 5
00:38:31 sample: 6
00:38:36 sample: 7
00:38:42 sample: 8
00:38:48 sample: 9
00:41:36 start logging
00:41:36 Velocity models: diag; (10, 256, 256)
00:41:36 start end to end training data generation, amount of data to generate: 10
00:41:36 sample: 0
00:42:05 start logging
00:42:05 Velocity models: diag; (10, 256, 256)
00:42:05 start end to end training data generation, amount of data to generate: 10
00:42:05 sample: 0
00:42:11 sample: 1
00:42:17 sample: 2
01:29:43 start logging
01:29:44 Velocity models: diag; (10, 256, 256)
01:29:44 start end to end training data generation, amount of data to generate: 10
01:29:44 sample: 0
01:29:50 sample: 1
01:29:55 sample: 2
01:30:01 sample: 3
01:30:07 sample: 4
01:30:12 sample: 5
01:30:18 sample: 6
01:30:24 sample: 7
01:30:29 sample: 8
01:30:35 sample: 9
15:13:39 start logging
15:13:43 Velocity models: diag__3l__cp__hf__bp_m; (10, 256, 256)
15:13:43 start end to end training data generation, amount of data to generate: 10
15:13:43 sample: 0
15:14:50 start logging
15:14:53 Velocity models: diag__3l__cp__hf__bp_m; (10, 256, 256)
15:14:53 start end to end training data generation, amount of data to generate: 10
15:14:53 sample: 0
15:16:53 start logging
15:16:56 Velocity models: diag__3l__cp__hf__bp_m; (10, 256, 256)
15:16:56 start end to end training data generation, amount of data to generate: 10
15:16:56 sample: 0
15:17:16 start logging
15:17:19 Velocity models: diag__3l__cp__hf__bp_m; (10, 256, 256)
15:17:19 start end to end training data generation, amount of data to generate: 10
15:17:19 sample: 0
15:17:48 start logging
15:17:50 Velocity models: diag__3l__cp__hf__bp_m; (10, 256, 256)
15:17:50 start end to end training data generation, amount of data to generate: 10
15:17:50 sample: 0
15:18:24 start logging
15:18:27 Velocity models: diag__3l__cp__hf__bp_m; (10, 256, 256)
15:18:27 start end to end training data generation, amount of data to generate: 10
15:18:27 sample: 0
15:18:33 sample: 1
15:18:45 start logging
15:18:48 Velocity models: diag__3l__cp__hf__bp_m; (10, 256, 256)
15:18:48 start end to end training data generation, amount of data to generate: 10
15:18:48 sample: 0
15:19:38 start logging
15:19:42 Velocity models: diag__3l__cp__hf__bp_m; (10, 256, 256)
15:19:42 start end to end training data generation, amount of data to generate: 10
15:19:42 sample: 0
15:20:14 start logging
15:20:17 Velocity models: diag__3l__cp__hf__bp_m; (10, 256, 256)
15:20:17 start end to end training data generation, amount of data to generate: 10
15:20:17 sample: 0
15:21:18 start logging
15:21:20 Velocity models: diag__3l__cp__hf__bp_m; (10, 256, 256)
15:21:20 start end to end training data generation, amount of data to generate: 10
15:21:20 sample: 0
15:22:19 start logging
15:22:22 Velocity models: diag__3l__cp__hf__bp_m; (10, 256, 256)
15:22:22 start end to end training data generation, amount of data to generate: 10
15:22:22 sample: 0
15:22:46 start logging
15:22:48 Velocity models: diag__3l__cp__hf__bp_m; (10, 256, 256)
15:22:48 start end to end training data generation, amount of data to generate: 10
15:22:48 sample: 0
15:23:25 start logging
15:23:28 Velocity models: diag__3l__cp__hf__bp_m; (10, 256, 256)
15:23:28 start end to end training data generation, amount of data to generate: 10
15:23:28 sample: 0
15:26:05 start logging
15:26:08 Velocity models: diag__3l__cp__hf__bp_m; (10, 256, 256)
15:26:08 start end to end training data generation, amount of data to generate: 10
15:26:08 sample: 0
15:26:41 start logging
15:26:44 Velocity models: diag__3l__cp__hf__bp_m; (10, 256, 256)
15:26:44 start end to end training data generation, amount of data to generate: 10
15:26:44 sample: 0
15:26:54 sample: 1
15:27:04 sample: 2
15:27:13 sample: 3
15:27:23 sample: 4
15:27:31 sample: 5
15:27:40 sample: 6
15:27:48 sample: 7
15:27:58 sample: 8
15:28:07 sample: 9
16:23:43 start logging
16:23:46 Velocity models: diag__3l__cp__hf__bp_m; (10, 256, 256)
16:23:46 start end to end training data generation, amount of data to generate: 10
16:23:46 sample: 0
16:24:03 sample: 1
16:24:16 sample: 2
16:24:30 sample: 3
16:24:44 sample: 4
16:24:58 sample: 5
16:25:11 sample: 6
16:25:24 sample: 7
16:25:38 sample: 8
16:25:51 sample: 9
16:26:33 start logging
16:26:36 Velocity models: diag__3l__cp__hf__bp_m; (10, 256, 256)
16:26:36 start end to end training data generation, amount of data to generate: 10
16:26:36 sample: 0
